INFO  - 2017-02-05 14:30:14.674; [   ] org.eclipse.jetty.util.log.Log; Logging initialized @1577ms
INFO  - 2017-02-05 14:30:14.939; [   ] org.eclipse.jetty.server.Server; jetty-9.3.14.v20161028
INFO  - 2017-02-05 14:30:14.997; [   ] org.eclipse.jetty.deploy.providers.ScanningAppProvider; Deployment monitor [file:///C:/Users/user/Desktop/CE6/CZ4034/Project/solr-6.4.0/solr-6.4.0/server/contexts/] at interval 0
INFO  - 2017-02-05 14:30:15.633; [   ] org.eclipse.jetty.webapp.StandardDescriptorProcessor; NO JSP Support for /solr, did not find org.apache.jasper.servlet.JspServlet
INFO  - 2017-02-05 14:30:15.668; [   ] org.apache.solr.servlet.SolrDispatchFilter;  ___      _       Welcome to Apache Solr? version 6.4.0
INFO  - 2017-02-05 14:30:15.672; [   ] org.apache.solr.servlet.SolrDispatchFilter; / __| ___| |_ _   Starting in cloud mode on port 7574
INFO  - 2017-02-05 14:30:15.698; [   ] org.apache.solr.servlet.SolrDispatchFilter; \__ \/ _ \ | '_|  Install dir: C:\Users\user\Desktop\CE6\CZ4034\Project\solr-6.4.0\solr-6.4.0
INFO  - 2017-02-05 14:30:15.712; [   ] org.apache.solr.servlet.SolrDispatchFilter; |___/\___/_|_|    Start time: 2017-02-05T14:30:15.699Z
INFO  - 2017-02-05 14:30:15.729; [   ] org.apache.solr.core.SolrResourceLoader; Using system property solr.solr.home: C:\Users\user\Desktop\CE6\CZ4034\Project\solr-6.4.0\solr-6.4.0\example\cloud\node2\solr
INFO  - 2017-02-05 14:30:15.809; [   ] org.apache.solr.servlet.SolrDispatchFilter; Loading solr.xml from SolrHome (not found in ZooKeeper)
INFO  - 2017-02-05 14:30:15.811; [   ] org.apache.solr.core.SolrXmlConfig; Loading container configuration from C:\Users\user\Desktop\CE6\CZ4034\Project\solr-6.4.0\solr-6.4.0\example\cloud\node2\solr\solr.xml
INFO  - 2017-02-05 14:30:16.068; [   ] org.apache.solr.update.UpdateShardHandler; Creating UpdateShardHandler HTTP client with params: socketTimeout=600000&connTimeout=60000&retry=true
INFO  - 2017-02-05 14:30:16.073; [   ] org.apache.solr.core.ZkContainer; Zookeeper client=localhost:9983
INFO  - 2017-02-05 14:30:16.209; [   ] org.apache.solr.common.cloud.ZkStateReader; Updated live nodes from ZooKeeper... (0) -> (1)
INFO  - 2017-02-05 14:30:16.260; [   ] org.apache.solr.cloud.ZkController; Register node as live in ZooKeeper:/live_nodes/10.27.224.200:7574_solr
INFO  - 2017-02-05 14:30:16.277; [   ] org.apache.solr.common.cloud.ZkStateReader; Updated live nodes from ZooKeeper... (1) -> (2)
INFO  - 2017-02-05 14:30:16.467; [   ] org.apache.solr.core.CorePropertiesLocator; Found 0 core definitions underneath C:\Users\user\Desktop\CE6\CZ4034\Project\solr-6.4.0\solr-6.4.0\example\cloud\node2\solr
INFO  - 2017-02-05 14:30:16.538; [   ] org.eclipse.jetty.server.handler.ContextHandler; Started o.e.j.w.WebAppContext@646d64ab{/solr,file:///C:/Users/user/Desktop/CE6/CZ4034/Project/solr-6.4.0/solr-6.4.0/server/solr-webapp/webapp/,AVAILABLE}{C:\Users\user\Desktop\CE6\CZ4034\Project\solr-6.4.0\solr-6.4.0\server/solr-webapp/webapp}
INFO  - 2017-02-05 14:30:16.545; [   ] org.eclipse.jetty.server.AbstractConnector; Started ServerConnector@4145bad8{HTTP/1.1,[http/1.1]}{0.0.0.0:7574}
INFO  - 2017-02-05 14:30:16.545; [   ] org.eclipse.jetty.server.Server; Started @3451ms
INFO  - 2017-02-05 14:30:17.217; [   ] org.apache.solr.servlet.HttpSolrCall; [admin] webapp=null path=/admin/info/system params={wt=json} status=0 QTime=531
INFO  - 2017-02-05 14:30:17.284; [   ] org.apache.solr.handler.admin.CollectionsHandler; Invoked Collection Action :clusterstatus with params action=CLUSTERSTATUS&wt=json and sendToOCPQueue=true
INFO  - 2017-02-05 14:30:17.287; [   ] org.apache.solr.servlet.HttpSolrCall; [admin] webapp=null path=/admin/collections params={action=CLUSTERSTATUS&wt=json} status=0 QTime=21
INFO  - 2017-02-05 14:30:18.465; [   ] org.apache.solr.servlet.HttpSolrCall; [admin] webapp=null path=/admin/info/system params={wt=json} status=0 QTime=22
INFO  - 2017-02-05 14:30:18.474; [   ] org.apache.solr.handler.admin.CollectionsHandler; Invoked Collection Action :clusterstatus with params action=CLUSTERSTATUS&wt=json and sendToOCPQueue=true
INFO  - 2017-02-05 14:30:18.477; [   ] org.apache.solr.servlet.HttpSolrCall; [admin] webapp=null path=/admin/collections params={action=CLUSTERSTATUS&wt=json} status=0 QTime=3
INFO  - 2017-02-05 14:30:19.324; [   ] org.apache.solr.handler.admin.CoreAdminOperation; core create command qt=/admin/cores&collection.configName=gettingstarted&newCollection=true&name=gettingstarted_shard1_replica1&action=CREATE&numShards=2&collection=gettingstarted&shard=shard1&wt=javabin&version=2
INFO  - 2017-02-05 14:30:19.325; [   ] org.apache.solr.handler.admin.CoreAdminOperation; core create command qt=/admin/cores&collection.configName=gettingstarted&newCollection=true&name=gettingstarted_shard2_replica1&action=CREATE&numShards=2&collection=gettingstarted&shard=shard2&wt=javabin&version=2
INFO  - 2017-02-05 14:30:19.509; [   ] org.apache.solr.common.cloud.ZkStateReader$StateWatcher; A cluster state change: [WatchedEvent state:SyncConnected type:NodeDataChanged path:/collections/gettingstarted/state.json] for collection [gettingstarted] has occurred - updating... (live nodes size: [2])
INFO  - 2017-02-05 14:30:20.527; [c:gettingstarted s:shard1  x:gettingstarted_shard1_replica1] org.apache.solr.core.RequestParams; conf resource params.json loaded . version : 0 
INFO  - 2017-02-05 14:30:20.528; [c:gettingstarted s:shard1  x:gettingstarted_shard1_replica1] org.apache.solr.core.RequestParams; request params refreshed to version 0
INFO  - 2017-02-05 14:30:20.537; [c:gettingstarted s:shard2  x:gettingstarted_shard2_replica1] org.apache.solr.core.RequestParams; conf resource params.json loaded . version : 0 
INFO  - 2017-02-05 14:30:20.537; [c:gettingstarted s:shard2  x:gettingstarted_shard2_replica1] org.apache.solr.core.RequestParams; request params refreshed to version 0
INFO  - 2017-02-05 14:30:20.578; [c:gettingstarted s:shard2  x:gettingstarted_shard2_replica1] org.apache.solr.core.SolrResourceLoader; [gettingstarted_shard2_replica1] Added 51 libs to classloader, from paths: [/C:/Users/user/Desktop/CE6/CZ4034/Project/solr-6.4.0/solr-6.4.0/contrib/clustering/lib, /C:/Users/user/Desktop/CE6/CZ4034/Project/solr-6.4.0/solr-6.4.0/contrib/extraction/lib, /C:/Users/user/Desktop/CE6/CZ4034/Project/solr-6.4.0/solr-6.4.0/contrib/langid/lib, /C:/Users/user/Desktop/CE6/CZ4034/Project/solr-6.4.0/solr-6.4.0/contrib/velocity/lib, /C:/Users/user/Desktop/CE6/CZ4034/Project/solr-6.4.0/solr-6.4.0/dist]
INFO  - 2017-02-05 14:30:20.580; [c:gettingstarted s:shard1  x:gettingstarted_shard1_replica1] org.apache.solr.core.SolrResourceLoader; [gettingstarted_shard1_replica1] Added 51 libs to classloader, from paths: [/C:/Users/user/Desktop/CE6/CZ4034/Project/solr-6.4.0/solr-6.4.0/contrib/clustering/lib, /C:/Users/user/Desktop/CE6/CZ4034/Project/solr-6.4.0/solr-6.4.0/contrib/extraction/lib, /C:/Users/user/Desktop/CE6/CZ4034/Project/solr-6.4.0/solr-6.4.0/contrib/langid/lib, /C:/Users/user/Desktop/CE6/CZ4034/Project/solr-6.4.0/solr-6.4.0/contrib/velocity/lib, /C:/Users/user/Desktop/CE6/CZ4034/Project/solr-6.4.0/solr-6.4.0/dist]
INFO  - 2017-02-05 14:30:21.123; [c:gettingstarted s:shard1  x:gettingstarted_shard1_replica1] org.apache.solr.core.SolrConfig; Using Lucene MatchVersion: 6.4.0
INFO  - 2017-02-05 14:30:21.130; [c:gettingstarted s:shard2  x:gettingstarted_shard2_replica1] org.apache.solr.core.SolrConfig; Using Lucene MatchVersion: 6.4.0
INFO  - 2017-02-05 14:30:21.505; [c:gettingstarted s:shard1  x:gettingstarted_shard1_replica1] org.apache.solr.schema.IndexSchema; [gettingstarted_shard1_replica1] Schema name=example-data-driven-schema
INFO  - 2017-02-05 14:30:21.509; [c:gettingstarted s:shard2  x:gettingstarted_shard2_replica1] org.apache.solr.schema.IndexSchema; [gettingstarted_shard2_replica1] Schema name=example-data-driven-schema
WARN  - 2017-02-05 14:30:21.775; [c:gettingstarted s:shard1  x:gettingstarted_shard1_replica1] org.apache.solr.core.SolrResourceLoader; Solr loaded a deprecated plugin/analysis class [solr.SynonymFilterFactory]. Please consult documentation how to replace it accordingly.
INFO  - 2017-02-05 14:30:23.000; [c:gettingstarted s:shard1  x:gettingstarted_shard1_replica1] org.apache.solr.schema.IndexSchema; Loaded schema example-data-driven-schema/1.6 with uniqueid field id
INFO  - 2017-02-05 14:30:23.044; [c:gettingstarted s:shard2  x:gettingstarted_shard2_replica1] org.apache.solr.schema.IndexSchema; Loaded schema example-data-driven-schema/1.6 with uniqueid field id
INFO  - 2017-02-05 14:30:23.388; [c:gettingstarted s:shard1  x:gettingstarted_shard1_replica1] org.apache.solr.core.CoreContainer; Creating SolrCore 'gettingstarted_shard1_replica1' using configuration from collection gettingstarted
INFO  - 2017-02-05 14:30:23.418; [c:gettingstarted s:shard2  x:gettingstarted_shard2_replica1] org.apache.solr.core.CoreContainer; Creating SolrCore 'gettingstarted_shard2_replica1' using configuration from collection gettingstarted
INFO  - 2017-02-05 14:30:23.429; [c:gettingstarted s:shard1  x:gettingstarted_shard1_replica1] org.apache.solr.core.SolrCore; [[gettingstarted_shard1_replica1] ] Opening new SolrCore at [C:\Users\user\Desktop\CE6\CZ4034\Project\solr-6.4.0\solr-6.4.0\example\cloud\node2\solr\gettingstarted_shard1_replica1], dataDir=[C:\Users\user\Desktop\CE6\CZ4034\Project\solr-6.4.0\solr-6.4.0\example\cloud\node2\solr\gettingstarted_shard1_replica1\data\]
INFO  - 2017-02-05 14:30:23.437; [c:gettingstarted s:shard2  x:gettingstarted_shard2_replica1] org.apache.solr.core.SolrCore; [[gettingstarted_shard2_replica1] ] Opening new SolrCore at [C:\Users\user\Desktop\CE6\CZ4034\Project\solr-6.4.0\solr-6.4.0\example\cloud\node2\solr\gettingstarted_shard2_replica1], dataDir=[C:\Users\user\Desktop\CE6\CZ4034\Project\solr-6.4.0\solr-6.4.0\example\cloud\node2\solr\gettingstarted_shard2_replica1\data\]
INFO  - 2017-02-05 14:30:23.439; [c:gettingstarted s:shard1  x:gettingstarted_shard1_replica1] org.apache.solr.core.JmxMonitoredMap; JMX monitoring is enabled. Adding Solr mbeans to JMX Server: com.sun.jmx.mbeanserver.JmxMBeanServer@4d0f2471
INFO  - 2017-02-05 14:30:23.439; [c:gettingstarted s:shard2  x:gettingstarted_shard2_replica1] org.apache.solr.core.JmxMonitoredMap; JMX monitoring is enabled. Adding Solr mbeans to JMX Server: com.sun.jmx.mbeanserver.JmxMBeanServer@4d0f2471
INFO  - 2017-02-05 14:30:23.649; [c:gettingstarted s:shard1  x:gettingstarted_shard1_replica1] org.apache.solr.response.XSLTResponseWriter; xsltCacheLifetimeSeconds=5
INFO  - 2017-02-05 14:30:23.669; [c:gettingstarted s:shard2  x:gettingstarted_shard2_replica1] org.apache.solr.response.XSLTResponseWriter; xsltCacheLifetimeSeconds=5
INFO  - 2017-02-05 14:30:25.439; [c:gettingstarted s:shard2  x:gettingstarted_shard2_replica1] org.apache.solr.update.UpdateHandler; Using UpdateLog implementation: org.apache.solr.update.UpdateLog
INFO  - 2017-02-05 14:30:25.439; [c:gettingstarted s:shard1  x:gettingstarted_shard1_replica1] org.apache.solr.update.UpdateHandler; Using UpdateLog implementation: org.apache.solr.update.UpdateLog
INFO  - 2017-02-05 14:30:25.442; [c:gettingstarted s:shard2  x:gettingstarted_shard2_replica1] org.apache.solr.update.UpdateLog; Initializing UpdateLog: dataDir= defaultSyncLevel=FLUSH numRecordsToKeep=100 maxNumLogsToKeep=10 numVersionBuckets=65536
INFO  - 2017-02-05 14:30:25.443; [c:gettingstarted s:shard1  x:gettingstarted_shard1_replica1] org.apache.solr.update.UpdateLog; Initializing UpdateLog: dataDir= defaultSyncLevel=FLUSH numRecordsToKeep=100 maxNumLogsToKeep=10 numVersionBuckets=65536
INFO  - 2017-02-05 14:30:25.453; [c:gettingstarted s:shard2  x:gettingstarted_shard2_replica1] org.apache.solr.update.CommitTracker; Hard AutoCommit: if uncommited for 15000ms; 
INFO  - 2017-02-05 14:30:25.453; [c:gettingstarted s:shard1  x:gettingstarted_shard1_replica1] org.apache.solr.update.CommitTracker; Hard AutoCommit: if uncommited for 15000ms; 
INFO  - 2017-02-05 14:30:25.454; [c:gettingstarted s:shard2  x:gettingstarted_shard2_replica1] org.apache.solr.update.CommitTracker; Soft AutoCommit: disabled
INFO  - 2017-02-05 14:30:25.455; [c:gettingstarted s:shard1  x:gettingstarted_shard1_replica1] org.apache.solr.update.CommitTracker; Soft AutoCommit: disabled
INFO  - 2017-02-05 14:30:25.484; [c:gettingstarted s:shard1  x:gettingstarted_shard1_replica1] org.apache.solr.search.SolrIndexSearcher; Opening [Searcher@15844f94[gettingstarted_shard1_replica1] main]
INFO  - 2017-02-05 14:30:25.484; [c:gettingstarted s:shard2  x:gettingstarted_shard2_replica1] org.apache.solr.search.SolrIndexSearcher; Opening [Searcher@1e92c03[gettingstarted_shard2_replica1] main]
INFO  - 2017-02-05 14:30:25.498; [c:gettingstarted s:shard2  x:gettingstarted_shard2_replica1] org.apache.solr.rest.ManagedResourceStorage$ZooKeeperStorageIO; Configured ZooKeeperStorageIO with znodeBase: /configs/gettingstarted
INFO  - 2017-02-05 14:30:25.498; [c:gettingstarted s:shard1  x:gettingstarted_shard1_replica1] org.apache.solr.rest.ManagedResourceStorage$ZooKeeperStorageIO; Configured ZooKeeperStorageIO with znodeBase: /configs/gettingstarted
INFO  - 2017-02-05 14:30:25.514; [c:gettingstarted s:shard2  x:gettingstarted_shard2_replica1] org.apache.solr.rest.ManagedResourceStorage; Loaded null at path _rest_managed.json using ZooKeeperStorageIO:path=/configs/gettingstarted
INFO  - 2017-02-05 14:30:25.515; [c:gettingstarted s:shard1  x:gettingstarted_shard1_replica1] org.apache.solr.rest.ManagedResourceStorage; Loaded null at path _rest_managed.json using ZooKeeperStorageIO:path=/configs/gettingstarted
INFO  - 2017-02-05 14:30:25.516; [c:gettingstarted s:shard2  x:gettingstarted_shard2_replica1] org.apache.solr.schema.ZkIndexSchemaReader; Creating ZooKeeper watch for the managed schema at /configs/gettingstarted/managed-schema
INFO  - 2017-02-05 14:30:25.516; [c:gettingstarted s:shard1  x:gettingstarted_shard1_replica1] org.apache.solr.schema.ZkIndexSchemaReader; Creating ZooKeeper watch for the managed schema at /configs/gettingstarted/managed-schema
INFO  - 2017-02-05 14:30:25.520; [c:gettingstarted s:shard2  x:gettingstarted_shard2_replica1] org.apache.solr.schema.ZkIndexSchemaReader; Current schema version 0 is already the latest
INFO  - 2017-02-05 14:30:25.521; [c:gettingstarted s:shard1  x:gettingstarted_shard1_replica1] org.apache.solr.schema.ZkIndexSchemaReader; Current schema version 0 is already the latest
INFO  - 2017-02-05 14:30:25.531; [c:gettingstarted s:shard1  x:gettingstarted_shard1_replica1] org.apache.solr.handler.component.SpellCheckComponent; Initializing spell checkers
INFO  - 2017-02-05 14:30:25.531; [c:gettingstarted s:shard2  x:gettingstarted_shard2_replica1] org.apache.solr.handler.component.SpellCheckComponent; Initializing spell checkers
INFO  - 2017-02-05 14:30:25.540; [c:gettingstarted s:shard1  x:gettingstarted_shard1_replica1] org.apache.solr.spelling.DirectSolrSpellChecker; init: {name=default,field=_text_,classname=solr.DirectSolrSpellChecker,distanceMeasure=internal,accuracy=0.5,maxEdits=2,minPrefix=1,maxInspections=5,minQueryLength=4,maxQueryFrequency=0.01}
INFO  - 2017-02-05 14:30:25.540; [c:gettingstarted s:shard2  x:gettingstarted_shard2_replica1] org.apache.solr.spelling.DirectSolrSpellChecker; init: {name=default,field=_text_,classname=solr.DirectSolrSpellChecker,distanceMeasure=internal,accuracy=0.5,maxEdits=2,minPrefix=1,maxInspections=5,minQueryLength=4,maxQueryFrequency=0.01}
INFO  - 2017-02-05 14:30:25.556; [c:gettingstarted s:shard2  x:gettingstarted_shard2_replica1] org.apache.solr.handler.ReplicationHandler; Commits will be reserved for  10000
INFO  - 2017-02-05 14:30:25.558; [c:gettingstarted s:shard1  x:gettingstarted_shard1_replica1] org.apache.solr.handler.ReplicationHandler; Commits will be reserved for  10000
INFO  - 2017-02-05 14:30:25.593; [c:gettingstarted s:shard1  x:gettingstarted_shard1_replica1] org.apache.solr.core.QuerySenderListener; QuerySenderListener sending requests to Searcher@15844f94[gettingstarted_shard1_replica1] main{ExitableDirectoryReader(UninvertingDirectoryReader())}
INFO  - 2017-02-05 14:30:25.594; [c:gettingstarted s:shard1  x:gettingstarted_shard1_replica1] org.apache.solr.core.QuerySenderListener; QuerySenderListener done.
INFO  - 2017-02-05 14:30:25.594; [c:gettingstarted s:shard1  x:gettingstarted_shard1_replica1] org.apache.solr.handler.component.SpellCheckComponent$SpellCheckerListener; Loading spell index for spellchecker: default
INFO  - 2017-02-05 14:30:25.595; [c:gettingstarted s:shard2  x:gettingstarted_shard2_replica1] org.apache.solr.core.QuerySenderListener; QuerySenderListener sending requests to Searcher@1e92c03[gettingstarted_shard2_replica1] main{ExitableDirectoryReader(UninvertingDirectoryReader())}
INFO  - 2017-02-05 14:30:25.600; [c:gettingstarted s:shard2  x:gettingstarted_shard2_replica1] org.apache.solr.core.QuerySenderListener; QuerySenderListener done.
INFO  - 2017-02-05 14:30:25.601; [c:gettingstarted s:shard2  x:gettingstarted_shard2_replica1] org.apache.solr.handler.component.SpellCheckComponent$SpellCheckerListener; Loading spell index for spellchecker: default
INFO  - 2017-02-05 14:30:25.600; [c:gettingstarted s:shard1  x:gettingstarted_shard1_replica1] org.apache.solr.core.SolrCore; [gettingstarted_shard1_replica1] Registered new searcher Searcher@15844f94[gettingstarted_shard1_replica1] main{ExitableDirectoryReader(UninvertingDirectoryReader())}
INFO  - 2017-02-05 14:30:25.603; [c:gettingstarted s:shard2  x:gettingstarted_shard2_replica1] org.apache.solr.core.SolrCore; [gettingstarted_shard2_replica1] Registered new searcher Searcher@1e92c03[gettingstarted_shard2_replica1] main{ExitableDirectoryReader(UninvertingDirectoryReader())}
INFO  - 2017-02-05 14:30:25.611; [c:gettingstarted s:shard1  x:gettingstarted_shard1_replica1] org.apache.solr.update.UpdateLog; Could not find max version in index or recent updates, using new clock 1558503778535079936
INFO  - 2017-02-05 14:30:25.611; [c:gettingstarted s:shard2  x:gettingstarted_shard2_replica1] org.apache.solr.update.UpdateLog; Could not find max version in index or recent updates, using new clock 1558503778535079936
INFO  - 2017-02-05 14:30:25.694; [c:gettingstarted s:shard1  x:gettingstarted_shard1_replica1] org.apache.solr.cloud.ShardLeaderElectionContext; Enough replicas found to continue.
INFO  - 2017-02-05 14:30:25.694; [c:gettingstarted s:shard1  x:gettingstarted_shard1_replica1] org.apache.solr.cloud.ShardLeaderElectionContext; I may be the new leader - try and sync
INFO  - 2017-02-05 14:30:25.695; [c:gettingstarted s:shard1  x:gettingstarted_shard1_replica1] org.apache.solr.cloud.SyncStrategy; Sync replicas to http://10.27.224.200:7574/solr/gettingstarted_shard1_replica1/
INFO  - 2017-02-05 14:30:25.700; [c:gettingstarted s:shard1  x:gettingstarted_shard1_replica1] org.apache.solr.update.PeerSync; PeerSync: core=gettingstarted_shard1_replica1 url=http://10.27.224.200:7574/solr START replicas=[http://10.27.224.200:8983/solr/gettingstarted_shard1_replica2/] nUpdates=100
INFO  - 2017-02-05 14:30:25.703; [c:gettingstarted s:shard1  x:gettingstarted_shard1_replica1] org.apache.solr.update.PeerSync; PeerSync: core=gettingstarted_shard1_replica1 url=http://10.27.224.200:7574/solr DONE.  We have no versions.  sync failed.
INFO  - 2017-02-05 14:30:25.708; [   ] org.apache.solr.common.cloud.ZkStateReader$StateWatcher; A cluster state change: [WatchedEvent state:SyncConnected type:NodeDataChanged path:/collections/gettingstarted/state.json] for collection [gettingstarted] has occurred - updating... (live nodes size: [2])
INFO  - 2017-02-05 14:30:25.721; [c:gettingstarted s:shard2 r:core_node3 x:gettingstarted_shard2_replica1] org.apache.solr.core.SolrCore; [gettingstarted_shard2_replica1]  webapp=/solr path=/get params={distrib=false&qt=/get&fingerprint=false&getVersions=100&wt=javabin&version=2} status=0 QTime=5
INFO  - 2017-02-05 14:30:25.912; [c:gettingstarted s:shard1  x:gettingstarted_shard1_replica1] org.apache.solr.cloud.SyncStrategy; Leader's attempt to sync with shard failed, moving to the next candidate
INFO  - 2017-02-05 14:30:25.913; [c:gettingstarted s:shard1  x:gettingstarted_shard1_replica1] org.apache.solr.cloud.ShardLeaderElectionContext; We failed sync, but we have no versions - we can't sync in that case - we were active before, so become leader anyway
INFO  - 2017-02-05 14:30:25.926; [   ] org.apache.solr.common.cloud.ZkStateReader$StateWatcher; A cluster state change: [WatchedEvent state:SyncConnected type:NodeDataChanged path:/collections/gettingstarted/state.json] for collection [gettingstarted] has occurred - updating... (live nodes size: [2])
INFO  - 2017-02-05 14:30:25.952; [c:gettingstarted s:shard1  x:gettingstarted_shard1_replica1] org.apache.solr.cloud.ShardLeaderElectionContext; I am the new leader: http://10.27.224.200:7574/solr/gettingstarted_shard1_replica1/ shard1
INFO  - 2017-02-05 14:30:26.088; [   ] org.apache.solr.common.cloud.ZkStateReader$StateWatcher; A cluster state change: [WatchedEvent state:SyncConnected type:NodeDataChanged path:/collections/gettingstarted/state.json] for collection [gettingstarted] has occurred - updating... (live nodes size: [2])
INFO  - 2017-02-05 14:30:26.109; [c:gettingstarted s:shard1  x:gettingstarted_shard1_replica1] org.apache.solr.cloud.ZkController; I am the leader, no recovery necessary
INFO  - 2017-02-05 14:30:26.125; [c:gettingstarted s:shard1  x:gettingstarted_shard1_replica1] org.apache.solr.servlet.HttpSolrCall; [admin] webapp=null path=/admin/cores params={qt=/admin/cores&collection.configName=gettingstarted&newCollection=true&name=gettingstarted_shard1_replica1&action=CREATE&numShards=2&collection=gettingstarted&shard=shard1&wt=javabin&version=2} status=0 QTime=6803
INFO  - 2017-02-05 14:30:26.244; [   ] org.apache.solr.common.cloud.ZkStateReader$StateWatcher; A cluster state change: [WatchedEvent state:SyncConnected type:NodeDataChanged path:/collections/gettingstarted/state.json] for collection [gettingstarted] has occurred - updating... (live nodes size: [2])
INFO  - 2017-02-05 14:30:26.709; [c:gettingstarted s:shard2  x:gettingstarted_shard2_replica1] org.apache.solr.servlet.HttpSolrCall; [admin] webapp=null path=/admin/cores params={qt=/admin/cores&collection.configName=gettingstarted&newCollection=true&name=gettingstarted_shard2_replica1&action=CREATE&numShards=2&collection=gettingstarted&shard=shard2&wt=javabin&version=2} status=0 QTime=7384
INFO  - 2017-02-05 14:30:26.838; [   ] org.apache.solr.common.cloud.ZkStateReader$StateWatcher; A cluster state change: [WatchedEvent state:SyncConnected type:NodeDataChanged path:/collections/gettingstarted/state.json] for collection [gettingstarted] has occurred - updating... (live nodes size: [2])
INFO  - 2017-02-05 14:30:27.846; [   ] org.apache.solr.core.SolrCore; config update listener called for core gettingstarted_shard2_replica1
INFO  - 2017-02-05 14:30:27.852; [   ] org.apache.solr.core.SolrCore; core reload gettingstarted_shard2_replica1
INFO  - 2017-02-05 14:30:27.921; [   ] org.apache.solr.core.RequestParams; conf resource params.json loaded . version : 0 
INFO  - 2017-02-05 14:30:27.922; [   ] org.apache.solr.core.RequestParams; request params refreshed to version 0
INFO  - 2017-02-05 14:30:27.934; [   ] org.apache.solr.core.SolrResourceLoader; [gettingstarted_shard2_replica1] Added 51 libs to classloader, from paths: [/C:/Users/user/Desktop/CE6/CZ4034/Project/solr-6.4.0/solr-6.4.0/contrib/clustering/lib, /C:/Users/user/Desktop/CE6/CZ4034/Project/solr-6.4.0/solr-6.4.0/contrib/extraction/lib, /C:/Users/user/Desktop/CE6/CZ4034/Project/solr-6.4.0/solr-6.4.0/contrib/langid/lib, /C:/Users/user/Desktop/CE6/CZ4034/Project/solr-6.4.0/solr-6.4.0/contrib/velocity/lib, /C:/Users/user/Desktop/CE6/CZ4034/Project/solr-6.4.0/solr-6.4.0/dist]
INFO  - 2017-02-05 14:30:28.001; [c:gettingstarted s:shard1 r:core_node4 x:gettingstarted_shard1_replica1] org.apache.solr.handler.SolrConfigHandler$Command; expecting overlay version 0 but my version is -1
INFO  - 2017-02-05 14:30:28.002; [c:gettingstarted s:shard1 r:core_node4 x:gettingstarted_shard1_replica1] org.apache.solr.core.SolrCore; [gettingstarted_shard1_replica1]  webapp=/solr path=/config/znodeVersion params={overlay=0&wt=javabin&version=2} status=0 QTime=12
INFO  - 2017-02-05 14:30:28.007; [c:gettingstarted s:shard1 r:core_node4 x:gettingstarted_shard1_replica1] org.apache.solr.handler.SolrConfigHandler$Command; Trying to update my configs
INFO  - 2017-02-05 14:30:28.007; [c:gettingstarted s:shard1 r:core_node4 x:gettingstarted_shard1_replica1] org.apache.solr.core.SolrCore; config update listener called for core gettingstarted_shard1_replica1
INFO  - 2017-02-05 14:30:28.011; [c:gettingstarted s:shard2 r:core_node3 x:gettingstarted_shard2_replica1] org.apache.solr.handler.SolrConfigHandler$Command; expecting overlay version 0 but my version is -1
INFO  - 2017-02-05 14:30:28.012; [c:gettingstarted s:shard2 r:core_node3 x:gettingstarted_shard2_replica1] org.apache.solr.core.SolrCore; [gettingstarted_shard2_replica1]  webapp=/solr path=/config/znodeVersion params={overlay=0&wt=javabin&version=2} status=0 QTime=1
INFO  - 2017-02-05 14:30:28.110; [   ] org.apache.solr.core.SolrConfig; Using Lucene MatchVersion: 6.4.0
INFO  - 2017-02-05 14:30:28.127; [c:gettingstarted s:shard1 r:core_node4 x:gettingstarted_shard1_replica1] org.apache.solr.core.SolrCore; core reload gettingstarted_shard1_replica1
INFO  - 2017-02-05 14:30:28.295; [c:gettingstarted s:shard2 r:core_node3 x:gettingstarted_shard2_replica1] org.apache.solr.handler.SolrConfigHandler$Command; Trying to update my configs
INFO  - 2017-02-05 14:30:28.296; [c:gettingstarted s:shard2 r:core_node3 x:gettingstarted_shard2_replica1] org.apache.solr.core.SolrCore; config update listener called for core gettingstarted_shard2_replica1
INFO  - 2017-02-05 14:30:28.403; [c:gettingstarted s:shard2 r:core_node3 x:gettingstarted_shard2_replica1] org.apache.solr.core.SolrCore; core reload gettingstarted_shard2_replica1
INFO  - 2017-02-05 14:30:28.412; [c:gettingstarted s:shard2 r:core_node3 x:gettingstarted_shard2_replica1] org.apache.solr.handler.SolrConfigHandler$Command; expecting overlay version 0 but my version is -1
INFO  - 2017-02-05 14:30:28.412; [c:gettingstarted s:shard2 r:core_node3 x:gettingstarted_shard2_replica1] org.apache.solr.core.SolrCore; [gettingstarted_shard2_replica1]  webapp=/solr path=/config/znodeVersion params={overlay=0&wt=javabin&version=2} status=0 QTime=0
INFO  - 2017-02-05 14:30:28.438; [c:gettingstarted s:shard1 r:core_node4 x:gettingstarted_shard1_replica1] org.apache.solr.core.RequestParams; conf resource params.json loaded . version : 0 
INFO  - 2017-02-05 14:30:28.445; [c:gettingstarted s:shard1 r:core_node4 x:gettingstarted_shard1_replica1] org.apache.solr.core.RequestParams; request params refreshed to version 0
INFO  - 2017-02-05 14:30:28.467; [c:gettingstarted s:shard1 r:core_node4 x:gettingstarted_shard1_replica1] org.apache.solr.core.SolrResourceLoader; [gettingstarted_shard1_replica1] Added 51 libs to classloader, from paths: [/C:/Users/user/Desktop/CE6/CZ4034/Project/solr-6.4.0/solr-6.4.0/contrib/clustering/lib, /C:/Users/user/Desktop/CE6/CZ4034/Project/solr-6.4.0/solr-6.4.0/contrib/extraction/lib, /C:/Users/user/Desktop/CE6/CZ4034/Project/solr-6.4.0/solr-6.4.0/contrib/langid/lib, /C:/Users/user/Desktop/CE6/CZ4034/Project/solr-6.4.0/solr-6.4.0/contrib/velocity/lib, /C:/Users/user/Desktop/CE6/CZ4034/Project/solr-6.4.0/solr-6.4.0/dist]
INFO  - 2017-02-05 14:30:28.637; [   ] org.apache.solr.schema.IndexSchema; [gettingstarted_shard2_replica1] Schema name=example-data-driven-schema
INFO  - 2017-02-05 14:30:28.743; [c:gettingstarted s:shard1 r:core_node4 x:gettingstarted_shard1_replica1] org.apache.solr.core.SolrConfig; Using Lucene MatchVersion: 6.4.0
INFO  - 2017-02-05 14:30:28.749; [c:gettingstarted s:shard2 r:core_node3 x:gettingstarted_shard2_replica1] org.apache.solr.handler.SolrConfigHandler$Command; Another reload is in progress . Not doing anything
INFO  - 2017-02-05 14:30:28.833; [c:gettingstarted s:shard1 r:core_node4 x:gettingstarted_shard1_replica1] org.apache.solr.handler.SolrConfigHandler$Command; expecting overlay version 0 but my version is -1
INFO  - 2017-02-05 14:30:28.833; [c:gettingstarted s:shard1 r:core_node4 x:gettingstarted_shard1_replica1] org.apache.solr.core.SolrCore; [gettingstarted_shard1_replica1]  webapp=/solr path=/config/znodeVersion params={overlay=0&wt=javabin&version=2} status=0 QTime=0
INFO  - 2017-02-05 14:30:28.939; [c:gettingstarted s:shard1 r:core_node4 x:gettingstarted_shard1_replica1] org.apache.solr.handler.SolrConfigHandler$Command; Another reload is in progress . Not doing anything
INFO  - 2017-02-05 14:30:29.004; [c:gettingstarted s:shard2 r:core_node3 x:gettingstarted_shard2_replica1] org.apache.solr.handler.SolrConfigHandler$Command; expecting overlay version 0 but my version is -1
INFO  - 2017-02-05 14:30:29.004; [c:gettingstarted s:shard2 r:core_node3 x:gettingstarted_shard2_replica1] org.apache.solr.core.SolrCore; [gettingstarted_shard2_replica1]  webapp=/solr path=/config/znodeVersion params={overlay=0&wt=javabin&version=2} status=0 QTime=0
INFO  - 2017-02-05 14:30:29.172; [c:gettingstarted s:shard2 r:core_node3 x:gettingstarted_shard2_replica1] org.apache.solr.handler.SolrConfigHandler$Command; Another reload is in progress . Not doing anything
INFO  - 2017-02-05 14:30:29.190; [c:gettingstarted s:shard1 r:core_node4 x:gettingstarted_shard1_replica1] org.apache.solr.schema.IndexSchema; [gettingstarted_shard1_replica1] Schema name=example-data-driven-schema
INFO  - 2017-02-05 14:30:29.492; [c:gettingstarted s:shard1 r:core_node4 x:gettingstarted_shard1_replica1] org.apache.solr.handler.SolrConfigHandler$Command; expecting overlay version 0 but my version is -1
INFO  - 2017-02-05 14:30:29.493; [c:gettingstarted s:shard1 r:core_node4 x:gettingstarted_shard1_replica1] org.apache.solr.core.SolrCore; [gettingstarted_shard1_replica1]  webapp=/solr path=/config/znodeVersion params={overlay=0&wt=javabin&version=2} status=0 QTime=1
INFO  - 2017-02-05 14:30:29.516; [c:gettingstarted s:shard1 r:core_node4 x:gettingstarted_shard1_replica1] org.apache.solr.handler.SolrConfigHandler$Command; Another reload is in progress . Not doing anything
INFO  - 2017-02-05 14:30:29.527; [c:gettingstarted s:shard2 r:core_node3 x:gettingstarted_shard2_replica1] org.apache.solr.handler.SolrConfigHandler$Command; expecting overlay version 0 but my version is -1
INFO  - 2017-02-05 14:30:29.528; [c:gettingstarted s:shard2 r:core_node3 x:gettingstarted_shard2_replica1] org.apache.solr.core.SolrCore; [gettingstarted_shard2_replica1]  webapp=/solr path=/config/znodeVersion params={overlay=0&wt=javabin&version=2} status=0 QTime=1
INFO  - 2017-02-05 14:30:29.638; [c:gettingstarted s:shard2 r:core_node3 x:gettingstarted_shard2_replica1] org.apache.solr.handler.SolrConfigHandler$Command; Another reload is in progress . Not doing anything
INFO  - 2017-02-05 14:30:29.724; [   ] org.apache.solr.schema.IndexSchema; Loaded schema example-data-driven-schema/1.6 with uniqueid field id
INFO  - 2017-02-05 14:30:29.837; [c:gettingstarted s:shard2 r:core_node3 x:gettingstarted_shard2_replica1] org.apache.solr.handler.SolrConfigHandler$Command; expecting overlay version 0 but my version is -1
INFO  - 2017-02-05 14:30:29.838; [c:gettingstarted s:shard2 r:core_node3 x:gettingstarted_shard2_replica1] org.apache.solr.core.SolrCore; [gettingstarted_shard2_replica1]  webapp=/solr path=/config/znodeVersion params={overlay=0&wt=javabin&version=2} status=0 QTime=1
INFO  - 2017-02-05 14:30:29.844; [c:gettingstarted s:shard1 r:core_node4 x:gettingstarted_shard1_replica1] org.apache.solr.handler.SolrConfigHandler$Command; expecting overlay version 0 but my version is -1
INFO  - 2017-02-05 14:30:29.844; [c:gettingstarted s:shard1 r:core_node4 x:gettingstarted_shard1_replica1] org.apache.solr.core.SolrCore; [gettingstarted_shard1_replica1]  webapp=/solr path=/config/znodeVersion params={overlay=0&wt=javabin&version=2} status=0 QTime=0
INFO  - 2017-02-05 14:30:29.857; [   ] org.apache.solr.core.CoreContainer; Reloading SolrCore 'gettingstarted_shard2_replica1' using configuration from collection gettingstarted
INFO  - 2017-02-05 14:30:29.900; [c:gettingstarted s:shard1 r:core_node4 x:gettingstarted_shard1_replica1] org.apache.solr.handler.SolrConfigHandler$Command; Another reload is in progress . Not doing anything
INFO  - 2017-02-05 14:30:29.907; [c:gettingstarted s:shard2 r:core_node3 x:gettingstarted_shard2_replica1] org.apache.solr.core.SolrCore; [[gettingstarted_shard2_replica1] ] Opening new SolrCore at [C:\Users\user\Desktop\CE6\CZ4034\Project\solr-6.4.0\solr-6.4.0\example\cloud\node2\solr\gettingstarted_shard2_replica1], dataDir=[C:\Users\user\Desktop\CE6\CZ4034\Project\solr-6.4.0\solr-6.4.0\example\cloud\node2\solr\gettingstarted_shard2_replica1\data\]
INFO  - 2017-02-05 14:30:29.901; [c:gettingstarted s:shard2 r:core_node3 x:gettingstarted_shard2_replica1] org.apache.solr.handler.SolrConfigHandler$Command; Another reload is in progress . Not doing anything
INFO  - 2017-02-05 14:30:29.910; [c:gettingstarted s:shard2 r:core_node3 x:gettingstarted_shard2_replica1] org.apache.solr.core.JmxMonitoredMap; JMX monitoring is enabled. Adding Solr mbeans to JMX Server: com.sun.jmx.mbeanserver.JmxMBeanServer@4d0f2471
INFO  - 2017-02-05 14:30:29.914; [c:gettingstarted s:shard2 r:core_node3 x:gettingstarted_shard2_replica1] org.apache.solr.response.XSLTResponseWriter; xsltCacheLifetimeSeconds=5
INFO  - 2017-02-05 14:30:29.955; [c:gettingstarted s:shard2 r:core_node3 x:gettingstarted_shard2_replica1] org.apache.solr.update.CommitTracker; Hard AutoCommit: if uncommited for 15000ms; 
INFO  - 2017-02-05 14:30:29.955; [c:gettingstarted s:shard2 r:core_node3 x:gettingstarted_shard2_replica1] org.apache.solr.update.CommitTracker; Soft AutoCommit: if uncommited for 3000ms; 
INFO  - 2017-02-05 14:30:29.985; [c:gettingstarted s:shard2 r:core_node3 x:gettingstarted_shard2_replica1] org.apache.solr.search.SolrIndexSearcher; Opening [Searcher@7ff52e07[gettingstarted_shard2_replica1] main]
INFO  - 2017-02-05 14:30:29.992; [c:gettingstarted s:shard1 r:core_node4 x:gettingstarted_shard1_replica1] org.apache.solr.handler.SolrConfigHandler$Command; expecting overlay version 0 but my version is -1
INFO  - 2017-02-05 14:30:29.993; [c:gettingstarted s:shard1 r:core_node4 x:gettingstarted_shard1_replica1] org.apache.solr.core.SolrCore; [gettingstarted_shard1_replica1]  webapp=/solr path=/config/znodeVersion params={overlay=0&wt=javabin&version=2} status=0 QTime=1
INFO  - 2017-02-05 14:30:30.001; [c:gettingstarted s:shard2 r:core_node3 x:gettingstarted_shard2_replica1] org.apache.solr.handler.SolrConfigHandler$Command; expecting overlay version 0 but my version is -1
INFO  - 2017-02-05 14:30:30.002; [c:gettingstarted s:shard2 r:core_node3 x:gettingstarted_shard2_replica1] org.apache.solr.core.SolrCore; [gettingstarted_shard2_replica1]  webapp=/solr path=/config/znodeVersion params={overlay=0&wt=javabin&version=2} status=0 QTime=0
INFO  - 2017-02-05 14:30:30.017; [c:gettingstarted s:shard2 r:core_node3 x:gettingstarted_shard2_replica1] org.apache.solr.handler.SolrConfigHandler$Command; Another reload is in progress . Not doing anything
INFO  - 2017-02-05 14:30:30.020; [c:gettingstarted s:shard1 r:core_node4 x:gettingstarted_shard1_replica1] org.apache.solr.handler.SolrConfigHandler$Command; Another reload is in progress . Not doing anything
INFO  - 2017-02-05 14:30:30.046; [c:gettingstarted s:shard2 r:core_node3 x:gettingstarted_shard2_replica1] org.apache.solr.rest.ManagedResourceStorage$ZooKeeperStorageIO; Configured ZooKeeperStorageIO with znodeBase: /configs/gettingstarted
INFO  - 2017-02-05 14:30:30.052; [c:gettingstarted s:shard2 r:core_node3 x:gettingstarted_shard2_replica1] org.apache.solr.rest.ManagedResourceStorage; Loaded null at path _rest_managed.json using ZooKeeperStorageIO:path=/configs/gettingstarted
INFO  - 2017-02-05 14:30:30.052; [c:gettingstarted s:shard2 r:core_node3 x:gettingstarted_shard2_replica1] org.apache.solr.schema.ZkIndexSchemaReader; Creating ZooKeeper watch for the managed schema at /configs/gettingstarted/managed-schema
INFO  - 2017-02-05 14:30:30.054; [c:gettingstarted s:shard2 r:core_node3 x:gettingstarted_shard2_replica1] org.apache.solr.schema.ZkIndexSchemaReader; Current schema version 0 is already the latest
INFO  - 2017-02-05 14:30:30.054; [c:gettingstarted s:shard2 r:core_node3 x:gettingstarted_shard2_replica1] org.apache.solr.handler.component.SpellCheckComponent; Initializing spell checkers
INFO  - 2017-02-05 14:30:30.055; [c:gettingstarted s:shard2 r:core_node3 x:gettingstarted_shard2_replica1] org.apache.solr.spelling.DirectSolrSpellChecker; init: {name=default,field=_text_,classname=solr.DirectSolrSpellChecker,distanceMeasure=internal,accuracy=0.5,maxEdits=2,minPrefix=1,maxInspections=5,minQueryLength=4,maxQueryFrequency=0.01}
INFO  - 2017-02-05 14:30:30.075; [c:gettingstarted s:shard2 r:core_node3 x:gettingstarted_shard2_replica1] org.apache.solr.handler.ReplicationHandler; Commits will be reserved for  10000
INFO  - 2017-02-05 14:30:30.077; [c:gettingstarted s:shard2 r:core_node3 x:gettingstarted_shard2_replica1] org.apache.solr.core.QuerySenderListener; QuerySenderListener sending requests to Searcher@7ff52e07[gettingstarted_shard2_replica1] main{ExitableDirectoryReader(UninvertingDirectoryReader())}
INFO  - 2017-02-05 14:30:30.077; [c:gettingstarted s:shard2 r:core_node3 x:gettingstarted_shard2_replica1] org.apache.solr.core.QuerySenderListener; QuerySenderListener done.
INFO  - 2017-02-05 14:30:30.078; [c:gettingstarted s:shard2 r:core_node3 x:gettingstarted_shard2_replica1] org.apache.solr.handler.component.SpellCheckComponent$SpellCheckerListener; Loading spell index for spellchecker: default
INFO  - 2017-02-05 14:30:30.079; [c:gettingstarted s:shard2 r:core_node3 x:gettingstarted_shard2_replica1] org.apache.solr.core.SolrCore; [gettingstarted_shard2_replica1] Registered new searcher Searcher@7ff52e07[gettingstarted_shard2_replica1] main{ExitableDirectoryReader(UninvertingDirectoryReader())}
INFO  - 2017-02-05 14:30:30.082; [c:gettingstarted s:shard2 r:core_node3 x:gettingstarted_shard2_replica1] org.apache.solr.update.UpdateLog; Could not find max version in index or recent updates, using new clock 1558503783223263232
INFO  - 2017-02-05 14:30:30.183; [c:gettingstarted s:shard2 r:core_node3 x:gettingstarted_shard2_replica1] org.apache.solr.update.DefaultSolrCoreState; New IndexWriter is ready to be used.
INFO  - 2017-02-05 14:30:30.185; [c:gettingstarted s:shard2 r:core_node3 x:gettingstarted_shard2_replica1] org.apache.solr.search.SolrIndexSearcher; Opening [Searcher@1b6c0272[gettingstarted_shard2_replica1] main]
INFO  - 2017-02-05 14:30:30.186; [c:gettingstarted s:shard2 r:core_node3 x:gettingstarted_shard2_replica1] org.apache.solr.core.SolrCore; [gettingstarted_shard2_replica1]  CLOSING SolrCore org.apache.solr.core.SolrCore@5d449901
INFO  - 2017-02-05 14:30:30.187; [c:gettingstarted s:shard2 r:core_node3 x:gettingstarted_shard2_replica1] org.apache.solr.core.QuerySenderListener; QuerySenderListener sending requests to Searcher@1b6c0272[gettingstarted_shard2_replica1] main{ExitableDirectoryReader(UninvertingDirectoryReader())}
INFO  - 2017-02-05 14:30:30.187; [c:gettingstarted s:shard2 r:core_node3 x:gettingstarted_shard2_replica1] org.apache.solr.core.QuerySenderListener; QuerySenderListener done.
INFO  - 2017-02-05 14:30:30.189; [c:gettingstarted s:shard2 r:core_node3 x:gettingstarted_shard2_replica1] org.apache.solr.core.SolrCore; [gettingstarted_shard2_replica1] Registered new searcher Searcher@1b6c0272[gettingstarted_shard2_replica1] main{ExitableDirectoryReader(UninvertingDirectoryReader())}
INFO  - 2017-02-05 14:30:30.225; [c:gettingstarted s:shard2 r:core_node3 x:gettingstarted_shard2_replica1] org.apache.solr.metrics.SolrMetricManager; Closing metric reporters for: solr.core.gettingstarted.shard2.replica1
INFO  - 2017-02-05 14:30:30.226; [c:gettingstarted s:shard2 r:core_node3 x:gettingstarted_shard2_replica1] org.apache.solr.core.SolrCore; config update listener called for core gettingstarted_shard1_replica1
INFO  - 2017-02-05 14:30:30.229; [c:gettingstarted s:shard2 r:core_node3 x:gettingstarted_shard2_replica1] org.apache.solr.handler.SolrConfigHandler$Command; I already have the expected version 0 of config
INFO  - 2017-02-05 14:30:30.230; [c:gettingstarted s:shard2 r:core_node3 x:gettingstarted_shard2_replica1] org.apache.solr.handler.SolrConfigHandler$Command; isStale false , resourceloader org.apache.solr.cloud.ZkSolrResourceLoader
INFO  - 2017-02-05 14:30:30.230; [c:gettingstarted s:shard2 r:core_node3 x:gettingstarted_shard2_replica1] org.apache.solr.core.SolrCore; [gettingstarted_shard2_replica1]  webapp=/solr path=/config/znodeVersion params={overlay=0&wt=javabin&version=2} status=0 QTime=1
INFO  - 2017-02-05 14:30:30.231; [c:gettingstarted s:shard1 r:core_node4 x:gettingstarted_shard1_replica1] org.apache.solr.handler.SolrConfigHandler$Command; expecting overlay version 0 but my version is -1
INFO  - 2017-02-05 14:30:30.231; [c:gettingstarted s:shard1 r:core_node4 x:gettingstarted_shard1_replica1] org.apache.solr.core.SolrCore; [gettingstarted_shard1_replica1]  webapp=/solr path=/config/znodeVersion params={overlay=0&wt=javabin&version=2} status=0 QTime=0
INFO  - 2017-02-05 14:30:30.235; [c:gettingstarted s:shard1 r:core_node4 x:gettingstarted_shard1_replica1] org.apache.solr.handler.SolrConfigHandler$Command; Another reload is in progress . Not doing anything
INFO  - 2017-02-05 14:30:30.243; [c:gettingstarted s:shard2 r:core_node3 x:gettingstarted_shard2_replica1] org.apache.solr.core.SolrCore; core reload gettingstarted_shard1_replica1
INFO  - 2017-02-05 14:30:30.279; [c:gettingstarted s:shard2 r:core_node3 x:gettingstarted_shard2_replica1] org.apache.solr.core.RequestParams; conf resource params.json loaded . version : 0 
INFO  - 2017-02-05 14:30:30.279; [c:gettingstarted s:shard2 r:core_node3 x:gettingstarted_shard2_replica1] org.apache.solr.core.RequestParams; request params refreshed to version 0
INFO  - 2017-02-05 14:30:30.289; [c:gettingstarted s:shard2 r:core_node3 x:gettingstarted_shard2_replica1] org.apache.solr.core.SolrResourceLoader; [gettingstarted_shard2_replica1] Added 51 libs to classloader, from paths: [/C:/Users/user/Desktop/CE6/CZ4034/Project/solr-6.4.0/solr-6.4.0/contrib/clustering/lib, /C:/Users/user/Desktop/CE6/CZ4034/Project/solr-6.4.0/solr-6.4.0/contrib/extraction/lib, /C:/Users/user/Desktop/CE6/CZ4034/Project/solr-6.4.0/solr-6.4.0/contrib/langid/lib, /C:/Users/user/Desktop/CE6/CZ4034/Project/solr-6.4.0/solr-6.4.0/contrib/velocity/lib, /C:/Users/user/Desktop/CE6/CZ4034/Project/solr-6.4.0/solr-6.4.0/dist]
INFO  - 2017-02-05 14:30:30.332; [c:gettingstarted s:shard1 r:core_node4 x:gettingstarted_shard1_replica1] org.apache.solr.schema.IndexSchema; Loaded schema example-data-driven-schema/1.6 with uniqueid field id
INFO  - 2017-02-05 14:30:30.465; [c:gettingstarted s:shard1 r:core_node4 x:gettingstarted_shard1_replica1] org.apache.solr.core.CoreContainer; Reloading SolrCore 'gettingstarted_shard1_replica1' using configuration from collection gettingstarted
INFO  - 2017-02-05 14:30:30.466; [c:gettingstarted s:shard1 r:core_node4 x:gettingstarted_shard1_replica1] org.apache.solr.core.SolrCore; [[gettingstarted_shard1_replica1] ] Opening new SolrCore at [C:\Users\user\Desktop\CE6\CZ4034\Project\solr-6.4.0\solr-6.4.0\example\cloud\node2\solr\gettingstarted_shard1_replica1], dataDir=[C:\Users\user\Desktop\CE6\CZ4034\Project\solr-6.4.0\solr-6.4.0\example\cloud\node2\solr\gettingstarted_shard1_replica1\data\]
INFO  - 2017-02-05 14:30:30.467; [c:gettingstarted s:shard1 r:core_node4 x:gettingstarted_shard1_replica1] org.apache.solr.core.JmxMonitoredMap; JMX monitoring is enabled. Adding Solr mbeans to JMX Server: com.sun.jmx.mbeanserver.JmxMBeanServer@4d0f2471
INFO  - 2017-02-05 14:30:30.469; [c:gettingstarted s:shard1 r:core_node4 x:gettingstarted_shard1_replica1] org.apache.solr.response.XSLTResponseWriter; xsltCacheLifetimeSeconds=5
INFO  - 2017-02-05 14:30:30.470; [c:gettingstarted s:shard2 r:core_node3 x:gettingstarted_shard2_replica1] org.apache.solr.core.SolrConfig; Using Lucene MatchVersion: 6.4.0
INFO  - 2017-02-05 14:30:30.534; [c:gettingstarted s:shard1 r:core_node4 x:gettingstarted_shard1_replica1] org.apache.solr.update.CommitTracker; Hard AutoCommit: if uncommited for 15000ms; 
INFO  - 2017-02-05 14:30:30.534; [c:gettingstarted s:shard1 r:core_node4 x:gettingstarted_shard1_replica1] org.apache.solr.update.CommitTracker; Soft AutoCommit: if uncommited for 3000ms; 
INFO  - 2017-02-05 14:30:30.561; [c:gettingstarted s:shard1 r:core_node4 x:gettingstarted_shard1_replica1] org.apache.solr.handler.SolrConfigHandler$Command; expecting overlay version 0 but my version is -1
INFO  - 2017-02-05 14:30:30.562; [c:gettingstarted s:shard1 r:core_node4 x:gettingstarted_shard1_replica1] org.apache.solr.core.SolrCore; [gettingstarted_shard1_replica1]  webapp=/solr path=/config/znodeVersion params={overlay=0&wt=javabin&version=2} status=0 QTime=0
INFO  - 2017-02-05 14:30:30.657; [c:gettingstarted s:shard1 r:core_node4 x:gettingstarted_shard1_replica1] org.apache.solr.handler.SolrConfigHandler$Command; Another reload is in progress . Not doing anything
INFO  - 2017-02-05 14:30:30.660; [c:gettingstarted s:shard1 r:core_node4 x:gettingstarted_shard1_replica1] org.apache.solr.search.SolrIndexSearcher; Opening [Searcher@7a77fef9[gettingstarted_shard1_replica1] main]
INFO  - 2017-02-05 14:30:30.705; [c:gettingstarted s:shard2 r:core_node3 x:gettingstarted_shard2_replica1] org.apache.solr.schema.IndexSchema; [gettingstarted_shard2_replica1] Schema name=example-data-driven-schema
INFO  - 2017-02-05 14:30:30.726; [c:gettingstarted s:shard1 r:core_node4 x:gettingstarted_shard1_replica1] org.apache.solr.rest.ManagedResourceStorage$ZooKeeperStorageIO; Configured ZooKeeperStorageIO with znodeBase: /configs/gettingstarted
INFO  - 2017-02-05 14:30:30.727; [c:gettingstarted s:shard1 r:core_node4 x:gettingstarted_shard1_replica1] org.apache.solr.rest.ManagedResourceStorage; Loaded null at path _rest_managed.json using ZooKeeperStorageIO:path=/configs/gettingstarted
INFO  - 2017-02-05 14:30:30.728; [c:gettingstarted s:shard1 r:core_node4 x:gettingstarted_shard1_replica1] org.apache.solr.schema.ZkIndexSchemaReader; Creating ZooKeeper watch for the managed schema at /configs/gettingstarted/managed-schema
INFO  - 2017-02-05 14:30:30.730; [c:gettingstarted s:shard1 r:core_node4 x:gettingstarted_shard1_replica1] org.apache.solr.schema.ZkIndexSchemaReader; Current schema version 0 is already the latest
INFO  - 2017-02-05 14:30:30.730; [c:gettingstarted s:shard1 r:core_node4 x:gettingstarted_shard1_replica1] org.apache.solr.handler.component.SpellCheckComponent; Initializing spell checkers
INFO  - 2017-02-05 14:30:30.731; [c:gettingstarted s:shard1 r:core_node4 x:gettingstarted_shard1_replica1] org.apache.solr.spelling.DirectSolrSpellChecker; init: {name=default,field=_text_,classname=solr.DirectSolrSpellChecker,distanceMeasure=internal,accuracy=0.5,maxEdits=2,minPrefix=1,maxInspections=5,minQueryLength=4,maxQueryFrequency=0.01}
INFO  - 2017-02-05 14:30:30.734; [c:gettingstarted s:shard1 r:core_node4 x:gettingstarted_shard1_replica1] org.apache.solr.handler.ReplicationHandler; Commits will be reserved for  10000
INFO  - 2017-02-05 14:30:30.735; [c:gettingstarted s:shard1 r:core_node4 x:gettingstarted_shard1_replica1] org.apache.solr.core.QuerySenderListener; QuerySenderListener sending requests to Searcher@7a77fef9[gettingstarted_shard1_replica1] main{ExitableDirectoryReader(UninvertingDirectoryReader())}
INFO  - 2017-02-05 14:30:30.735; [c:gettingstarted s:shard1 r:core_node4 x:gettingstarted_shard1_replica1] org.apache.solr.core.QuerySenderListener; QuerySenderListener done.
INFO  - 2017-02-05 14:30:30.735; [c:gettingstarted s:shard1 r:core_node4 x:gettingstarted_shard1_replica1] org.apache.solr.handler.component.SpellCheckComponent$SpellCheckerListener; Loading spell index for spellchecker: default
INFO  - 2017-02-05 14:30:30.737; [c:gettingstarted s:shard1 r:core_node4 x:gettingstarted_shard1_replica1] org.apache.solr.core.SolrCore; [gettingstarted_shard1_replica1] Registered new searcher Searcher@7a77fef9[gettingstarted_shard1_replica1] main{ExitableDirectoryReader(UninvertingDirectoryReader())}
INFO  - 2017-02-05 14:30:30.742; [c:gettingstarted s:shard1 r:core_node4 x:gettingstarted_shard1_replica1] org.apache.solr.update.UpdateLog; Could not find max version in index or recent updates, using new clock 1558503783915323392
INFO  - 2017-02-05 14:30:30.807; [c:gettingstarted s:shard1 r:core_node4 x:gettingstarted_shard1_replica1] org.apache.solr.update.DefaultSolrCoreState; New IndexWriter is ready to be used.
INFO  - 2017-02-05 14:30:30.808; [c:gettingstarted s:shard1 r:core_node4 x:gettingstarted_shard1_replica1] org.apache.solr.search.SolrIndexSearcher; Opening [Searcher@764fa4d3[gettingstarted_shard1_replica1] main]
INFO  - 2017-02-05 14:30:30.809; [c:gettingstarted s:shard1 r:core_node4 x:gettingstarted_shard1_replica1] org.apache.solr.core.QuerySenderListener; QuerySenderListener sending requests to Searcher@764fa4d3[gettingstarted_shard1_replica1] main{ExitableDirectoryReader(UninvertingDirectoryReader())}
INFO  - 2017-02-05 14:30:30.809; [c:gettingstarted s:shard1 r:core_node4 x:gettingstarted_shard1_replica1] org.apache.solr.core.QuerySenderListener; QuerySenderListener done.
INFO  - 2017-02-05 14:30:30.809; [c:gettingstarted s:shard1 r:core_node4 x:gettingstarted_shard1_replica1] org.apache.solr.core.SolrCore; [gettingstarted_shard1_replica1]  CLOSING SolrCore org.apache.solr.core.SolrCore@435c0b62
INFO  - 2017-02-05 14:30:30.811; [c:gettingstarted s:shard1 r:core_node4 x:gettingstarted_shard1_replica1] org.apache.solr.core.SolrCore; [gettingstarted_shard1_replica1] Registered new searcher Searcher@764fa4d3[gettingstarted_shard1_replica1] main{ExitableDirectoryReader(UninvertingDirectoryReader())}
INFO  - 2017-02-05 14:30:30.834; [c:gettingstarted s:shard1 r:core_node4 x:gettingstarted_shard1_replica1] org.apache.solr.handler.SolrConfigHandler$Command; I already have the expected version 0 of config
INFO  - 2017-02-05 14:30:30.835; [c:gettingstarted s:shard1 r:core_node4 x:gettingstarted_shard1_replica1] org.apache.solr.handler.SolrConfigHandler$Command; isStale false , resourceloader org.apache.solr.cloud.ZkSolrResourceLoader
INFO  - 2017-02-05 14:30:30.836; [c:gettingstarted s:shard1 r:core_node4 x:gettingstarted_shard1_replica1] org.apache.solr.core.SolrCore; [gettingstarted_shard1_replica1]  webapp=/solr path=/config/znodeVersion params={overlay=0&wt=javabin&version=2} status=0 QTime=4
INFO  - 2017-02-05 14:30:30.852; [c:gettingstarted s:shard1 r:core_node4 x:gettingstarted_shard1_replica1] org.apache.solr.metrics.SolrMetricManager; Closing metric reporters for: solr.core.gettingstarted.shard1.replica1
INFO  - 2017-02-05 14:30:30.989; [c:gettingstarted s:shard2 r:core_node3 x:gettingstarted_shard2_replica1] org.apache.solr.core.RequestParams; conf resource params.json loaded . version : 0 
INFO  - 2017-02-05 14:30:30.989; [c:gettingstarted s:shard2 r:core_node3 x:gettingstarted_shard2_replica1] org.apache.solr.core.RequestParams; request params refreshed to version 0
INFO  - 2017-02-05 14:30:31.008; [c:gettingstarted s:shard2 r:core_node3 x:gettingstarted_shard2_replica1] org.apache.solr.core.SolrResourceLoader; [gettingstarted_shard1_replica1] Added 51 libs to classloader, from paths: [/C:/Users/user/Desktop/CE6/CZ4034/Project/solr-6.4.0/solr-6.4.0/contrib/clustering/lib, /C:/Users/user/Desktop/CE6/CZ4034/Project/solr-6.4.0/solr-6.4.0/contrib/extraction/lib, /C:/Users/user/Desktop/CE6/CZ4034/Project/solr-6.4.0/solr-6.4.0/contrib/langid/lib, /C:/Users/user/Desktop/CE6/CZ4034/Project/solr-6.4.0/solr-6.4.0/contrib/velocity/lib, /C:/Users/user/Desktop/CE6/CZ4034/Project/solr-6.4.0/solr-6.4.0/dist]
INFO  - 2017-02-05 14:30:31.082; [c:gettingstarted s:shard2 r:core_node3 x:gettingstarted_shard2_replica1] org.apache.solr.core.SolrConfig; Using Lucene MatchVersion: 6.4.0
INFO  - 2017-02-05 14:30:31.145; [c:gettingstarted s:shard2 r:core_node3 x:gettingstarted_shard2_replica1] org.apache.solr.schema.IndexSchema; [gettingstarted_shard1_replica1] Schema name=example-data-driven-schema
INFO  - 2017-02-05 14:30:31.461; [c:gettingstarted s:shard2 r:core_node3 x:gettingstarted_shard2_replica1] org.apache.solr.schema.IndexSchema; Loaded schema example-data-driven-schema/1.6 with uniqueid field id
INFO  - 2017-02-05 14:30:31.805; [c:gettingstarted s:shard2 r:core_node3 x:gettingstarted_shard2_replica1] org.apache.solr.core.CoreContainer; Reloading SolrCore 'gettingstarted_shard2_replica1' using configuration from collection gettingstarted
INFO  - 2017-02-05 14:30:31.806; [c:gettingstarted s:shard2 r:core_node3 x:gettingstarted_shard2_replica1] org.apache.solr.core.SolrCore; [[gettingstarted_shard2_replica1] ] Opening new SolrCore at [C:\Users\user\Desktop\CE6\CZ4034\Project\solr-6.4.0\solr-6.4.0\example\cloud\node2\solr\gettingstarted_shard2_replica1], dataDir=[C:\Users\user\Desktop\CE6\CZ4034\Project\solr-6.4.0\solr-6.4.0\example\cloud\node2\solr\gettingstarted_shard2_replica1\data\]
INFO  - 2017-02-05 14:30:31.807; [c:gettingstarted s:shard2 r:core_node3 x:gettingstarted_shard2_replica1] org.apache.solr.core.JmxMonitoredMap; JMX monitoring is enabled. Adding Solr mbeans to JMX Server: com.sun.jmx.mbeanserver.JmxMBeanServer@4d0f2471
INFO  - 2017-02-05 14:30:31.809; [c:gettingstarted s:shard2 r:core_node3 x:gettingstarted_shard2_replica1] org.apache.solr.response.XSLTResponseWriter; xsltCacheLifetimeSeconds=5
INFO  - 2017-02-05 14:30:31.895; [c:gettingstarted s:shard2 r:core_node3 x:gettingstarted_shard2_replica1] org.apache.solr.update.CommitTracker; Hard AutoCommit: if uncommited for 15000ms; 
INFO  - 2017-02-05 14:30:31.895; [c:gettingstarted s:shard2 r:core_node3 x:gettingstarted_shard2_replica1] org.apache.solr.update.CommitTracker; Soft AutoCommit: if uncommited for 3000ms; 
INFO  - 2017-02-05 14:30:31.998; [c:gettingstarted s:shard2 r:core_node3 x:gettingstarted_shard2_replica1] org.apache.solr.search.SolrIndexSearcher; Opening [Searcher@39b76c19[gettingstarted_shard2_replica1] main]
INFO  - 2017-02-05 14:30:32.004; [c:gettingstarted s:shard2 r:core_node3 x:gettingstarted_shard2_replica1] org.apache.solr.rest.ManagedResourceStorage$ZooKeeperStorageIO; Configured ZooKeeperStorageIO with znodeBase: /configs/gettingstarted
INFO  - 2017-02-05 14:30:32.007; [c:gettingstarted s:shard2 r:core_node3 x:gettingstarted_shard2_replica1] org.apache.solr.rest.ManagedResourceStorage; Loaded null at path _rest_managed.json using ZooKeeperStorageIO:path=/configs/gettingstarted
INFO  - 2017-02-05 14:30:32.007; [c:gettingstarted s:shard2 r:core_node3 x:gettingstarted_shard2_replica1] org.apache.solr.schema.ZkIndexSchemaReader; Creating ZooKeeper watch for the managed schema at /configs/gettingstarted/managed-schema
INFO  - 2017-02-05 14:30:32.010; [c:gettingstarted s:shard2 r:core_node3 x:gettingstarted_shard2_replica1] org.apache.solr.schema.ZkIndexSchemaReader; Current schema version 0 is already the latest
INFO  - 2017-02-05 14:30:32.010; [c:gettingstarted s:shard2 r:core_node3 x:gettingstarted_shard2_replica1] org.apache.solr.handler.component.SpellCheckComponent; Initializing spell checkers
INFO  - 2017-02-05 14:30:32.011; [c:gettingstarted s:shard2 r:core_node3 x:gettingstarted_shard2_replica1] org.apache.solr.spelling.DirectSolrSpellChecker; init: {name=default,field=_text_,classname=solr.DirectSolrSpellChecker,distanceMeasure=internal,accuracy=0.5,maxEdits=2,minPrefix=1,maxInspections=5,minQueryLength=4,maxQueryFrequency=0.01}
INFO  - 2017-02-05 14:30:32.015; [c:gettingstarted s:shard2 r:core_node3 x:gettingstarted_shard2_replica1] org.apache.solr.handler.ReplicationHandler; Commits will be reserved for  10000
INFO  - 2017-02-05 14:30:32.050; [c:gettingstarted s:shard2 r:core_node3 x:gettingstarted_shard2_replica1] org.apache.solr.update.UpdateLog; Could not find max version in index or recent updates, using new clock 1558503785286860800
INFO  - 2017-02-05 14:30:32.097; [c:gettingstarted s:shard2 r:core_node3 x:gettingstarted_shard2_replica1] org.apache.solr.core.QuerySenderListener; QuerySenderListener sending requests to Searcher@39b76c19[gettingstarted_shard2_replica1] main{ExitableDirectoryReader(UninvertingDirectoryReader())}
INFO  - 2017-02-05 14:30:32.100; [c:gettingstarted s:shard2 r:core_node3 x:gettingstarted_shard2_replica1] org.apache.solr.core.QuerySenderListener; QuerySenderListener done.
INFO  - 2017-02-05 14:30:32.100; [c:gettingstarted s:shard2 r:core_node3 x:gettingstarted_shard2_replica1] org.apache.solr.handler.component.SpellCheckComponent$SpellCheckerListener; Loading spell index for spellchecker: default
INFO  - 2017-02-05 14:30:32.101; [c:gettingstarted s:shard2 r:core_node3 x:gettingstarted_shard2_replica1] org.apache.solr.core.SolrCore; [gettingstarted_shard2_replica1] Registered new searcher Searcher@39b76c19[gettingstarted_shard2_replica1] main{ExitableDirectoryReader(UninvertingDirectoryReader())}
INFO  - 2017-02-05 14:30:32.118; [c:gettingstarted s:shard2 r:core_node3 x:gettingstarted_shard2_replica1] org.apache.solr.update.DefaultSolrCoreState; New IndexWriter is ready to be used.
INFO  - 2017-02-05 14:30:32.119; [c:gettingstarted s:shard2 r:core_node3 x:gettingstarted_shard2_replica1] org.apache.solr.search.SolrIndexSearcher; Opening [Searcher@2d7c2598[gettingstarted_shard2_replica1] main]
INFO  - 2017-02-05 14:30:32.124; [c:gettingstarted s:shard2 r:core_node3 x:gettingstarted_shard2_replica1] org.apache.solr.core.QuerySenderListener; QuerySenderListener sending requests to Searcher@2d7c2598[gettingstarted_shard2_replica1] main{ExitableDirectoryReader(UninvertingDirectoryReader())}
INFO  - 2017-02-05 14:30:32.124; [c:gettingstarted s:shard2 r:core_node3 x:gettingstarted_shard2_replica1] org.apache.solr.core.QuerySenderListener; QuerySenderListener done.
INFO  - 2017-02-05 14:30:32.128; [c:gettingstarted s:shard2 r:core_node3 x:gettingstarted_shard2_replica1] org.apache.solr.core.SolrCore; [gettingstarted_shard2_replica1] Registered new searcher Searcher@2d7c2598[gettingstarted_shard2_replica1] main{ExitableDirectoryReader(UninvertingDirectoryReader())}
INFO  - 2017-02-05 14:30:32.163; [c:gettingstarted s:shard2 r:core_node3 x:gettingstarted_shard2_replica1] org.apache.solr.core.SolrCore; [gettingstarted_shard2_replica1]  CLOSING SolrCore org.apache.solr.core.SolrCore@ae1d47f
INFO  - 2017-02-05 14:30:32.196; [c:gettingstarted s:shard2 r:core_node3 x:gettingstarted_shard2_replica1] org.apache.solr.metrics.SolrMetricManager; Closing metric reporters for: solr.core.gettingstarted.shard2.replica1
INFO  - 2017-02-05 14:30:32.221; [c:gettingstarted s:shard2 r:core_node3 x:gettingstarted_shard2_replica1] org.apache.solr.schema.IndexSchema; Loaded schema example-data-driven-schema/1.6 with uniqueid field id
INFO  - 2017-02-05 14:30:32.307; [c:gettingstarted s:shard2 r:core_node3 x:gettingstarted_shard2_replica1] org.apache.solr.core.CoreContainer; Reloading SolrCore 'gettingstarted_shard1_replica1' using configuration from collection gettingstarted
INFO  - 2017-02-05 14:30:32.308; [c:gettingstarted s:shard2 r:core_node3 x:gettingstarted_shard2_replica1] org.apache.solr.core.SolrCore; [[gettingstarted_shard1_replica1] ] Opening new SolrCore at [C:\Users\user\Desktop\CE6\CZ4034\Project\solr-6.4.0\solr-6.4.0\example\cloud\node2\solr\gettingstarted_shard1_replica1], dataDir=[C:\Users\user\Desktop\CE6\CZ4034\Project\solr-6.4.0\solr-6.4.0\example\cloud\node2\solr\gettingstarted_shard1_replica1\data\]
INFO  - 2017-02-05 14:30:32.309; [c:gettingstarted s:shard2 r:core_node3 x:gettingstarted_shard2_replica1] org.apache.solr.core.JmxMonitoredMap; JMX monitoring is enabled. Adding Solr mbeans to JMX Server: com.sun.jmx.mbeanserver.JmxMBeanServer@4d0f2471
INFO  - 2017-02-05 14:30:32.311; [c:gettingstarted s:shard2 r:core_node3 x:gettingstarted_shard2_replica1] org.apache.solr.response.XSLTResponseWriter; xsltCacheLifetimeSeconds=5
INFO  - 2017-02-05 14:30:32.440; [c:gettingstarted s:shard2 r:core_node3 x:gettingstarted_shard2_replica1] org.apache.solr.update.CommitTracker; Hard AutoCommit: if uncommited for 15000ms; 
INFO  - 2017-02-05 14:30:32.441; [c:gettingstarted s:shard2 r:core_node3 x:gettingstarted_shard2_replica1] org.apache.solr.update.CommitTracker; Soft AutoCommit: if uncommited for 3000ms; 
INFO  - 2017-02-05 14:30:32.452; [c:gettingstarted s:shard2 r:core_node3 x:gettingstarted_shard2_replica1] org.apache.solr.search.SolrIndexSearcher; Opening [Searcher@f28b451[gettingstarted_shard1_replica1] main]
INFO  - 2017-02-05 14:30:32.455; [c:gettingstarted s:shard2 r:core_node3 x:gettingstarted_shard2_replica1] org.apache.solr.rest.ManagedResourceStorage$ZooKeeperStorageIO; Configured ZooKeeperStorageIO with znodeBase: /configs/gettingstarted
INFO  - 2017-02-05 14:30:32.456; [c:gettingstarted s:shard2 r:core_node3 x:gettingstarted_shard2_replica1] org.apache.solr.rest.ManagedResourceStorage; Loaded null at path _rest_managed.json using ZooKeeperStorageIO:path=/configs/gettingstarted
INFO  - 2017-02-05 14:30:32.456; [c:gettingstarted s:shard2 r:core_node3 x:gettingstarted_shard2_replica1] org.apache.solr.schema.ZkIndexSchemaReader; Creating ZooKeeper watch for the managed schema at /configs/gettingstarted/managed-schema
INFO  - 2017-02-05 14:30:32.457; [c:gettingstarted s:shard2 r:core_node3 x:gettingstarted_shard2_replica1] org.apache.solr.schema.ZkIndexSchemaReader; Current schema version 0 is already the latest
INFO  - 2017-02-05 14:30:32.458; [c:gettingstarted s:shard2 r:core_node3 x:gettingstarted_shard2_replica1] org.apache.solr.handler.component.SpellCheckComponent; Initializing spell checkers
INFO  - 2017-02-05 14:30:32.459; [c:gettingstarted s:shard2 r:core_node3 x:gettingstarted_shard2_replica1] org.apache.solr.spelling.DirectSolrSpellChecker; init: {name=default,field=_text_,classname=solr.DirectSolrSpellChecker,distanceMeasure=internal,accuracy=0.5,maxEdits=2,minPrefix=1,maxInspections=5,minQueryLength=4,maxQueryFrequency=0.01}
INFO  - 2017-02-05 14:30:32.462; [c:gettingstarted s:shard2 r:core_node3 x:gettingstarted_shard2_replica1] org.apache.solr.handler.ReplicationHandler; Commits will be reserved for  10000
INFO  - 2017-02-05 14:30:32.462; [c:gettingstarted s:shard2 r:core_node3 x:gettingstarted_shard2_replica1] org.apache.solr.core.QuerySenderListener; QuerySenderListener sending requests to Searcher@f28b451[gettingstarted_shard1_replica1] main{ExitableDirectoryReader(UninvertingDirectoryReader())}
INFO  - 2017-02-05 14:30:32.462; [c:gettingstarted s:shard2 r:core_node3 x:gettingstarted_shard2_replica1] org.apache.solr.core.QuerySenderListener; QuerySenderListener done.
INFO  - 2017-02-05 14:30:32.463; [c:gettingstarted s:shard2 r:core_node3 x:gettingstarted_shard2_replica1] org.apache.solr.handler.component.SpellCheckComponent$SpellCheckerListener; Loading spell index for spellchecker: default
INFO  - 2017-02-05 14:30:32.467; [c:gettingstarted s:shard2 r:core_node3 x:gettingstarted_shard2_replica1] org.apache.solr.core.SolrCore; [gettingstarted_shard1_replica1] Registered new searcher Searcher@f28b451[gettingstarted_shard1_replica1] main{ExitableDirectoryReader(UninvertingDirectoryReader())}
INFO  - 2017-02-05 14:30:32.468; [c:gettingstarted s:shard2 r:core_node3 x:gettingstarted_shard2_replica1] org.apache.solr.update.UpdateLog; Could not find max version in index or recent updates, using new clock 1558503785725165568
INFO  - 2017-02-05 14:30:32.494; [c:gettingstarted s:shard2 r:core_node3 x:gettingstarted_shard2_replica1] org.apache.solr.update.DefaultSolrCoreState; New IndexWriter is ready to be used.
INFO  - 2017-02-05 14:30:32.495; [c:gettingstarted s:shard2 r:core_node3 x:gettingstarted_shard2_replica1] org.apache.solr.search.SolrIndexSearcher; Opening [Searcher@5907bb4e[gettingstarted_shard1_replica1] main]
INFO  - 2017-02-05 14:30:32.495; [c:gettingstarted s:shard2 r:core_node3 x:gettingstarted_shard2_replica1] org.apache.solr.core.SolrCore; [gettingstarted_shard1_replica1]  CLOSING SolrCore org.apache.solr.core.SolrCore@48bfc148
INFO  - 2017-02-05 14:30:32.495; [c:gettingstarted s:shard2 r:core_node3 x:gettingstarted_shard2_replica1] org.apache.solr.core.QuerySenderListener; QuerySenderListener sending requests to Searcher@5907bb4e[gettingstarted_shard1_replica1] main{ExitableDirectoryReader(UninvertingDirectoryReader())}
INFO  - 2017-02-05 14:30:32.496; [c:gettingstarted s:shard2 r:core_node3 x:gettingstarted_shard2_replica1] org.apache.solr.core.QuerySenderListener; QuerySenderListener done.
INFO  - 2017-02-05 14:30:32.498; [c:gettingstarted s:shard2 r:core_node3 x:gettingstarted_shard2_replica1] org.apache.solr.core.SolrCore; [gettingstarted_shard1_replica1] Registered new searcher Searcher@5907bb4e[gettingstarted_shard1_replica1] main{ExitableDirectoryReader(UninvertingDirectoryReader())}
INFO  - 2017-02-05 14:30:32.527; [c:gettingstarted s:shard2 r:core_node3 x:gettingstarted_shard2_replica1] org.apache.solr.metrics.SolrMetricManager; Closing metric reporters for: solr.core.gettingstarted.shard1.replica1
INFO  - 2017-02-05 14:32:31.772; [   ] org.eclipse.jetty.server.AbstractConnector; Stopped ServerConnector@4145bad8{HTTP/1.1,[http/1.1]}{0.0.0.0:7574}
INFO  - 2017-02-05 14:32:31.774; [   ] org.apache.solr.core.CoreContainer; Shutting down CoreContainer instance=835227336
INFO  - 2017-02-05 14:32:31.786; [c:gettingstarted s:shard1 r:core_node4 x:gettingstarted_shard1_replica1] org.apache.solr.core.SolrCore; [gettingstarted_shard1_replica1]  CLOSING SolrCore org.apache.solr.core.SolrCore@285d731d
INFO  - 2017-02-05 14:32:31.786; [c:gettingstarted s:shard2 r:core_node3 x:gettingstarted_shard2_replica1] org.apache.solr.core.SolrCore; [gettingstarted_shard2_replica1]  CLOSING SolrCore org.apache.solr.core.SolrCore@7e1e54cc
INFO  - 2017-02-05 14:32:31.810; [c:gettingstarted s:shard2 r:core_node3 x:gettingstarted_shard2_replica1] org.apache.solr.metrics.SolrMetricManager; Closing metric reporters for: solr.core.gettingstarted.shard2.replica1
INFO  - 2017-02-05 14:32:31.811; [c:gettingstarted s:shard1 r:core_node4 x:gettingstarted_shard1_replica1] org.apache.solr.metrics.SolrMetricManager; Closing metric reporters for: solr.core.gettingstarted.shard1.replica1
INFO  - 2017-02-05 14:32:31.815; [   ] org.apache.solr.common.cloud.ZkStateReader$StateWatcher; A cluster state change: [WatchedEvent state:SyncConnected type:NodeDataChanged path:/collections/gettingstarted/state.json] for collection [gettingstarted] has occurred - updating... (live nodes size: [2])
WARN  - 2017-02-05 14:32:33.317; [   ] org.apache.solr.common.cloud.ZkStateReader$StateWatcher; ZooKeeper watch triggered, but Solr cannot talk to ZK: [KeeperErrorCode = Session expired for /collections/gettingstarted/state.json]
INFO  - 2017-02-05 14:32:33.317; [   ] org.apache.solr.metrics.SolrMetricManager; Closing metric reporters for: solr.node
INFO  - 2017-02-05 14:32:33.326; [   ] org.eclipse.jetty.server.handler.ContextHandler; Stopped o.e.j.w.WebAppContext@646d64ab{/solr,null,UNAVAILABLE}{C:\Users\user\Desktop\CE6\CZ4034\Project\solr-6.4.0\solr-6.4.0\server/solr-webapp/webapp}
