INFO  - 2017-02-05 14:30:02.948; [   ] org.eclipse.jetty.util.log.Log; Logging initialized @1265ms
INFO  - 2017-02-05 14:30:03.310; [   ] org.eclipse.jetty.server.Server; jetty-9.3.14.v20161028
INFO  - 2017-02-05 14:30:03.353; [   ] org.eclipse.jetty.deploy.providers.ScanningAppProvider; Deployment monitor [file:///C:/Users/user/Desktop/CE6/CZ4034/Project/solr-6.4.0/solr-6.4.0/server/contexts/] at interval 0
INFO  - 2017-02-05 14:30:03.911; [   ] org.eclipse.jetty.webapp.StandardDescriptorProcessor; NO JSP Support for /solr, did not find org.apache.jasper.servlet.JspServlet
INFO  - 2017-02-05 14:30:03.956; [   ] org.apache.solr.servlet.SolrDispatchFilter;  ___      _       Welcome to Apache Solr? version 6.4.0
INFO  - 2017-02-05 14:30:03.957; [   ] org.apache.solr.servlet.SolrDispatchFilter; / __| ___| |_ _   Starting in cloud mode on port 8983
INFO  - 2017-02-05 14:30:03.957; [   ] org.apache.solr.servlet.SolrDispatchFilter; \__ \/ _ \ | '_|  Install dir: C:\Users\user\Desktop\CE6\CZ4034\Project\solr-6.4.0\solr-6.4.0
INFO  - 2017-02-05 14:30:04.010; [   ] org.apache.solr.servlet.SolrDispatchFilter; |___/\___/_|_|    Start time: 2017-02-05T14:30:03.964Z
INFO  - 2017-02-05 14:30:04.038; [   ] org.apache.solr.core.SolrResourceLoader; Using system property solr.solr.home: C:\Users\user\Desktop\CE6\CZ4034\Project\solr-6.4.0\solr-6.4.0\example\cloud\node1\solr
INFO  - 2017-02-05 14:30:04.044; [   ] org.apache.solr.core.SolrXmlConfig; Loading container configuration from C:\Users\user\Desktop\CE6\CZ4034\Project\solr-6.4.0\solr-6.4.0\example\cloud\node1\solr\solr.xml
INFO  - 2017-02-05 14:30:04.441; [   ] org.apache.solr.update.UpdateShardHandler; Creating UpdateShardHandler HTTP client with params: socketTimeout=600000&connTimeout=60000&retry=true
INFO  - 2017-02-05 14:30:04.449; [   ] org.apache.solr.cloud.SolrZkServerProps; Reading configuration from: C:\Users\user\Desktop\CE6\CZ4034\Project\solr-6.4.0\solr-6.4.0\example\cloud\node1\solr\zoo.cfg
INFO  - 2017-02-05 14:30:04.450; [   ] org.apache.solr.cloud.SolrZkServer; STARTING EMBEDDED STANDALONE ZOOKEEPER SERVER at port 9983
INFO  - 2017-02-05 14:30:04.951; [   ] org.apache.solr.core.ZkContainer; Zookeeper client=localhost:9983
INFO  - 2017-02-05 14:30:05.244; [   ] org.apache.solr.cloud.OverseerElectionContext; I am going to be the leader 10.27.224.200:8983_solr
INFO  - 2017-02-05 14:30:05.253; [   ] org.apache.solr.cloud.Overseer; Overseer (id=97406484779106304-10.27.224.200:8983_solr-n_0000000000) starting
INFO  - 2017-02-05 14:30:05.402; [   ] org.apache.solr.cloud.ZkController; Register node as live in ZooKeeper:/live_nodes/10.27.224.200:8983_solr
INFO  - 2017-02-05 14:30:05.411; [   ] org.apache.solr.common.cloud.ZkStateReader; Updated live nodes from ZooKeeper... (0) -> (1)
INFO  - 2017-02-05 14:30:05.644; [   ] org.apache.solr.core.CorePropertiesLocator; Found 0 core definitions underneath C:\Users\user\Desktop\CE6\CZ4034\Project\solr-6.4.0\solr-6.4.0\example\cloud\node1\solr
INFO  - 2017-02-05 14:30:05.682; [   ] org.eclipse.jetty.server.handler.ContextHandler; Started o.e.j.w.WebAppContext@646d64ab{/solr,file:///C:/Users/user/Desktop/CE6/CZ4034/Project/solr-6.4.0/solr-6.4.0/server/solr-webapp/webapp/,AVAILABLE}{C:\Users\user\Desktop\CE6\CZ4034\Project\solr-6.4.0\solr-6.4.0\server/solr-webapp/webapp}
INFO  - 2017-02-05 14:30:05.689; [   ] org.eclipse.jetty.server.AbstractConnector; Started ServerConnector@7bba5817{HTTP/1.1,[http/1.1]}{0.0.0.0:8983}
INFO  - 2017-02-05 14:30:05.690; [   ] org.eclipse.jetty.server.Server; Started @4010ms
INFO  - 2017-02-05 14:30:07.340; [   ] org.apache.solr.servlet.HttpSolrCall; [admin] webapp=null path=/admin/info/system params={wt=json} status=0 QTime=806
INFO  - 2017-02-05 14:30:07.414; [   ] org.apache.solr.handler.admin.CollectionsHandler; Invoked Collection Action :clusterstatus with params action=CLUSTERSTATUS&wt=json and sendToOCPQueue=true
INFO  - 2017-02-05 14:30:07.417; [   ] org.apache.solr.servlet.HttpSolrCall; [admin] webapp=null path=/admin/collections params={action=CLUSTERSTATUS&wt=json} status=0 QTime=23
INFO  - 2017-02-05 14:30:10.381; [   ] org.apache.solr.servlet.HttpSolrCall; [admin] webapp=null path=/admin/info/system params={wt=json} status=0 QTime=35
INFO  - 2017-02-05 14:30:10.418; [   ] org.apache.solr.handler.admin.CollectionsHandler; Invoked Collection Action :clusterstatus with params action=CLUSTERSTATUS&wt=json and sendToOCPQueue=true
INFO  - 2017-02-05 14:30:10.420; [   ] org.apache.solr.servlet.HttpSolrCall; [admin] webapp=null path=/admin/collections params={action=CLUSTERSTATUS&wt=json} status=0 QTime=2
INFO  - 2017-02-05 14:30:13.375; [   ] org.apache.solr.servlet.HttpSolrCall; [admin] webapp=null path=/admin/cores params={indexInfo=false&wt=json&_=1486305013092} status=0 QTime=1
INFO  - 2017-02-05 14:30:13.414; [   ] org.apache.solr.servlet.HttpSolrCall; [admin] webapp=null path=/admin/info/system params={wt=json&_=1486305013094} status=0 QTime=30
INFO  - 2017-02-05 14:30:13.446; [   ] org.apache.solr.servlet.HttpSolrCall; [admin] webapp=null path=/admin/info/system params={wt=json&_=1486305013094} status=0 QTime=25
INFO  - 2017-02-05 14:30:13.833; [   ] org.apache.solr.handler.admin.CollectionsHandler; Invoked Collection Action :list with params action=LIST&wt=json&_=1486305013094 and sendToOCPQueue=true
INFO  - 2017-02-05 14:30:13.834; [   ] org.apache.solr.servlet.HttpSolrCall; [admin] webapp=null path=/admin/collections params={action=LIST&wt=json&_=1486305013094} status=0 QTime=1
INFO  - 2017-02-05 14:30:16.276; [   ] org.apache.solr.common.cloud.ZkStateReader; Updated live nodes from ZooKeeper... (1) -> (2)
INFO  - 2017-02-05 14:30:18.613; [   ] org.apache.solr.handler.admin.CollectionsHandler; Invoked Collection Action :list with params action=list&wt=json and sendToOCPQueue=true
INFO  - 2017-02-05 14:30:18.614; [   ] org.apache.solr.servlet.HttpSolrCall; [admin] webapp=null path=/admin/collections params={action=list&wt=json} status=0 QTime=0
INFO  - 2017-02-05 14:30:18.641; [   ] org.apache.solr.servlet.HttpSolrCall; [admin] webapp=null path=/admin/info/system params={wt=json} status=0 QTime=21
INFO  - 2017-02-05 14:30:18.645; [   ] org.apache.solr.handler.admin.CollectionsHandler; Invoked Collection Action :clusterstatus with params action=CLUSTERSTATUS&wt=json and sendToOCPQueue=true
INFO  - 2017-02-05 14:30:18.646; [   ] org.apache.solr.servlet.HttpSolrCall; [admin] webapp=null path=/admin/collections params={action=CLUSTERSTATUS&wt=json} status=0 QTime=1
INFO  - 2017-02-05 14:30:19.077; [   ] org.apache.solr.handler.admin.CollectionsHandler; Invoked Collection Action :list with params action=list&wt=json and sendToOCPQueue=true
INFO  - 2017-02-05 14:30:19.077; [   ] org.apache.solr.servlet.HttpSolrCall; [admin] webapp=null path=/admin/collections params={action=list&wt=json} status=0 QTime=0
INFO  - 2017-02-05 14:30:19.084; [   ] org.apache.solr.handler.admin.CollectionsHandler; Invoked Collection Action :create with params replicationFactor=2&maxShardsPerNode=2&collection.configName=gettingstarted&name=gettingstarted&action=CREATE&numShards=2&wt=json and sendToOCPQueue=true
INFO  - 2017-02-05 14:30:19.105; [   ] org.apache.solr.cloud.CreateCollectionCmd; Create collection gettingstarted
INFO  - 2017-02-05 14:30:19.317; [   ] org.apache.solr.handler.admin.CoreAdminOperation; core create command qt=/admin/cores&collection.configName=gettingstarted&newCollection=true&name=gettingstarted_shard2_replica2&action=CREATE&numShards=2&collection=gettingstarted&shard=shard2&wt=javabin&version=2
INFO  - 2017-02-05 14:30:19.323; [   ] org.apache.solr.handler.admin.CoreAdminOperation; core create command qt=/admin/cores&collection.configName=gettingstarted&newCollection=true&name=gettingstarted_shard1_replica2&action=CREATE&numShards=2&collection=gettingstarted&shard=shard1&wt=javabin&version=2
INFO  - 2017-02-05 14:30:19.509; [   ] org.apache.solr.common.cloud.ZkStateReader$StateWatcher; A cluster state change: [WatchedEvent state:SyncConnected type:NodeDataChanged path:/collections/gettingstarted/state.json] for collection [gettingstarted] has occurred - updating... (live nodes size: [2])
INFO  - 2017-02-05 14:30:20.506; [c:gettingstarted s:shard1  x:gettingstarted_shard1_replica2] org.apache.solr.core.RequestParams; conf resource params.json loaded . version : 0 
INFO  - 2017-02-05 14:30:20.526; [c:gettingstarted s:shard2  x:gettingstarted_shard2_replica2] org.apache.solr.core.RequestParams; conf resource params.json loaded . version : 0 
INFO  - 2017-02-05 14:30:20.543; [c:gettingstarted s:shard2  x:gettingstarted_shard2_replica2] org.apache.solr.core.RequestParams; request params refreshed to version 0
INFO  - 2017-02-05 14:30:20.555; [c:gettingstarted s:shard1  x:gettingstarted_shard1_replica2] org.apache.solr.core.RequestParams; request params refreshed to version 0
INFO  - 2017-02-05 14:30:20.577; [c:gettingstarted s:shard2  x:gettingstarted_shard2_replica2] org.apache.solr.core.SolrResourceLoader; [gettingstarted_shard2_replica2] Added 51 libs to classloader, from paths: [/C:/Users/user/Desktop/CE6/CZ4034/Project/solr-6.4.0/solr-6.4.0/contrib/clustering/lib, /C:/Users/user/Desktop/CE6/CZ4034/Project/solr-6.4.0/solr-6.4.0/contrib/extraction/lib, /C:/Users/user/Desktop/CE6/CZ4034/Project/solr-6.4.0/solr-6.4.0/contrib/langid/lib, /C:/Users/user/Desktop/CE6/CZ4034/Project/solr-6.4.0/solr-6.4.0/contrib/velocity/lib, /C:/Users/user/Desktop/CE6/CZ4034/Project/solr-6.4.0/solr-6.4.0/dist]
INFO  - 2017-02-05 14:30:20.579; [c:gettingstarted s:shard1  x:gettingstarted_shard1_replica2] org.apache.solr.core.SolrResourceLoader; [gettingstarted_shard1_replica2] Added 51 libs to classloader, from paths: [/C:/Users/user/Desktop/CE6/CZ4034/Project/solr-6.4.0/solr-6.4.0/contrib/clustering/lib, /C:/Users/user/Desktop/CE6/CZ4034/Project/solr-6.4.0/solr-6.4.0/contrib/extraction/lib, /C:/Users/user/Desktop/CE6/CZ4034/Project/solr-6.4.0/solr-6.4.0/contrib/langid/lib, /C:/Users/user/Desktop/CE6/CZ4034/Project/solr-6.4.0/solr-6.4.0/contrib/velocity/lib, /C:/Users/user/Desktop/CE6/CZ4034/Project/solr-6.4.0/solr-6.4.0/dist]
INFO  - 2017-02-05 14:30:21.155; [c:gettingstarted s:shard2  x:gettingstarted_shard2_replica2] org.apache.solr.core.SolrConfig; Using Lucene MatchVersion: 6.4.0
INFO  - 2017-02-05 14:30:21.161; [c:gettingstarted s:shard1  x:gettingstarted_shard1_replica2] org.apache.solr.core.SolrConfig; Using Lucene MatchVersion: 6.4.0
INFO  - 2017-02-05 14:30:21.591; [c:gettingstarted s:shard2  x:gettingstarted_shard2_replica2] org.apache.solr.schema.IndexSchema; [gettingstarted_shard2_replica2] Schema name=example-data-driven-schema
INFO  - 2017-02-05 14:30:21.628; [c:gettingstarted s:shard1  x:gettingstarted_shard1_replica2] org.apache.solr.schema.IndexSchema; [gettingstarted_shard1_replica2] Schema name=example-data-driven-schema
WARN  - 2017-02-05 14:30:21.901; [c:gettingstarted s:shard1  x:gettingstarted_shard1_replica2] org.apache.solr.core.SolrResourceLoader; Solr loaded a deprecated plugin/analysis class [solr.SynonymFilterFactory]. Please consult documentation how to replace it accordingly.
INFO  - 2017-02-05 14:30:22.969; [c:gettingstarted s:shard2  x:gettingstarted_shard2_replica2] org.apache.solr.schema.IndexSchema; Loaded schema example-data-driven-schema/1.6 with uniqueid field id
INFO  - 2017-02-05 14:30:23.010; [c:gettingstarted s:shard1  x:gettingstarted_shard1_replica2] org.apache.solr.schema.IndexSchema; Loaded schema example-data-driven-schema/1.6 with uniqueid field id
INFO  - 2017-02-05 14:30:23.299; [c:gettingstarted s:shard2  x:gettingstarted_shard2_replica2] org.apache.solr.core.CoreContainer; Creating SolrCore 'gettingstarted_shard2_replica2' using configuration from collection gettingstarted
INFO  - 2017-02-05 14:30:23.356; [c:gettingstarted s:shard1  x:gettingstarted_shard1_replica2] org.apache.solr.core.CoreContainer; Creating SolrCore 'gettingstarted_shard1_replica2' using configuration from collection gettingstarted
INFO  - 2017-02-05 14:30:23.370; [c:gettingstarted s:shard1  x:gettingstarted_shard1_replica2] org.apache.solr.core.SolrCore; [[gettingstarted_shard1_replica2] ] Opening new SolrCore at [C:\Users\user\Desktop\CE6\CZ4034\Project\solr-6.4.0\solr-6.4.0\example\cloud\node1\solr\gettingstarted_shard1_replica2], dataDir=[C:\Users\user\Desktop\CE6\CZ4034\Project\solr-6.4.0\solr-6.4.0\example\cloud\node1\solr\gettingstarted_shard1_replica2\data\]
INFO  - 2017-02-05 14:30:23.371; [c:gettingstarted s:shard2  x:gettingstarted_shard2_replica2] org.apache.solr.core.SolrCore; [[gettingstarted_shard2_replica2] ] Opening new SolrCore at [C:\Users\user\Desktop\CE6\CZ4034\Project\solr-6.4.0\solr-6.4.0\example\cloud\node1\solr\gettingstarted_shard2_replica2], dataDir=[C:\Users\user\Desktop\CE6\CZ4034\Project\solr-6.4.0\solr-6.4.0\example\cloud\node1\solr\gettingstarted_shard2_replica2\data\]
INFO  - 2017-02-05 14:30:23.375; [c:gettingstarted s:shard1  x:gettingstarted_shard1_replica2] org.apache.solr.core.JmxMonitoredMap; JMX monitoring is enabled. Adding Solr mbeans to JMX Server: com.sun.jmx.mbeanserver.JmxMBeanServer@4ff293db
INFO  - 2017-02-05 14:30:23.375; [c:gettingstarted s:shard2  x:gettingstarted_shard2_replica2] org.apache.solr.core.JmxMonitoredMap; JMX monitoring is enabled. Adding Solr mbeans to JMX Server: com.sun.jmx.mbeanserver.JmxMBeanServer@4ff293db
INFO  - 2017-02-05 14:30:23.598; [c:gettingstarted s:shard2  x:gettingstarted_shard2_replica2] org.apache.solr.response.XSLTResponseWriter; xsltCacheLifetimeSeconds=5
INFO  - 2017-02-05 14:30:23.600; [c:gettingstarted s:shard1  x:gettingstarted_shard1_replica2] org.apache.solr.response.XSLTResponseWriter; xsltCacheLifetimeSeconds=5
INFO  - 2017-02-05 14:30:25.367; [c:gettingstarted s:shard1  x:gettingstarted_shard1_replica2] org.apache.solr.update.UpdateHandler; Using UpdateLog implementation: org.apache.solr.update.UpdateLog
INFO  - 2017-02-05 14:30:25.368; [c:gettingstarted s:shard1  x:gettingstarted_shard1_replica2] org.apache.solr.update.UpdateLog; Initializing UpdateLog: dataDir= defaultSyncLevel=FLUSH numRecordsToKeep=100 maxNumLogsToKeep=10 numVersionBuckets=65536
INFO  - 2017-02-05 14:30:25.381; [c:gettingstarted s:shard1  x:gettingstarted_shard1_replica2] org.apache.solr.update.CommitTracker; Hard AutoCommit: if uncommited for 15000ms; 
INFO  - 2017-02-05 14:30:25.382; [c:gettingstarted s:shard1  x:gettingstarted_shard1_replica2] org.apache.solr.update.CommitTracker; Soft AutoCommit: disabled
INFO  - 2017-02-05 14:30:25.387; [c:gettingstarted s:shard2  x:gettingstarted_shard2_replica2] org.apache.solr.update.UpdateHandler; Using UpdateLog implementation: org.apache.solr.update.UpdateLog
INFO  - 2017-02-05 14:30:25.419; [c:gettingstarted s:shard2  x:gettingstarted_shard2_replica2] org.apache.solr.update.UpdateLog; Initializing UpdateLog: dataDir= defaultSyncLevel=FLUSH numRecordsToKeep=100 maxNumLogsToKeep=10 numVersionBuckets=65536
INFO  - 2017-02-05 14:30:25.422; [c:gettingstarted s:shard2  x:gettingstarted_shard2_replica2] org.apache.solr.update.CommitTracker; Hard AutoCommit: if uncommited for 15000ms; 
INFO  - 2017-02-05 14:30:25.423; [c:gettingstarted s:shard2  x:gettingstarted_shard2_replica2] org.apache.solr.update.CommitTracker; Soft AutoCommit: disabled
INFO  - 2017-02-05 14:30:25.450; [c:gettingstarted s:shard2  x:gettingstarted_shard2_replica2] org.apache.solr.search.SolrIndexSearcher; Opening [Searcher@ada4d37[gettingstarted_shard2_replica2] main]
INFO  - 2017-02-05 14:30:25.450; [c:gettingstarted s:shard1  x:gettingstarted_shard1_replica2] org.apache.solr.search.SolrIndexSearcher; Opening [Searcher@7177ff4a[gettingstarted_shard1_replica2] main]
INFO  - 2017-02-05 14:30:25.466; [c:gettingstarted s:shard2  x:gettingstarted_shard2_replica2] org.apache.solr.rest.ManagedResourceStorage$ZooKeeperStorageIO; Configured ZooKeeperStorageIO with znodeBase: /configs/gettingstarted
INFO  - 2017-02-05 14:30:25.466; [c:gettingstarted s:shard1  x:gettingstarted_shard1_replica2] org.apache.solr.rest.ManagedResourceStorage$ZooKeeperStorageIO; Configured ZooKeeperStorageIO with znodeBase: /configs/gettingstarted
INFO  - 2017-02-05 14:30:25.488; [c:gettingstarted s:shard2  x:gettingstarted_shard2_replica2] org.apache.solr.rest.ManagedResourceStorage; Loaded null at path _rest_managed.json using ZooKeeperStorageIO:path=/configs/gettingstarted
INFO  - 2017-02-05 14:30:25.488; [c:gettingstarted s:shard1  x:gettingstarted_shard1_replica2] org.apache.solr.rest.ManagedResourceStorage; Loaded null at path _rest_managed.json using ZooKeeperStorageIO:path=/configs/gettingstarted
INFO  - 2017-02-05 14:30:25.491; [c:gettingstarted s:shard2  x:gettingstarted_shard2_replica2] org.apache.solr.schema.ZkIndexSchemaReader; Creating ZooKeeper watch for the managed schema at /configs/gettingstarted/managed-schema
INFO  - 2017-02-05 14:30:25.491; [c:gettingstarted s:shard1  x:gettingstarted_shard1_replica2] org.apache.solr.schema.ZkIndexSchemaReader; Creating ZooKeeper watch for the managed schema at /configs/gettingstarted/managed-schema
INFO  - 2017-02-05 14:30:25.495; [c:gettingstarted s:shard2  x:gettingstarted_shard2_replica2] org.apache.solr.schema.ZkIndexSchemaReader; Current schema version 0 is already the latest
INFO  - 2017-02-05 14:30:25.495; [c:gettingstarted s:shard1  x:gettingstarted_shard1_replica2] org.apache.solr.schema.ZkIndexSchemaReader; Current schema version 0 is already the latest
INFO  - 2017-02-05 14:30:25.507; [c:gettingstarted s:shard1  x:gettingstarted_shard1_replica2] org.apache.solr.handler.component.SpellCheckComponent; Initializing spell checkers
INFO  - 2017-02-05 14:30:25.507; [c:gettingstarted s:shard2  x:gettingstarted_shard2_replica2] org.apache.solr.handler.component.SpellCheckComponent; Initializing spell checkers
INFO  - 2017-02-05 14:30:25.523; [c:gettingstarted s:shard2  x:gettingstarted_shard2_replica2] org.apache.solr.spelling.DirectSolrSpellChecker; init: {name=default,field=_text_,classname=solr.DirectSolrSpellChecker,distanceMeasure=internal,accuracy=0.5,maxEdits=2,minPrefix=1,maxInspections=5,minQueryLength=4,maxQueryFrequency=0.01}
INFO  - 2017-02-05 14:30:25.524; [c:gettingstarted s:shard1  x:gettingstarted_shard1_replica2] org.apache.solr.spelling.DirectSolrSpellChecker; init: {name=default,field=_text_,classname=solr.DirectSolrSpellChecker,distanceMeasure=internal,accuracy=0.5,maxEdits=2,minPrefix=1,maxInspections=5,minQueryLength=4,maxQueryFrequency=0.01}
INFO  - 2017-02-05 14:30:25.554; [c:gettingstarted s:shard2  x:gettingstarted_shard2_replica2] org.apache.solr.handler.ReplicationHandler; Commits will be reserved for  10000
INFO  - 2017-02-05 14:30:25.554; [c:gettingstarted s:shard1  x:gettingstarted_shard1_replica2] org.apache.solr.handler.ReplicationHandler; Commits will be reserved for  10000
INFO  - 2017-02-05 14:30:25.592; [c:gettingstarted s:shard2  x:gettingstarted_shard2_replica2] org.apache.solr.core.QuerySenderListener; QuerySenderListener sending requests to Searcher@ada4d37[gettingstarted_shard2_replica2] main{ExitableDirectoryReader(UninvertingDirectoryReader())}
INFO  - 2017-02-05 14:30:25.592; [c:gettingstarted s:shard1  x:gettingstarted_shard1_replica2] org.apache.solr.core.QuerySenderListener; QuerySenderListener sending requests to Searcher@7177ff4a[gettingstarted_shard1_replica2] main{ExitableDirectoryReader(UninvertingDirectoryReader())}
INFO  - 2017-02-05 14:30:25.593; [c:gettingstarted s:shard1  x:gettingstarted_shard1_replica2] org.apache.solr.core.QuerySenderListener; QuerySenderListener done.
INFO  - 2017-02-05 14:30:25.593; [c:gettingstarted s:shard1  x:gettingstarted_shard1_replica2] org.apache.solr.handler.component.SpellCheckComponent$SpellCheckerListener; Loading spell index for spellchecker: default
INFO  - 2017-02-05 14:30:25.593; [c:gettingstarted s:shard2  x:gettingstarted_shard2_replica2] org.apache.solr.core.QuerySenderListener; QuerySenderListener done.
INFO  - 2017-02-05 14:30:25.594; [c:gettingstarted s:shard2  x:gettingstarted_shard2_replica2] org.apache.solr.handler.component.SpellCheckComponent$SpellCheckerListener; Loading spell index for spellchecker: default
INFO  - 2017-02-05 14:30:25.596; [c:gettingstarted s:shard2  x:gettingstarted_shard2_replica2] org.apache.solr.core.SolrCore; [gettingstarted_shard2_replica2] Registered new searcher Searcher@ada4d37[gettingstarted_shard2_replica2] main{ExitableDirectoryReader(UninvertingDirectoryReader())}
INFO  - 2017-02-05 14:30:25.597; [c:gettingstarted s:shard1  x:gettingstarted_shard1_replica2] org.apache.solr.core.SolrCore; [gettingstarted_shard1_replica2] Registered new searcher Searcher@7177ff4a[gettingstarted_shard1_replica2] main{ExitableDirectoryReader(UninvertingDirectoryReader())}
INFO  - 2017-02-05 14:30:25.610; [c:gettingstarted s:shard2  x:gettingstarted_shard2_replica2] org.apache.solr.update.UpdateLog; Could not find max version in index or recent updates, using new clock 1558503778534031360
INFO  - 2017-02-05 14:30:25.621; [c:gettingstarted s:shard1  x:gettingstarted_shard1_replica2] org.apache.solr.update.UpdateLog; Could not find max version in index or recent updates, using new clock 1558503778545565696
INFO  - 2017-02-05 14:30:25.690; [c:gettingstarted s:shard2  x:gettingstarted_shard2_replica2] org.apache.solr.cloud.ShardLeaderElectionContext; Enough replicas found to continue.
INFO  - 2017-02-05 14:30:25.693; [c:gettingstarted s:shard2  x:gettingstarted_shard2_replica2] org.apache.solr.cloud.ShardLeaderElectionContext; I may be the new leader - try and sync
INFO  - 2017-02-05 14:30:25.694; [c:gettingstarted s:shard2  x:gettingstarted_shard2_replica2] org.apache.solr.cloud.SyncStrategy; Sync replicas to http://10.27.224.200:8983/solr/gettingstarted_shard2_replica2/
INFO  - 2017-02-05 14:30:25.700; [c:gettingstarted s:shard2  x:gettingstarted_shard2_replica2] org.apache.solr.update.PeerSync; PeerSync: core=gettingstarted_shard2_replica2 url=http://10.27.224.200:8983/solr START replicas=[http://10.27.224.200:7574/solr/gettingstarted_shard2_replica1/] nUpdates=100
INFO  - 2017-02-05 14:30:25.701; [c:gettingstarted s:shard2  x:gettingstarted_shard2_replica2] org.apache.solr.update.PeerSync; PeerSync: core=gettingstarted_shard2_replica2 url=http://10.27.224.200:8983/solr DONE.  We have no versions.  sync failed.
INFO  - 2017-02-05 14:30:25.708; [   ] org.apache.solr.common.cloud.ZkStateReader$StateWatcher; A cluster state change: [WatchedEvent state:SyncConnected type:NodeDataChanged path:/collections/gettingstarted/state.json] for collection [gettingstarted] has occurred - updating... (live nodes size: [2])
INFO  - 2017-02-05 14:30:25.750; [c:gettingstarted s:shard2  x:gettingstarted_shard2_replica2] org.apache.solr.cloud.SyncStrategy; Leader's attempt to sync with shard failed, moving to the next candidate
INFO  - 2017-02-05 14:30:25.753; [c:gettingstarted s:shard2  x:gettingstarted_shard2_replica2] org.apache.solr.cloud.ShardLeaderElectionContext; We failed sync, but we have no versions - we can't sync in that case - we were active before, so become leader anyway
INFO  - 2017-02-05 14:30:25.803; [c:gettingstarted s:shard2  x:gettingstarted_shard2_replica2] org.apache.solr.cloud.ShardLeaderElectionContext; I am the new leader: http://10.27.224.200:8983/solr/gettingstarted_shard2_replica2/ shard2
INFO  - 2017-02-05 14:30:25.896; [c:gettingstarted s:shard1 r:core_node2 x:gettingstarted_shard1_replica2] org.apache.solr.core.SolrCore; [gettingstarted_shard1_replica2]  webapp=/solr path=/get params={distrib=false&qt=/get&fingerprint=false&getVersions=100&wt=javabin&version=2} status=0 QTime=3
INFO  - 2017-02-05 14:30:25.926; [   ] org.apache.solr.common.cloud.ZkStateReader$StateWatcher; A cluster state change: [WatchedEvent state:SyncConnected type:NodeDataChanged path:/collections/gettingstarted/state.json] for collection [gettingstarted] has occurred - updating... (live nodes size: [2])
INFO  - 2017-02-05 14:30:25.961; [c:gettingstarted s:shard2  x:gettingstarted_shard2_replica2] org.apache.solr.cloud.ZkController; I am the leader, no recovery necessary
INFO  - 2017-02-05 14:30:25.971; [c:gettingstarted s:shard2  x:gettingstarted_shard2_replica2] org.apache.solr.servlet.HttpSolrCall; [admin] webapp=null path=/admin/cores params={qt=/admin/cores&collection.configName=gettingstarted&newCollection=true&name=gettingstarted_shard2_replica2&action=CREATE&numShards=2&collection=gettingstarted&shard=shard2&wt=javabin&version=2} status=0 QTime=6657
INFO  - 2017-02-05 14:30:26.087; [   ] org.apache.solr.common.cloud.ZkStateReader$StateWatcher; A cluster state change: [WatchedEvent state:SyncConnected type:NodeDataChanged path:/collections/gettingstarted/state.json] for collection [gettingstarted] has occurred - updating... (live nodes size: [2])
INFO  - 2017-02-05 14:30:26.244; [   ] org.apache.solr.common.cloud.ZkStateReader$StateWatcher; A cluster state change: [WatchedEvent state:SyncConnected type:NodeDataChanged path:/collections/gettingstarted/state.json] for collection [gettingstarted] has occurred - updating... (live nodes size: [2])
INFO  - 2017-02-05 14:30:26.723; [c:gettingstarted s:shard1  x:gettingstarted_shard1_replica2] org.apache.solr.servlet.HttpSolrCall; [admin] webapp=null path=/admin/cores params={qt=/admin/cores&collection.configName=gettingstarted&newCollection=true&name=gettingstarted_shard1_replica2&action=CREATE&numShards=2&collection=gettingstarted&shard=shard1&wt=javabin&version=2} status=0 QTime=7400
INFO  - 2017-02-05 14:30:26.766; [   ] org.apache.solr.handler.admin.CollectionsHandler; Wait for new collection to be active for at most 30 seconds. Check all shard replicas
INFO  - 2017-02-05 14:30:26.839; [   ] org.apache.solr.common.cloud.ZkStateReader$StateWatcher; A cluster state change: [WatchedEvent state:SyncConnected type:NodeDataChanged path:/collections/gettingstarted/state.json] for collection [gettingstarted] has occurred - updating... (live nodes size: [2])
INFO  - 2017-02-05 14:30:27.250; [   ] org.apache.solr.cloud.OverseerTaskQueue; Response ZK path: /overseer/collection-queue-work/qnr-0000000000 doesn't exist.  Requestor may have disconnected from ZooKeeper
INFO  - 2017-02-05 14:30:27.766; [   ] org.apache.solr.servlet.HttpSolrCall; [admin] webapp=null path=/admin/collections params={replicationFactor=2&maxShardsPerNode=2&collection.configName=gettingstarted&name=gettingstarted&action=CREATE&numShards=2&wt=json} status=0 QTime=8681
WARN  - 2017-02-05 14:30:27.786; [   ] org.apache.zookeeper.server.NIOServerCnxn; caught end of stream exception
EndOfStreamException: Unable to read additional data from client sessionid 0x15a0eae8c140004, likely client has closed socket
	at org.apache.zookeeper.server.NIOServerCnxn.doIO(NIOServerCnxn.java:228)
	at org.apache.zookeeper.server.NIOServerCnxnFactory.run(NIOServerCnxnFactory.java:208)
	at java.lang.Thread.run(Thread.java:745)
INFO  - 2017-02-05 14:30:27.843; [c:gettingstarted s:shard1 r:core_node2 x:gettingstarted_shard1_replica2] org.apache.solr.handler.SolrConfigHandler$Command; Executed config commands successfully and persisted to ZK [{"set-property":{"updateHandler.autoSoftCommit.maxTime":"3000"}}]
INFO  - 2017-02-05 14:30:27.844; [c:gettingstarted s:shard1 r:core_node2 x:gettingstarted_shard1_replica2] org.apache.solr.handler.SolrConfigHandler; Waiting up to 30 secs for 4 replicas to set the property overlay to be of version 0 for collection gettingstarted
INFO  - 2017-02-05 14:30:27.845; [   ] org.apache.solr.core.SolrCore; config update listener called for core gettingstarted_shard2_replica2
INFO  - 2017-02-05 14:30:27.852; [   ] org.apache.solr.core.SolrCore; core reload gettingstarted_shard2_replica2
INFO  - 2017-02-05 14:30:27.853; [c:gettingstarted s:shard1 r:core_node2 x:gettingstarted_shard1_replica2] org.apache.solr.handler.SolrConfigHandler$PerReplicaCallable; Time elapsed : 0 secs, maxWait 30
INFO  - 2017-02-05 14:30:27.854; [c:gettingstarted s:shard1 r:core_node2 x:gettingstarted_shard1_replica2] org.apache.solr.handler.SolrConfigHandler$PerReplicaCallable; Time elapsed : 0 secs, maxWait 30
INFO  - 2017-02-05 14:30:27.854; [c:gettingstarted s:shard1 r:core_node2 x:gettingstarted_shard1_replica2] org.apache.solr.handler.SolrConfigHandler$PerReplicaCallable; Time elapsed : 0 secs, maxWait 30
INFO  - 2017-02-05 14:30:27.855; [c:gettingstarted s:shard1 r:core_node2 x:gettingstarted_shard1_replica2] org.apache.solr.handler.SolrConfigHandler$PerReplicaCallable; Time elapsed : 0 secs, maxWait 30
INFO  - 2017-02-05 14:30:27.923; [   ] org.apache.solr.core.RequestParams; conf resource params.json loaded . version : 0 
INFO  - 2017-02-05 14:30:27.923; [   ] org.apache.solr.core.RequestParams; request params refreshed to version 0
INFO  - 2017-02-05 14:30:27.934; [   ] org.apache.solr.core.SolrResourceLoader; [gettingstarted_shard2_replica2] Added 51 libs to classloader, from paths: [/C:/Users/user/Desktop/CE6/CZ4034/Project/solr-6.4.0/solr-6.4.0/contrib/clustering/lib, /C:/Users/user/Desktop/CE6/CZ4034/Project/solr-6.4.0/solr-6.4.0/contrib/extraction/lib, /C:/Users/user/Desktop/CE6/CZ4034/Project/solr-6.4.0/solr-6.4.0/contrib/langid/lib, /C:/Users/user/Desktop/CE6/CZ4034/Project/solr-6.4.0/solr-6.4.0/contrib/velocity/lib, /C:/Users/user/Desktop/CE6/CZ4034/Project/solr-6.4.0/solr-6.4.0/dist]
INFO  - 2017-02-05 14:30:27.985; [c:gettingstarted s:shard1 r:core_node2 x:gettingstarted_shard1_replica2] org.apache.solr.handler.SolrConfigHandler$Command; expecting overlay version 0 but my version is -1
INFO  - 2017-02-05 14:30:27.986; [c:gettingstarted s:shard1 r:core_node2 x:gettingstarted_shard1_replica2] org.apache.solr.core.SolrCore; [gettingstarted_shard1_replica2]  webapp=/solr path=/config/znodeVersion params={overlay=0&wt=javabin&version=2} status=0 QTime=1
INFO  - 2017-02-05 14:30:27.995; [c:gettingstarted s:shard2 r:core_node1 x:gettingstarted_shard2_replica2] org.apache.solr.handler.SolrConfigHandler$Command; expecting overlay version 0 but my version is -1
INFO  - 2017-02-05 14:30:28.005; [c:gettingstarted s:shard2 r:core_node1 x:gettingstarted_shard2_replica2] org.apache.solr.core.SolrCore; [gettingstarted_shard2_replica2]  webapp=/solr path=/config/znodeVersion params={overlay=0&wt=javabin&version=2} status=0 QTime=10
INFO  - 2017-02-05 14:30:28.018; [c:gettingstarted s:shard1 r:core_node2 x:gettingstarted_shard1_replica2] org.apache.solr.handler.SolrConfigHandler$PerReplicaCallable; Could not get expectedVersion 0 from http://10.27.224.200:8983/solr/gettingstarted_shard1_replica2/ for prop overlay   after 1 attempts
INFO  - 2017-02-05 14:30:28.018; [c:gettingstarted s:shard1 r:core_node2 x:gettingstarted_shard1_replica2] org.apache.solr.handler.SolrConfigHandler$PerReplicaCallable; Time elapsed : 0 secs, maxWait 30
INFO  - 2017-02-05 14:30:28.020; [c:gettingstarted s:shard1 r:core_node2 x:gettingstarted_shard1_replica2] org.apache.solr.handler.SolrConfigHandler$PerReplicaCallable; Could not get expectedVersion 0 from http://10.27.224.200:7574/solr/gettingstarted_shard2_replica1/ for prop overlay   after 1 attempts
INFO  - 2017-02-05 14:30:28.021; [c:gettingstarted s:shard1 r:core_node2 x:gettingstarted_shard1_replica2] org.apache.solr.handler.SolrConfigHandler$PerReplicaCallable; Time elapsed : 0 secs, maxWait 30
INFO  - 2017-02-05 14:30:28.022; [c:gettingstarted s:shard1 r:core_node2 x:gettingstarted_shard1_replica2] org.apache.solr.handler.SolrConfigHandler$PerReplicaCallable; Could not get expectedVersion 0 from http://10.27.224.200:7574/solr/gettingstarted_shard1_replica1/ for prop overlay   after 1 attempts
INFO  - 2017-02-05 14:30:28.022; [c:gettingstarted s:shard1 r:core_node2 x:gettingstarted_shard1_replica2] org.apache.solr.handler.SolrConfigHandler$PerReplicaCallable; Time elapsed : 0 secs, maxWait 30
INFO  - 2017-02-05 14:30:28.023; [   ] org.apache.solr.core.SolrConfig; Using Lucene MatchVersion: 6.4.0
INFO  - 2017-02-05 14:30:28.035; [c:gettingstarted s:shard1 r:core_node2 x:gettingstarted_shard1_replica2] org.apache.solr.handler.SolrConfigHandler$PerReplicaCallable; Could not get expectedVersion 0 from http://10.27.224.200:8983/solr/gettingstarted_shard2_replica2/ for prop overlay   after 1 attempts
INFO  - 2017-02-05 14:30:28.035; [c:gettingstarted s:shard1 r:core_node2 x:gettingstarted_shard1_replica2] org.apache.solr.handler.SolrConfigHandler$PerReplicaCallable; Time elapsed : 0 secs, maxWait 30
INFO  - 2017-02-05 14:30:28.036; [c:gettingstarted s:shard1 r:core_node2 x:gettingstarted_shard1_replica2] org.apache.solr.handler.SolrConfigHandler$Command; Trying to update my configs
INFO  - 2017-02-05 14:30:28.036; [c:gettingstarted s:shard1 r:core_node2 x:gettingstarted_shard1_replica2] org.apache.solr.core.SolrCore; config update listener called for core gettingstarted_shard1_replica2
INFO  - 2017-02-05 14:30:28.038; [c:gettingstarted s:shard2 r:core_node1 x:gettingstarted_shard2_replica2] org.apache.solr.handler.SolrConfigHandler$Command; Trying to update my configs
INFO  - 2017-02-05 14:30:28.038; [c:gettingstarted s:shard2 r:core_node1 x:gettingstarted_shard2_replica2] org.apache.solr.core.SolrCore; config update listener called for core gettingstarted_shard2_replica2
INFO  - 2017-02-05 14:30:28.128; [c:gettingstarted s:shard1 r:core_node2 x:gettingstarted_shard1_replica2] org.apache.solr.core.SolrCore; core reload gettingstarted_shard1_replica2
INFO  - 2017-02-05 14:30:28.129; [c:gettingstarted s:shard2 r:core_node1 x:gettingstarted_shard2_replica2] org.apache.solr.core.SolrCore; core reload gettingstarted_shard2_replica2
INFO  - 2017-02-05 14:30:28.195; [c:gettingstarted s:shard1 r:core_node2 x:gettingstarted_shard1_replica2] org.apache.solr.core.RequestParams; conf resource params.json loaded . version : 0 
INFO  - 2017-02-05 14:30:28.195; [c:gettingstarted s:shard1 r:core_node2 x:gettingstarted_shard1_replica2] org.apache.solr.core.RequestParams; request params refreshed to version 0
INFO  - 2017-02-05 14:30:28.204; [c:gettingstarted s:shard1 r:core_node2 x:gettingstarted_shard1_replica2] org.apache.solr.core.SolrResourceLoader; [gettingstarted_shard1_replica2] Added 51 libs to classloader, from paths: [/C:/Users/user/Desktop/CE6/CZ4034/Project/solr-6.4.0/solr-6.4.0/contrib/clustering/lib, /C:/Users/user/Desktop/CE6/CZ4034/Project/solr-6.4.0/solr-6.4.0/contrib/extraction/lib, /C:/Users/user/Desktop/CE6/CZ4034/Project/solr-6.4.0/solr-6.4.0/contrib/langid/lib, /C:/Users/user/Desktop/CE6/CZ4034/Project/solr-6.4.0/solr-6.4.0/contrib/velocity/lib, /C:/Users/user/Desktop/CE6/CZ4034/Project/solr-6.4.0/solr-6.4.0/dist]
INFO  - 2017-02-05 14:30:28.234; [   ] org.apache.solr.schema.IndexSchema; [gettingstarted_shard2_replica2] Schema name=example-data-driven-schema
INFO  - 2017-02-05 14:30:28.271; [c:gettingstarted s:shard1 r:core_node2 x:gettingstarted_shard1_replica2] org.apache.solr.core.SolrConfig; Using Lucene MatchVersion: 6.4.0
INFO  - 2017-02-05 14:30:28.416; [c:gettingstarted s:shard1 r:core_node2 x:gettingstarted_shard1_replica2] org.apache.solr.handler.SolrConfigHandler$PerReplicaCallable; Could not get expectedVersion 0 from http://10.27.224.200:7574/solr/gettingstarted_shard2_replica1/ for prop overlay   after 2 attempts
INFO  - 2017-02-05 14:30:28.417; [c:gettingstarted s:shard1 r:core_node2 x:gettingstarted_shard1_replica2] org.apache.solr.handler.SolrConfigHandler$PerReplicaCallable; Time elapsed : 0 secs, maxWait 30
INFO  - 2017-02-05 14:30:28.811; [c:gettingstarted s:shard1 r:core_node2 x:gettingstarted_shard1_replica2] org.apache.solr.handler.SolrConfigHandler$Command; expecting overlay version 0 but my version is -1
INFO  - 2017-02-05 14:30:28.812; [c:gettingstarted s:shard1 r:core_node2 x:gettingstarted_shard1_replica2] org.apache.solr.core.SolrCore; [gettingstarted_shard1_replica2]  webapp=/solr path=/config/znodeVersion params={overlay=0&wt=javabin&version=2} status=0 QTime=0
INFO  - 2017-02-05 14:30:28.818; [c:gettingstarted s:shard2 r:core_node1 x:gettingstarted_shard2_replica2] org.apache.solr.handler.SolrConfigHandler$Command; expecting overlay version 0 but my version is -1
INFO  - 2017-02-05 14:30:28.819; [c:gettingstarted s:shard2 r:core_node1 x:gettingstarted_shard2_replica2] org.apache.solr.core.SolrCore; [gettingstarted_shard2_replica2]  webapp=/solr path=/config/znodeVersion params={overlay=0&wt=javabin&version=2} status=0 QTime=0
INFO  - 2017-02-05 14:30:28.830; [c:gettingstarted s:shard1 r:core_node2 x:gettingstarted_shard1_replica2] org.apache.solr.handler.SolrConfigHandler$PerReplicaCallable; Could not get expectedVersion 0 from http://10.27.224.200:8983/solr/gettingstarted_shard1_replica2/ for prop overlay   after 2 attempts
INFO  - 2017-02-05 14:30:28.830; [c:gettingstarted s:shard1 r:core_node2 x:gettingstarted_shard1_replica2] org.apache.solr.handler.SolrConfigHandler$PerReplicaCallable; Time elapsed : 0 secs, maxWait 30
INFO  - 2017-02-05 14:30:28.835; [c:gettingstarted s:shard1 r:core_node2 x:gettingstarted_shard1_replica2] org.apache.solr.handler.SolrConfigHandler$PerReplicaCallable; Could not get expectedVersion 0 from http://10.27.224.200:8983/solr/gettingstarted_shard2_replica2/ for prop overlay   after 2 attempts
INFO  - 2017-02-05 14:30:28.835; [c:gettingstarted s:shard1 r:core_node2 x:gettingstarted_shard1_replica2] org.apache.solr.handler.SolrConfigHandler$PerReplicaCallable; Time elapsed : 0 secs, maxWait 30
INFO  - 2017-02-05 14:30:29.002; [c:gettingstarted s:shard2 r:core_node1 x:gettingstarted_shard2_replica2] org.apache.solr.handler.SolrConfigHandler$Command; Another reload is in progress . Not doing anything
INFO  - 2017-02-05 14:30:29.010; [c:gettingstarted s:shard1 r:core_node2 x:gettingstarted_shard1_replica2] org.apache.solr.handler.SolrConfigHandler$PerReplicaCallable; Could not get expectedVersion 0 from http://10.27.224.200:7574/solr/gettingstarted_shard2_replica1/ for prop overlay   after 3 attempts
INFO  - 2017-02-05 14:30:29.010; [c:gettingstarted s:shard1 r:core_node2 x:gettingstarted_shard1_replica2] org.apache.solr.handler.SolrConfigHandler$PerReplicaCallable; Time elapsed : 1 secs, maxWait 30
INFO  - 2017-02-05 14:30:29.011; [c:gettingstarted s:shard1 r:core_node2 x:gettingstarted_shard1_replica2] org.apache.solr.handler.SolrConfigHandler$Command; Another reload is in progress . Not doing anything
INFO  - 2017-02-05 14:30:29.012; [c:gettingstarted s:shard1 r:core_node2 x:gettingstarted_shard1_replica2] org.apache.solr.handler.SolrConfigHandler$PerReplicaCallable; Could not get expectedVersion 0 from http://10.27.224.200:7574/solr/gettingstarted_shard1_replica1/ for prop overlay   after 2 attempts
INFO  - 2017-02-05 14:30:29.012; [c:gettingstarted s:shard1 r:core_node2 x:gettingstarted_shard1_replica2] org.apache.solr.handler.SolrConfigHandler$PerReplicaCallable; Time elapsed : 1 secs, maxWait 30
INFO  - 2017-02-05 14:30:29.083; [c:gettingstarted s:shard1 r:core_node2 x:gettingstarted_shard1_replica2] org.apache.solr.schema.IndexSchema; [gettingstarted_shard1_replica2] Schema name=example-data-driven-schema
INFO  - 2017-02-05 14:30:29.313; [c:gettingstarted s:shard1 r:core_node2 x:gettingstarted_shard1_replica2] org.apache.solr.handler.SolrConfigHandler$Command; expecting overlay version 0 but my version is -1
INFO  - 2017-02-05 14:30:29.314; [c:gettingstarted s:shard1 r:core_node2 x:gettingstarted_shard1_replica2] org.apache.solr.core.SolrCore; [gettingstarted_shard1_replica2]  webapp=/solr path=/config/znodeVersion params={overlay=0&wt=javabin&version=2} status=0 QTime=0
INFO  - 2017-02-05 14:30:29.317; [c:gettingstarted s:shard2 r:core_node1 x:gettingstarted_shard2_replica2] org.apache.solr.handler.SolrConfigHandler$Command; expecting overlay version 0 but my version is -1
INFO  - 2017-02-05 14:30:29.318; [c:gettingstarted s:shard2 r:core_node1 x:gettingstarted_shard2_replica2] org.apache.solr.core.SolrCore; [gettingstarted_shard2_replica2]  webapp=/solr path=/config/znodeVersion params={overlay=0&wt=javabin&version=2} status=0 QTime=0
INFO  - 2017-02-05 14:30:29.351; [c:gettingstarted s:shard1 r:core_node2 x:gettingstarted_shard1_replica2] org.apache.solr.handler.SolrConfigHandler$PerReplicaCallable; Could not get expectedVersion 0 from http://10.27.224.200:8983/solr/gettingstarted_shard1_replica2/ for prop overlay   after 3 attempts
INFO  - 2017-02-05 14:30:29.351; [c:gettingstarted s:shard1 r:core_node2 x:gettingstarted_shard1_replica2] org.apache.solr.handler.SolrConfigHandler$PerReplicaCallable; Time elapsed : 1 secs, maxWait 30
INFO  - 2017-02-05 14:30:29.352; [c:gettingstarted s:shard1 r:core_node2 x:gettingstarted_shard1_replica2] org.apache.solr.handler.SolrConfigHandler$PerReplicaCallable; Could not get expectedVersion 0 from http://10.27.224.200:8983/solr/gettingstarted_shard2_replica2/ for prop overlay   after 3 attempts
INFO  - 2017-02-05 14:30:29.352; [c:gettingstarted s:shard1 r:core_node2 x:gettingstarted_shard1_replica2] org.apache.solr.handler.SolrConfigHandler$PerReplicaCallable; Time elapsed : 1 secs, maxWait 30
INFO  - 2017-02-05 14:30:29.477; [c:gettingstarted s:shard2 r:core_node1 x:gettingstarted_shard2_replica2] org.apache.solr.handler.SolrConfigHandler$Command; Another reload is in progress . Not doing anything
INFO  - 2017-02-05 14:30:29.477; [c:gettingstarted s:shard1 r:core_node2 x:gettingstarted_shard1_replica2] org.apache.solr.handler.SolrConfigHandler$Command; Another reload is in progress . Not doing anything
INFO  - 2017-02-05 14:30:29.548; [c:gettingstarted s:shard1 r:core_node2 x:gettingstarted_shard1_replica2] org.apache.solr.handler.SolrConfigHandler$PerReplicaCallable; Could not get expectedVersion 0 from http://10.27.224.200:7574/solr/gettingstarted_shard1_replica1/ for prop overlay   after 3 attempts
INFO  - 2017-02-05 14:30:29.548; [c:gettingstarted s:shard1 r:core_node2 x:gettingstarted_shard1_replica2] org.apache.solr.handler.SolrConfigHandler$PerReplicaCallable; Time elapsed : 1 secs, maxWait 30
INFO  - 2017-02-05 14:30:29.550; [c:gettingstarted s:shard2 r:core_node1 x:gettingstarted_shard2_replica2] org.apache.solr.handler.SolrConfigHandler$Command; expecting overlay version 0 but my version is -1
INFO  - 2017-02-05 14:30:29.550; [c:gettingstarted s:shard2 r:core_node1 x:gettingstarted_shard2_replica2] org.apache.solr.core.SolrCore; [gettingstarted_shard2_replica2]  webapp=/solr path=/config/znodeVersion params={overlay=0&wt=javabin&version=2} status=0 QTime=0
INFO  - 2017-02-05 14:30:29.552; [c:gettingstarted s:shard1 r:core_node2 x:gettingstarted_shard1_replica2] org.apache.solr.handler.SolrConfigHandler$PerReplicaCallable; Could not get expectedVersion 0 from http://10.27.224.200:7574/solr/gettingstarted_shard2_replica1/ for prop overlay   after 4 attempts
INFO  - 2017-02-05 14:30:29.553; [c:gettingstarted s:shard1 r:core_node2 x:gettingstarted_shard1_replica2] org.apache.solr.handler.SolrConfigHandler$PerReplicaCallable; Time elapsed : 1 secs, maxWait 30
INFO  - 2017-02-05 14:30:29.553; [c:gettingstarted s:shard1 r:core_node2 x:gettingstarted_shard1_replica2] org.apache.solr.handler.SolrConfigHandler$PerReplicaCallable; Could not get expectedVersion 0 from http://10.27.224.200:8983/solr/gettingstarted_shard2_replica2/ for prop overlay   after 4 attempts
INFO  - 2017-02-05 14:30:29.554; [c:gettingstarted s:shard1 r:core_node2 x:gettingstarted_shard1_replica2] org.apache.solr.handler.SolrConfigHandler$PerReplicaCallable; Time elapsed : 1 secs, maxWait 30
INFO  - 2017-02-05 14:30:29.555; [c:gettingstarted s:shard1 r:core_node2 x:gettingstarted_shard1_replica2] org.apache.solr.handler.SolrConfigHandler$Command; expecting overlay version 0 but my version is -1
INFO  - 2017-02-05 14:30:29.555; [c:gettingstarted s:shard1 r:core_node2 x:gettingstarted_shard1_replica2] org.apache.solr.core.SolrCore; [gettingstarted_shard1_replica2]  webapp=/solr path=/config/znodeVersion params={overlay=0&wt=javabin&version=2} status=0 QTime=0
INFO  - 2017-02-05 14:30:29.557; [c:gettingstarted s:shard1 r:core_node2 x:gettingstarted_shard1_replica2] org.apache.solr.handler.SolrConfigHandler$PerReplicaCallable; Could not get expectedVersion 0 from http://10.27.224.200:8983/solr/gettingstarted_shard1_replica2/ for prop overlay   after 4 attempts
INFO  - 2017-02-05 14:30:29.557; [c:gettingstarted s:shard1 r:core_node2 x:gettingstarted_shard1_replica2] org.apache.solr.handler.SolrConfigHandler$PerReplicaCallable; Time elapsed : 1 secs, maxWait 30
INFO  - 2017-02-05 14:30:29.625; [   ] org.apache.solr.schema.IndexSchema; Loaded schema example-data-driven-schema/1.6 with uniqueid field id
INFO  - 2017-02-05 14:30:29.638; [c:gettingstarted s:shard2 r:core_node1 x:gettingstarted_shard2_replica2] org.apache.solr.handler.SolrConfigHandler$Command; Another reload is in progress . Not doing anything
INFO  - 2017-02-05 14:30:29.820; [   ] org.apache.solr.core.CoreContainer; Reloading SolrCore 'gettingstarted_shard2_replica2' using configuration from collection gettingstarted
INFO  - 2017-02-05 14:30:29.830; [c:gettingstarted s:shard2 r:core_node1 x:gettingstarted_shard2_replica2] org.apache.solr.core.SolrCore; [[gettingstarted_shard2_replica2] ] Opening new SolrCore at [C:\Users\user\Desktop\CE6\CZ4034\Project\solr-6.4.0\solr-6.4.0\example\cloud\node1\solr\gettingstarted_shard2_replica2], dataDir=[C:\Users\user\Desktop\CE6\CZ4034\Project\solr-6.4.0\solr-6.4.0\example\cloud\node1\solr\gettingstarted_shard2_replica2\data\]
INFO  - 2017-02-05 14:30:29.830; [c:gettingstarted s:shard2 r:core_node1 x:gettingstarted_shard2_replica2] org.apache.solr.core.JmxMonitoredMap; JMX monitoring is enabled. Adding Solr mbeans to JMX Server: com.sun.jmx.mbeanserver.JmxMBeanServer@4ff293db
INFO  - 2017-02-05 14:30:29.836; [c:gettingstarted s:shard1 r:core_node2 x:gettingstarted_shard1_replica2] org.apache.solr.handler.SolrConfigHandler$Command; expecting overlay version 0 but my version is -1
INFO  - 2017-02-05 14:30:29.832; [c:gettingstarted s:shard2 r:core_node1 x:gettingstarted_shard2_replica2] org.apache.solr.handler.SolrConfigHandler$Command; expecting overlay version 0 but my version is -1
INFO  - 2017-02-05 14:30:29.840; [c:gettingstarted s:shard2 r:core_node1 x:gettingstarted_shard2_replica2] org.apache.solr.core.SolrCore; [gettingstarted_shard2_replica2]  webapp=/solr path=/config/znodeVersion params={overlay=0&wt=javabin&version=2} status=0 QTime=7
INFO  - 2017-02-05 14:30:29.840; [c:gettingstarted s:shard1 r:core_node2 x:gettingstarted_shard1_replica2] org.apache.solr.core.SolrCore; [gettingstarted_shard1_replica2]  webapp=/solr path=/config/znodeVersion params={overlay=0&wt=javabin&version=2} status=0 QTime=4
INFO  - 2017-02-05 14:30:29.842; [c:gettingstarted s:shard1 r:core_node2 x:gettingstarted_shard1_replica2] org.apache.solr.handler.SolrConfigHandler$Command; Another reload is in progress . Not doing anything
INFO  - 2017-02-05 14:30:29.847; [c:gettingstarted s:shard2 r:core_node1 x:gettingstarted_shard2_replica2] org.apache.solr.response.XSLTResponseWriter; xsltCacheLifetimeSeconds=5
INFO  - 2017-02-05 14:30:29.848; [c:gettingstarted s:shard1 r:core_node2 x:gettingstarted_shard1_replica2] org.apache.solr.handler.SolrConfigHandler$PerReplicaCallable; Could not get expectedVersion 0 from http://10.27.224.200:7574/solr/gettingstarted_shard2_replica1/ for prop overlay   after 5 attempts
INFO  - 2017-02-05 14:30:29.848; [c:gettingstarted s:shard1 r:core_node2 x:gettingstarted_shard1_replica2] org.apache.solr.handler.SolrConfigHandler$PerReplicaCallable; Time elapsed : 2 secs, maxWait 30
INFO  - 2017-02-05 14:30:29.852; [c:gettingstarted s:shard1 r:core_node2 x:gettingstarted_shard1_replica2] org.apache.solr.handler.SolrConfigHandler$PerReplicaCallable; Could not get expectedVersion 0 from http://10.27.224.200:8983/solr/gettingstarted_shard2_replica2/ for prop overlay   after 5 attempts
INFO  - 2017-02-05 14:30:29.852; [c:gettingstarted s:shard1 r:core_node2 x:gettingstarted_shard1_replica2] org.apache.solr.handler.SolrConfigHandler$PerReplicaCallable; Time elapsed : 2 secs, maxWait 30
INFO  - 2017-02-05 14:30:29.852; [c:gettingstarted s:shard1 r:core_node2 x:gettingstarted_shard1_replica2] org.apache.solr.handler.SolrConfigHandler$PerReplicaCallable; Could not get expectedVersion 0 from http://10.27.224.200:8983/solr/gettingstarted_shard1_replica2/ for prop overlay   after 5 attempts
INFO  - 2017-02-05 14:30:29.852; [c:gettingstarted s:shard1 r:core_node2 x:gettingstarted_shard1_replica2] org.apache.solr.handler.SolrConfigHandler$PerReplicaCallable; Could not get expectedVersion 0 from http://10.27.224.200:7574/solr/gettingstarted_shard1_replica1/ for prop overlay   after 4 attempts
INFO  - 2017-02-05 14:30:29.853; [c:gettingstarted s:shard1 r:core_node2 x:gettingstarted_shard1_replica2] org.apache.solr.handler.SolrConfigHandler$PerReplicaCallable; Time elapsed : 2 secs, maxWait 30
INFO  - 2017-02-05 14:30:29.852; [c:gettingstarted s:shard1 r:core_node2 x:gettingstarted_shard1_replica2] org.apache.solr.handler.SolrConfigHandler$PerReplicaCallable; Time elapsed : 2 secs, maxWait 30
INFO  - 2017-02-05 14:30:29.894; [c:gettingstarted s:shard2 r:core_node1 x:gettingstarted_shard2_replica2] org.apache.solr.update.CommitTracker; Hard AutoCommit: if uncommited for 15000ms; 
INFO  - 2017-02-05 14:30:29.894; [c:gettingstarted s:shard2 r:core_node1 x:gettingstarted_shard2_replica2] org.apache.solr.update.CommitTracker; Soft AutoCommit: if uncommited for 3000ms; 
INFO  - 2017-02-05 14:30:29.901; [c:gettingstarted s:shard2 r:core_node1 x:gettingstarted_shard2_replica2] org.apache.solr.handler.SolrConfigHandler$Command; Another reload is in progress . Not doing anything
INFO  - 2017-02-05 14:30:29.908; [c:gettingstarted s:shard1 r:core_node2 x:gettingstarted_shard1_replica2] org.apache.solr.handler.SolrConfigHandler$Command; Another reload is in progress . Not doing anything
INFO  - 2017-02-05 14:30:29.913; [c:gettingstarted s:shard2 r:core_node1 x:gettingstarted_shard2_replica2] org.apache.solr.search.SolrIndexSearcher; Opening [Searcher@57c9527a[gettingstarted_shard2_replica2] main]
INFO  - 2017-02-05 14:30:29.926; [c:gettingstarted s:shard2 r:core_node1 x:gettingstarted_shard2_replica2] org.apache.solr.rest.ManagedResourceStorage$ZooKeeperStorageIO; Configured ZooKeeperStorageIO with znodeBase: /configs/gettingstarted
INFO  - 2017-02-05 14:30:29.928; [c:gettingstarted s:shard2 r:core_node1 x:gettingstarted_shard2_replica2] org.apache.solr.rest.ManagedResourceStorage; Loaded null at path _rest_managed.json using ZooKeeperStorageIO:path=/configs/gettingstarted
INFO  - 2017-02-05 14:30:29.929; [c:gettingstarted s:shard2 r:core_node1 x:gettingstarted_shard2_replica2] org.apache.solr.schema.ZkIndexSchemaReader; Creating ZooKeeper watch for the managed schema at /configs/gettingstarted/managed-schema
INFO  - 2017-02-05 14:30:29.938; [c:gettingstarted s:shard2 r:core_node1 x:gettingstarted_shard2_replica2] org.apache.solr.schema.ZkIndexSchemaReader; Current schema version 0 is already the latest
INFO  - 2017-02-05 14:30:29.939; [c:gettingstarted s:shard2 r:core_node1 x:gettingstarted_shard2_replica2] org.apache.solr.handler.component.SpellCheckComponent; Initializing spell checkers
INFO  - 2017-02-05 14:30:29.940; [c:gettingstarted s:shard2 r:core_node1 x:gettingstarted_shard2_replica2] org.apache.solr.spelling.DirectSolrSpellChecker; init: {name=default,field=_text_,classname=solr.DirectSolrSpellChecker,distanceMeasure=internal,accuracy=0.5,maxEdits=2,minPrefix=1,maxInspections=5,minQueryLength=4,maxQueryFrequency=0.01}
INFO  - 2017-02-05 14:30:29.958; [c:gettingstarted s:shard2 r:core_node1 x:gettingstarted_shard2_replica2] org.apache.solr.handler.ReplicationHandler; Commits will be reserved for  10000
INFO  - 2017-02-05 14:30:29.958; [c:gettingstarted s:shard2 r:core_node1 x:gettingstarted_shard2_replica2] org.apache.solr.core.QuerySenderListener; QuerySenderListener sending requests to Searcher@57c9527a[gettingstarted_shard2_replica2] main{ExitableDirectoryReader(UninvertingDirectoryReader())}
INFO  - 2017-02-05 14:30:29.959; [c:gettingstarted s:shard2 r:core_node1 x:gettingstarted_shard2_replica2] org.apache.solr.core.QuerySenderListener; QuerySenderListener done.
INFO  - 2017-02-05 14:30:29.959; [c:gettingstarted s:shard2 r:core_node1 x:gettingstarted_shard2_replica2] org.apache.solr.handler.component.SpellCheckComponent$SpellCheckerListener; Loading spell index for spellchecker: default
INFO  - 2017-02-05 14:30:29.960; [c:gettingstarted s:shard2 r:core_node1 x:gettingstarted_shard2_replica2] org.apache.solr.core.SolrCore; [gettingstarted_shard2_replica2] Registered new searcher Searcher@57c9527a[gettingstarted_shard2_replica2] main{ExitableDirectoryReader(UninvertingDirectoryReader())}
INFO  - 2017-02-05 14:30:29.964; [c:gettingstarted s:shard2 r:core_node1 x:gettingstarted_shard2_replica2] org.apache.solr.update.UpdateLog; Could not find max version in index or recent updates, using new clock 1558503783099531264
INFO  - 2017-02-05 14:30:29.995; [c:gettingstarted s:shard2 r:core_node1 x:gettingstarted_shard2_replica2] org.apache.solr.handler.SolrConfigHandler$Command; expecting overlay version 0 but my version is -1
INFO  - 2017-02-05 14:30:29.997; [c:gettingstarted s:shard2 r:core_node1 x:gettingstarted_shard2_replica2] org.apache.solr.core.SolrCore; [gettingstarted_shard2_replica2]  webapp=/solr path=/config/znodeVersion params={overlay=0&wt=javabin&version=2} status=0 QTime=2
INFO  - 2017-02-05 14:30:30.000; [c:gettingstarted s:shard1 r:core_node2 x:gettingstarted_shard1_replica2] org.apache.solr.handler.SolrConfigHandler$PerReplicaCallable; Could not get expectedVersion 0 from http://10.27.224.200:7574/solr/gettingstarted_shard1_replica1/ for prop overlay   after 5 attempts
INFO  - 2017-02-05 14:30:30.001; [c:gettingstarted s:shard1 r:core_node2 x:gettingstarted_shard1_replica2] org.apache.solr.handler.SolrConfigHandler$PerReplicaCallable; Time elapsed : 2 secs, maxWait 30
INFO  - 2017-02-05 14:30:30.002; [c:gettingstarted s:shard1 r:core_node2 x:gettingstarted_shard1_replica2] org.apache.solr.handler.SolrConfigHandler$PerReplicaCallable; Could not get expectedVersion 0 from http://10.27.224.200:8983/solr/gettingstarted_shard2_replica2/ for prop overlay   after 6 attempts
INFO  - 2017-02-05 14:30:30.002; [c:gettingstarted s:shard1 r:core_node2 x:gettingstarted_shard1_replica2] org.apache.solr.handler.SolrConfigHandler$PerReplicaCallable; Time elapsed : 2 secs, maxWait 30
INFO  - 2017-02-05 14:30:30.004; [c:gettingstarted s:shard1 r:core_node2 x:gettingstarted_shard1_replica2] org.apache.solr.handler.SolrConfigHandler$Command; expecting overlay version 0 but my version is -1
INFO  - 2017-02-05 14:30:30.004; [c:gettingstarted s:shard1 r:core_node2 x:gettingstarted_shard1_replica2] org.apache.solr.handler.SolrConfigHandler$PerReplicaCallable; Could not get expectedVersion 0 from http://10.27.224.200:7574/solr/gettingstarted_shard2_replica1/ for prop overlay   after 6 attempts
INFO  - 2017-02-05 14:30:30.004; [c:gettingstarted s:shard1 r:core_node2 x:gettingstarted_shard1_replica2] org.apache.solr.core.SolrCore; [gettingstarted_shard1_replica2]  webapp=/solr path=/config/znodeVersion params={overlay=0&wt=javabin&version=2} status=0 QTime=0
INFO  - 2017-02-05 14:30:30.004; [c:gettingstarted s:shard1 r:core_node2 x:gettingstarted_shard1_replica2] org.apache.solr.handler.SolrConfigHandler$PerReplicaCallable; Time elapsed : 2 secs, maxWait 30
INFO  - 2017-02-05 14:30:30.005; [c:gettingstarted s:shard1 r:core_node2 x:gettingstarted_shard1_replica2] org.apache.solr.handler.SolrConfigHandler$PerReplicaCallable; Could not get expectedVersion 0 from http://10.27.224.200:8983/solr/gettingstarted_shard1_replica2/ for prop overlay   after 6 attempts
INFO  - 2017-02-05 14:30:30.005; [c:gettingstarted s:shard1 r:core_node2 x:gettingstarted_shard1_replica2] org.apache.solr.handler.SolrConfigHandler$PerReplicaCallable; Time elapsed : 2 secs, maxWait 30
INFO  - 2017-02-05 14:30:30.007; [c:gettingstarted s:shard1 r:core_node2 x:gettingstarted_shard1_replica2] org.apache.solr.schema.IndexSchema; Loaded schema example-data-driven-schema/1.6 with uniqueid field id
INFO  - 2017-02-05 14:30:30.018; [c:gettingstarted s:shard1 r:core_node2 x:gettingstarted_shard1_replica2] org.apache.solr.handler.SolrConfigHandler$Command; Another reload is in progress . Not doing anything
INFO  - 2017-02-05 14:30:30.021; [c:gettingstarted s:shard2 r:core_node1 x:gettingstarted_shard2_replica2] org.apache.solr.update.DefaultSolrCoreState; New IndexWriter is ready to be used.
INFO  - 2017-02-05 14:30:30.033; [c:gettingstarted s:shard2 r:core_node1 x:gettingstarted_shard2_replica2] org.apache.solr.search.SolrIndexSearcher; Opening [Searcher@7e3ebdad[gettingstarted_shard2_replica2] main]
INFO  - 2017-02-05 14:30:30.020; [c:gettingstarted s:shard2 r:core_node1 x:gettingstarted_shard2_replica2] org.apache.solr.handler.SolrConfigHandler$Command; Another reload is in progress . Not doing anything
INFO  - 2017-02-05 14:30:30.040; [c:gettingstarted s:shard2 r:core_node1 x:gettingstarted_shard2_replica2] org.apache.solr.core.SolrCore; [gettingstarted_shard2_replica2]  CLOSING SolrCore org.apache.solr.core.SolrCore@a3260da
INFO  - 2017-02-05 14:30:30.050; [c:gettingstarted s:shard2 r:core_node1 x:gettingstarted_shard2_replica2] org.apache.solr.core.QuerySenderListener; QuerySenderListener sending requests to Searcher@7e3ebdad[gettingstarted_shard2_replica2] main{ExitableDirectoryReader(UninvertingDirectoryReader())}
INFO  - 2017-02-05 14:30:30.050; [c:gettingstarted s:shard2 r:core_node1 x:gettingstarted_shard2_replica2] org.apache.solr.core.QuerySenderListener; QuerySenderListener done.
INFO  - 2017-02-05 14:30:30.051; [c:gettingstarted s:shard2 r:core_node1 x:gettingstarted_shard2_replica2] org.apache.solr.core.SolrCore; [gettingstarted_shard2_replica2] Registered new searcher Searcher@7e3ebdad[gettingstarted_shard2_replica2] main{ExitableDirectoryReader(UninvertingDirectoryReader())}
INFO  - 2017-02-05 14:30:30.127; [c:gettingstarted s:shard2 r:core_node1 x:gettingstarted_shard2_replica2] org.apache.solr.metrics.SolrMetricManager; Closing metric reporters for: solr.core.gettingstarted.shard2.replica2
INFO  - 2017-02-05 14:30:30.128; [c:gettingstarted s:shard2 r:core_node1 x:gettingstarted_shard2_replica2] org.apache.solr.core.SolrCore; config update listener called for core gettingstarted_shard1_replica2
INFO  - 2017-02-05 14:30:30.131; [c:gettingstarted s:shard2 r:core_node1 x:gettingstarted_shard2_replica2] org.apache.solr.core.SolrCore; core reload gettingstarted_shard1_replica2
INFO  - 2017-02-05 14:30:30.153; [c:gettingstarted s:shard2 r:core_node1 x:gettingstarted_shard2_replica2] org.apache.solr.core.RequestParams; conf resource params.json loaded . version : 0 
INFO  - 2017-02-05 14:30:30.154; [c:gettingstarted s:shard2 r:core_node1 x:gettingstarted_shard2_replica2] org.apache.solr.core.RequestParams; request params refreshed to version 0
INFO  - 2017-02-05 14:30:30.162; [c:gettingstarted s:shard2 r:core_node1 x:gettingstarted_shard2_replica2] org.apache.solr.core.SolrResourceLoader; [gettingstarted_shard2_replica2] Added 51 libs to classloader, from paths: [/C:/Users/user/Desktop/CE6/CZ4034/Project/solr-6.4.0/solr-6.4.0/contrib/clustering/lib, /C:/Users/user/Desktop/CE6/CZ4034/Project/solr-6.4.0/solr-6.4.0/contrib/extraction/lib, /C:/Users/user/Desktop/CE6/CZ4034/Project/solr-6.4.0/solr-6.4.0/contrib/langid/lib, /C:/Users/user/Desktop/CE6/CZ4034/Project/solr-6.4.0/solr-6.4.0/contrib/velocity/lib, /C:/Users/user/Desktop/CE6/CZ4034/Project/solr-6.4.0/solr-6.4.0/dist]
INFO  - 2017-02-05 14:30:30.229; [c:gettingstarted s:shard1 r:core_node2 x:gettingstarted_shard1_replica2] org.apache.solr.handler.SolrConfigHandler$Command; expecting overlay version 0 but my version is -1
INFO  - 2017-02-05 14:30:30.232; [c:gettingstarted s:shard2 r:core_node1 x:gettingstarted_shard2_replica2] org.apache.solr.handler.SolrConfigHandler$Command; I already have the expected version 0 of config
INFO  - 2017-02-05 14:30:30.236; [c:gettingstarted s:shard1 r:core_node2 x:gettingstarted_shard1_replica2] org.apache.solr.core.SolrCore; [gettingstarted_shard1_replica2]  webapp=/solr path=/config/znodeVersion params={overlay=0&wt=javabin&version=2} status=0 QTime=6
INFO  - 2017-02-05 14:30:30.236; [c:gettingstarted s:shard2 r:core_node1 x:gettingstarted_shard2_replica2] org.apache.solr.handler.SolrConfigHandler$Command; isStale false , resourceloader org.apache.solr.cloud.ZkSolrResourceLoader
INFO  - 2017-02-05 14:30:30.237; [c:gettingstarted s:shard2 r:core_node1 x:gettingstarted_shard2_replica2] org.apache.solr.core.SolrCore; [gettingstarted_shard2_replica2]  webapp=/solr path=/config/znodeVersion params={overlay=0&wt=javabin&version=2} status=0 QTime=8
INFO  - 2017-02-05 14:30:30.238; [c:gettingstarted s:shard1 r:core_node2 x:gettingstarted_shard1_replica2] org.apache.solr.handler.SolrConfigHandler$Command; Another reload is in progress . Not doing anything
INFO  - 2017-02-05 14:30:30.239; [c:gettingstarted s:shard1 r:core_node2 x:gettingstarted_shard1_replica2] org.apache.solr.handler.SolrConfigHandler$PerReplicaCallable; Could not get expectedVersion 0 from http://10.27.224.200:8983/solr/gettingstarted_shard1_replica2/ for prop overlay   after 7 attempts
INFO  - 2017-02-05 14:30:30.240; [c:gettingstarted s:shard1 r:core_node2 x:gettingstarted_shard1_replica2] org.apache.solr.handler.SolrConfigHandler$PerReplicaCallable; Time elapsed : 2 secs, maxWait 30
INFO  - 2017-02-05 14:30:30.242; [c:gettingstarted s:shard1 r:core_node2 x:gettingstarted_shard1_replica2] org.apache.solr.handler.SolrConfigHandler$PerReplicaCallable; Could not get expectedVersion 0 from http://10.27.224.200:7574/solr/gettingstarted_shard1_replica1/ for prop overlay   after 6 attempts
INFO  - 2017-02-05 14:30:30.242; [c:gettingstarted s:shard1 r:core_node2 x:gettingstarted_shard1_replica2] org.apache.solr.handler.SolrConfigHandler$PerReplicaCallable; Time elapsed : 2 secs, maxWait 30
INFO  - 2017-02-05 14:30:30.267; [c:gettingstarted s:shard2 r:core_node1 x:gettingstarted_shard2_replica2] org.apache.solr.core.SolrConfig; Using Lucene MatchVersion: 6.4.0
INFO  - 2017-02-05 14:30:30.343; [c:gettingstarted s:shard1 r:core_node2 x:gettingstarted_shard1_replica2] org.apache.solr.core.CoreContainer; Reloading SolrCore 'gettingstarted_shard1_replica2' using configuration from collection gettingstarted
INFO  - 2017-02-05 14:30:30.348; [c:gettingstarted s:shard1 r:core_node2 x:gettingstarted_shard1_replica2] org.apache.solr.core.SolrCore; [[gettingstarted_shard1_replica2] ] Opening new SolrCore at [C:\Users\user\Desktop\CE6\CZ4034\Project\solr-6.4.0\solr-6.4.0\example\cloud\node1\solr\gettingstarted_shard1_replica2], dataDir=[C:\Users\user\Desktop\CE6\CZ4034\Project\solr-6.4.0\solr-6.4.0\example\cloud\node1\solr\gettingstarted_shard1_replica2\data\]
INFO  - 2017-02-05 14:30:30.363; [c:gettingstarted s:shard1 r:core_node2 x:gettingstarted_shard1_replica2] org.apache.solr.core.JmxMonitoredMap; JMX monitoring is enabled. Adding Solr mbeans to JMX Server: com.sun.jmx.mbeanserver.JmxMBeanServer@4ff293db
INFO  - 2017-02-05 14:30:30.368; [c:gettingstarted s:shard1 r:core_node2 x:gettingstarted_shard1_replica2] org.apache.solr.response.XSLTResponseWriter; xsltCacheLifetimeSeconds=5
INFO  - 2017-02-05 14:30:30.377; [c:gettingstarted s:shard2 r:core_node1 x:gettingstarted_shard2_replica2] org.apache.solr.schema.IndexSchema; [gettingstarted_shard2_replica2] Schema name=example-data-driven-schema
INFO  - 2017-02-05 14:30:30.480; [c:gettingstarted s:shard1 r:core_node2 x:gettingstarted_shard1_replica2] org.apache.solr.update.CommitTracker; Hard AutoCommit: if uncommited for 15000ms; 
INFO  - 2017-02-05 14:30:30.480; [c:gettingstarted s:shard1 r:core_node2 x:gettingstarted_shard1_replica2] org.apache.solr.update.CommitTracker; Soft AutoCommit: if uncommited for 3000ms; 
INFO  - 2017-02-05 14:30:30.505; [c:gettingstarted s:shard1 r:core_node2 x:gettingstarted_shard1_replica2] org.apache.solr.handler.SolrConfigHandler$Command; expecting overlay version 0 but my version is -1
INFO  - 2017-02-05 14:30:30.506; [c:gettingstarted s:shard1 r:core_node2 x:gettingstarted_shard1_replica2] org.apache.solr.core.SolrCore; [gettingstarted_shard1_replica2]  webapp=/solr path=/config/znodeVersion params={overlay=0&wt=javabin&version=2} status=0 QTime=0
INFO  - 2017-02-05 14:30:30.564; [c:gettingstarted s:shard1 r:core_node2 x:gettingstarted_shard1_replica2] org.apache.solr.handler.SolrConfigHandler$Command; Another reload is in progress . Not doing anything
INFO  - 2017-02-05 14:30:30.601; [c:gettingstarted s:shard1 r:core_node2 x:gettingstarted_shard1_replica2] org.apache.solr.handler.SolrConfigHandler$PerReplicaCallable; Could not get expectedVersion 0 from http://10.27.224.200:7574/solr/gettingstarted_shard1_replica1/ for prop overlay   after 7 attempts
INFO  - 2017-02-05 14:30:30.607; [c:gettingstarted s:shard1 r:core_node2 x:gettingstarted_shard1_replica2] org.apache.solr.handler.SolrConfigHandler$PerReplicaCallable; Time elapsed : 2 secs, maxWait 30
INFO  - 2017-02-05 14:30:30.602; [c:gettingstarted s:shard1 r:core_node2 x:gettingstarted_shard1_replica2] org.apache.solr.handler.SolrConfigHandler$PerReplicaCallable; Could not get expectedVersion 0 from http://10.27.224.200:8983/solr/gettingstarted_shard1_replica2/ for prop overlay   after 8 attempts
INFO  - 2017-02-05 14:30:30.607; [c:gettingstarted s:shard1 r:core_node2 x:gettingstarted_shard1_replica2] org.apache.solr.handler.SolrConfigHandler$PerReplicaCallable; Time elapsed : 2 secs, maxWait 30
INFO  - 2017-02-05 14:30:30.618; [c:gettingstarted s:shard1 r:core_node2 x:gettingstarted_shard1_replica2] org.apache.solr.search.SolrIndexSearcher; Opening [Searcher@48031471[gettingstarted_shard1_replica2] main]
INFO  - 2017-02-05 14:30:30.621; [c:gettingstarted s:shard1 r:core_node2 x:gettingstarted_shard1_replica2] org.apache.solr.rest.ManagedResourceStorage$ZooKeeperStorageIO; Configured ZooKeeperStorageIO with znodeBase: /configs/gettingstarted
INFO  - 2017-02-05 14:30:30.629; [c:gettingstarted s:shard1 r:core_node2 x:gettingstarted_shard1_replica2] org.apache.solr.rest.ManagedResourceStorage; Loaded null at path _rest_managed.json using ZooKeeperStorageIO:path=/configs/gettingstarted
INFO  - 2017-02-05 14:30:30.630; [c:gettingstarted s:shard1 r:core_node2 x:gettingstarted_shard1_replica2] org.apache.solr.schema.ZkIndexSchemaReader; Creating ZooKeeper watch for the managed schema at /configs/gettingstarted/managed-schema
INFO  - 2017-02-05 14:30:30.634; [c:gettingstarted s:shard1 r:core_node2 x:gettingstarted_shard1_replica2] org.apache.solr.schema.ZkIndexSchemaReader; Current schema version 0 is already the latest
INFO  - 2017-02-05 14:30:30.634; [c:gettingstarted s:shard1 r:core_node2 x:gettingstarted_shard1_replica2] org.apache.solr.handler.component.SpellCheckComponent; Initializing spell checkers
INFO  - 2017-02-05 14:30:30.634; [c:gettingstarted s:shard1 r:core_node2 x:gettingstarted_shard1_replica2] org.apache.solr.spelling.DirectSolrSpellChecker; init: {name=default,field=_text_,classname=solr.DirectSolrSpellChecker,distanceMeasure=internal,accuracy=0.5,maxEdits=2,minPrefix=1,maxInspections=5,minQueryLength=4,maxQueryFrequency=0.01}
INFO  - 2017-02-05 14:30:30.638; [c:gettingstarted s:shard1 r:core_node2 x:gettingstarted_shard1_replica2] org.apache.solr.handler.ReplicationHandler; Commits will be reserved for  10000
INFO  - 2017-02-05 14:30:30.639; [c:gettingstarted s:shard1 r:core_node2 x:gettingstarted_shard1_replica2] org.apache.solr.core.QuerySenderListener; QuerySenderListener sending requests to Searcher@48031471[gettingstarted_shard1_replica2] main{ExitableDirectoryReader(UninvertingDirectoryReader())}
INFO  - 2017-02-05 14:30:30.639; [c:gettingstarted s:shard1 r:core_node2 x:gettingstarted_shard1_replica2] org.apache.solr.core.QuerySenderListener; QuerySenderListener done.
INFO  - 2017-02-05 14:30:30.640; [c:gettingstarted s:shard1 r:core_node2 x:gettingstarted_shard1_replica2] org.apache.solr.handler.component.SpellCheckComponent$SpellCheckerListener; Loading spell index for spellchecker: default
INFO  - 2017-02-05 14:30:30.641; [c:gettingstarted s:shard1 r:core_node2 x:gettingstarted_shard1_replica2] org.apache.solr.core.SolrCore; [gettingstarted_shard1_replica2] Registered new searcher Searcher@48031471[gettingstarted_shard1_replica2] main{ExitableDirectoryReader(UninvertingDirectoryReader())}
INFO  - 2017-02-05 14:30:30.643; [c:gettingstarted s:shard1 r:core_node2 x:gettingstarted_shard1_replica2] org.apache.solr.update.UpdateLog; Could not find max version in index or recent updates, using new clock 1558503783811514368
INFO  - 2017-02-05 14:30:30.828; [c:gettingstarted s:shard1 r:core_node2 x:gettingstarted_shard1_replica2] org.apache.solr.handler.SolrConfigHandler$Command; expecting overlay version 0 but my version is -1
INFO  - 2017-02-05 14:30:30.828; [c:gettingstarted s:shard1 r:core_node2 x:gettingstarted_shard1_replica2] org.apache.solr.core.SolrCore; [gettingstarted_shard1_replica2]  webapp=/solr path=/config/znodeVersion params={overlay=0&wt=javabin&version=2} status=0 QTime=0
INFO  - 2017-02-05 14:30:30.824; [c:gettingstarted s:shard1 r:core_node2 x:gettingstarted_shard1_replica2] org.apache.solr.update.DefaultSolrCoreState; New IndexWriter is ready to be used.
INFO  - 2017-02-05 14:30:30.832; [c:gettingstarted s:shard1 r:core_node2 x:gettingstarted_shard1_replica2] org.apache.solr.search.SolrIndexSearcher; Opening [Searcher@2bea4506[gettingstarted_shard1_replica2] main]
INFO  - 2017-02-05 14:30:30.833; [c:gettingstarted s:shard1 r:core_node2 x:gettingstarted_shard1_replica2] org.apache.solr.handler.SolrConfigHandler$PerReplicaCallable; Could not get expectedVersion 0 from http://10.27.224.200:8983/solr/gettingstarted_shard1_replica2/ for prop overlay   after 9 attempts
INFO  - 2017-02-05 14:30:30.835; [c:gettingstarted s:shard1 r:core_node2 x:gettingstarted_shard1_replica2] org.apache.solr.handler.SolrConfigHandler$PerReplicaCallable; Time elapsed : 2 secs, maxWait 30
INFO  - 2017-02-05 14:30:30.843; [c:gettingstarted s:shard1 r:core_node2 x:gettingstarted_shard1_replica2] org.apache.solr.core.QuerySenderListener; QuerySenderListener sending requests to Searcher@2bea4506[gettingstarted_shard1_replica2] main{ExitableDirectoryReader(UninvertingDirectoryReader())}
INFO  - 2017-02-05 14:30:30.843; [c:gettingstarted s:shard1 r:core_node2 x:gettingstarted_shard1_replica2] org.apache.solr.core.QuerySenderListener; QuerySenderListener done.
INFO  - 2017-02-05 14:30:30.844; [c:gettingstarted s:shard1 r:core_node2 x:gettingstarted_shard1_replica2] org.apache.solr.core.SolrCore; [gettingstarted_shard1_replica2] Registered new searcher Searcher@2bea4506[gettingstarted_shard1_replica2] main{ExitableDirectoryReader(UninvertingDirectoryReader())}
INFO  - 2017-02-05 14:30:30.926; [c:gettingstarted s:shard1 r:core_node2 x:gettingstarted_shard1_replica2] org.apache.solr.handler.SolrConfigHandler$Command; Trying to update my configs
INFO  - 2017-02-05 14:30:30.926; [c:gettingstarted s:shard1 r:core_node2 x:gettingstarted_shard1_replica2] org.apache.solr.core.SolrCore; config update listener called for core gettingstarted_shard1_replica2
INFO  - 2017-02-05 14:30:30.974; [c:gettingstarted s:shard2 r:core_node1 x:gettingstarted_shard2_replica2] org.apache.solr.core.RequestParams; conf resource params.json loaded . version : 0 
INFO  - 2017-02-05 14:30:30.975; [c:gettingstarted s:shard2 r:core_node1 x:gettingstarted_shard2_replica2] org.apache.solr.core.RequestParams; request params refreshed to version 0
INFO  - 2017-02-05 14:30:30.985; [c:gettingstarted s:shard2 r:core_node1 x:gettingstarted_shard2_replica2] org.apache.solr.core.SolrResourceLoader; [gettingstarted_shard1_replica2] Added 51 libs to classloader, from paths: [/C:/Users/user/Desktop/CE6/CZ4034/Project/solr-6.4.0/solr-6.4.0/contrib/clustering/lib, /C:/Users/user/Desktop/CE6/CZ4034/Project/solr-6.4.0/solr-6.4.0/contrib/extraction/lib, /C:/Users/user/Desktop/CE6/CZ4034/Project/solr-6.4.0/solr-6.4.0/contrib/langid/lib, /C:/Users/user/Desktop/CE6/CZ4034/Project/solr-6.4.0/solr-6.4.0/contrib/velocity/lib, /C:/Users/user/Desktop/CE6/CZ4034/Project/solr-6.4.0/solr-6.4.0/dist]
INFO  - 2017-02-05 14:30:31.057; [c:gettingstarted s:shard2 r:core_node1 x:gettingstarted_shard2_replica2] org.apache.solr.core.SolrConfig; Using Lucene MatchVersion: 6.4.0
INFO  - 2017-02-05 14:30:31.109; [c:gettingstarted s:shard2 r:core_node1 x:gettingstarted_shard2_replica2] org.apache.solr.schema.IndexSchema; Loaded schema example-data-driven-schema/1.6 with uniqueid field id
INFO  - 2017-02-05 14:30:31.139; [c:gettingstarted s:shard1 r:core_node2 x:gettingstarted_shard1_replica2] org.apache.solr.handler.SolrConfigHandler$Command; I already have the expected version 0 of config
INFO  - 2017-02-05 14:30:31.140; [c:gettingstarted s:shard1 r:core_node2 x:gettingstarted_shard1_replica2] org.apache.solr.handler.SolrConfigHandler$Command; isStale false , resourceloader org.apache.solr.cloud.ZkSolrResourceLoader
INFO  - 2017-02-05 14:30:31.140; [c:gettingstarted s:shard1 r:core_node2 x:gettingstarted_shard1_replica2] org.apache.solr.core.SolrCore; [gettingstarted_shard1_replica2]  webapp=/solr path=/config/znodeVersion params={overlay=0&wt=javabin&version=2} status=0 QTime=1
INFO  - 2017-02-05 14:30:31.153; [c:gettingstarted s:shard1 r:core_node2 x:gettingstarted_shard1_replica2] org.apache.solr.handler.SolrConfigHandler; Took 3309.0ms to set the property overlay to be of version 0 for collection gettingstarted
INFO  - 2017-02-05 14:30:31.156; [c:gettingstarted s:shard1 r:core_node2 x:gettingstarted_shard1_replica2] org.apache.solr.core.SolrCore; [gettingstarted_shard1_replica2]  webapp=/solr path=/config params={wt=javabin&version=2} status=0 QTime=3343
INFO  - 2017-02-05 14:30:31.157; [c:gettingstarted s:shard1 r:core_node2 x:gettingstarted_shard1_replica2] org.apache.solr.core.SolrCore; [gettingstarted_shard1_replica2]  CLOSING SolrCore org.apache.solr.core.SolrCore@7da94da7
INFO  - 2017-02-05 14:30:31.207; [c:gettingstarted s:shard1 r:core_node2 x:gettingstarted_shard1_replica2] org.apache.solr.metrics.SolrMetricManager; Closing metric reporters for: solr.core.gettingstarted.shard1.replica2
INFO  - 2017-02-05 14:30:31.215; [c:gettingstarted s:shard2 r:core_node1 x:gettingstarted_shard2_replica2] org.apache.solr.schema.IndexSchema; [gettingstarted_shard1_replica2] Schema name=example-data-driven-schema
INFO  - 2017-02-05 14:30:31.436; [c:gettingstarted s:shard2 r:core_node1 x:gettingstarted_shard2_replica2] org.apache.solr.core.CoreContainer; Reloading SolrCore 'gettingstarted_shard2_replica2' using configuration from collection gettingstarted
INFO  - 2017-02-05 14:30:31.438; [c:gettingstarted s:shard2 r:core_node1 x:gettingstarted_shard2_replica2] org.apache.solr.core.SolrCore; [[gettingstarted_shard2_replica2] ] Opening new SolrCore at [C:\Users\user\Desktop\CE6\CZ4034\Project\solr-6.4.0\solr-6.4.0\example\cloud\node1\solr\gettingstarted_shard2_replica2], dataDir=[C:\Users\user\Desktop\CE6\CZ4034\Project\solr-6.4.0\solr-6.4.0\example\cloud\node1\solr\gettingstarted_shard2_replica2\data\]
INFO  - 2017-02-05 14:30:31.438; [c:gettingstarted s:shard2 r:core_node1 x:gettingstarted_shard2_replica2] org.apache.solr.core.JmxMonitoredMap; JMX monitoring is enabled. Adding Solr mbeans to JMX Server: com.sun.jmx.mbeanserver.JmxMBeanServer@4ff293db
INFO  - 2017-02-05 14:30:31.440; [c:gettingstarted s:shard2 r:core_node1 x:gettingstarted_shard2_replica2] org.apache.solr.response.XSLTResponseWriter; xsltCacheLifetimeSeconds=5
INFO  - 2017-02-05 14:30:31.468; [c:gettingstarted s:shard2 r:core_node1 x:gettingstarted_shard2_replica2] org.apache.solr.update.CommitTracker; Hard AutoCommit: if uncommited for 15000ms; 
INFO  - 2017-02-05 14:30:31.468; [c:gettingstarted s:shard2 r:core_node1 x:gettingstarted_shard2_replica2] org.apache.solr.update.CommitTracker; Soft AutoCommit: if uncommited for 3000ms; 
INFO  - 2017-02-05 14:30:31.541; [c:gettingstarted s:shard2 r:core_node1 x:gettingstarted_shard2_replica2] org.apache.solr.search.SolrIndexSearcher; Opening [Searcher@6535f54[gettingstarted_shard2_replica2] main]
INFO  - 2017-02-05 14:30:31.599; [c:gettingstarted s:shard2 r:core_node1 x:gettingstarted_shard2_replica2] org.apache.solr.rest.ManagedResourceStorage$ZooKeeperStorageIO; Configured ZooKeeperStorageIO with znodeBase: /configs/gettingstarted
INFO  - 2017-02-05 14:30:31.608; [c:gettingstarted s:shard2 r:core_node1 x:gettingstarted_shard2_replica2] org.apache.solr.rest.ManagedResourceStorage; Loaded null at path _rest_managed.json using ZooKeeperStorageIO:path=/configs/gettingstarted
INFO  - 2017-02-05 14:30:31.608; [c:gettingstarted s:shard2 r:core_node1 x:gettingstarted_shard2_replica2] org.apache.solr.schema.ZkIndexSchemaReader; Creating ZooKeeper watch for the managed schema at /configs/gettingstarted/managed-schema
INFO  - 2017-02-05 14:30:31.616; [c:gettingstarted s:shard2 r:core_node1 x:gettingstarted_shard2_replica2] org.apache.solr.schema.ZkIndexSchemaReader; Current schema version 0 is already the latest
INFO  - 2017-02-05 14:30:31.617; [c:gettingstarted s:shard2 r:core_node1 x:gettingstarted_shard2_replica2] org.apache.solr.handler.component.SpellCheckComponent; Initializing spell checkers
INFO  - 2017-02-05 14:30:31.617; [c:gettingstarted s:shard2 r:core_node1 x:gettingstarted_shard2_replica2] org.apache.solr.spelling.DirectSolrSpellChecker; init: {name=default,field=_text_,classname=solr.DirectSolrSpellChecker,distanceMeasure=internal,accuracy=0.5,maxEdits=2,minPrefix=1,maxInspections=5,minQueryLength=4,maxQueryFrequency=0.01}
INFO  - 2017-02-05 14:30:31.621; [c:gettingstarted s:shard2 r:core_node1 x:gettingstarted_shard2_replica2] org.apache.solr.handler.ReplicationHandler; Commits will be reserved for  10000
INFO  - 2017-02-05 14:30:31.622; [c:gettingstarted s:shard2 r:core_node1 x:gettingstarted_shard2_replica2] org.apache.solr.core.QuerySenderListener; QuerySenderListener sending requests to Searcher@6535f54[gettingstarted_shard2_replica2] main{ExitableDirectoryReader(UninvertingDirectoryReader())}
INFO  - 2017-02-05 14:30:31.622; [c:gettingstarted s:shard2 r:core_node1 x:gettingstarted_shard2_replica2] org.apache.solr.core.QuerySenderListener; QuerySenderListener done.
INFO  - 2017-02-05 14:30:31.622; [c:gettingstarted s:shard2 r:core_node1 x:gettingstarted_shard2_replica2] org.apache.solr.handler.component.SpellCheckComponent$SpellCheckerListener; Loading spell index for spellchecker: default
INFO  - 2017-02-05 14:30:31.624; [c:gettingstarted s:shard2 r:core_node1 x:gettingstarted_shard2_replica2] org.apache.solr.core.SolrCore; [gettingstarted_shard2_replica2] Registered new searcher Searcher@6535f54[gettingstarted_shard2_replica2] main{ExitableDirectoryReader(UninvertingDirectoryReader())}
INFO  - 2017-02-05 14:30:31.628; [c:gettingstarted s:shard2 r:core_node1 x:gettingstarted_shard2_replica2] org.apache.solr.update.UpdateLog; Could not find max version in index or recent updates, using new clock 1558503784843313152
INFO  - 2017-02-05 14:30:31.698; [c:gettingstarted s:shard2 r:core_node1 x:gettingstarted_shard2_replica2] org.apache.solr.update.DefaultSolrCoreState; New IndexWriter is ready to be used.
INFO  - 2017-02-05 14:30:31.699; [c:gettingstarted s:shard2 r:core_node1 x:gettingstarted_shard2_replica2] org.apache.solr.search.SolrIndexSearcher; Opening [Searcher@45b812fe[gettingstarted_shard2_replica2] main]
INFO  - 2017-02-05 14:30:31.700; [c:gettingstarted s:shard2 r:core_node1 x:gettingstarted_shard2_replica2] org.apache.solr.core.SolrCore; [gettingstarted_shard2_replica2]  CLOSING SolrCore org.apache.solr.core.SolrCore@16089bc4
INFO  - 2017-02-05 14:30:31.700; [c:gettingstarted s:shard2 r:core_node1 x:gettingstarted_shard2_replica2] org.apache.solr.core.QuerySenderListener; QuerySenderListener sending requests to Searcher@45b812fe[gettingstarted_shard2_replica2] main{ExitableDirectoryReader(UninvertingDirectoryReader())}
INFO  - 2017-02-05 14:30:31.701; [c:gettingstarted s:shard2 r:core_node1 x:gettingstarted_shard2_replica2] org.apache.solr.core.QuerySenderListener; QuerySenderListener done.
INFO  - 2017-02-05 14:30:31.705; [c:gettingstarted s:shard2 r:core_node1 x:gettingstarted_shard2_replica2] org.apache.solr.core.SolrCore; [gettingstarted_shard2_replica2] Registered new searcher Searcher@45b812fe[gettingstarted_shard2_replica2] main{ExitableDirectoryReader(UninvertingDirectoryReader())}
INFO  - 2017-02-05 14:30:31.734; [c:gettingstarted s:shard2 r:core_node1 x:gettingstarted_shard2_replica2] org.apache.solr.metrics.SolrMetricManager; Closing metric reporters for: solr.core.gettingstarted.shard2.replica2
INFO  - 2017-02-05 14:30:31.956; [c:gettingstarted s:shard2 r:core_node1 x:gettingstarted_shard2_replica2] org.apache.solr.schema.IndexSchema; Loaded schema example-data-driven-schema/1.6 with uniqueid field id
INFO  - 2017-02-05 14:30:32.074; [c:gettingstarted s:shard2 r:core_node1 x:gettingstarted_shard2_replica2] org.apache.solr.core.CoreContainer; Reloading SolrCore 'gettingstarted_shard1_replica2' using configuration from collection gettingstarted
INFO  - 2017-02-05 14:30:32.075; [c:gettingstarted s:shard2 r:core_node1 x:gettingstarted_shard2_replica2] org.apache.solr.core.SolrCore; [[gettingstarted_shard1_replica2] ] Opening new SolrCore at [C:\Users\user\Desktop\CE6\CZ4034\Project\solr-6.4.0\solr-6.4.0\example\cloud\node1\solr\gettingstarted_shard1_replica2], dataDir=[C:\Users\user\Desktop\CE6\CZ4034\Project\solr-6.4.0\solr-6.4.0\example\cloud\node1\solr\gettingstarted_shard1_replica2\data\]
INFO  - 2017-02-05 14:30:32.075; [c:gettingstarted s:shard2 r:core_node1 x:gettingstarted_shard2_replica2] org.apache.solr.core.JmxMonitoredMap; JMX monitoring is enabled. Adding Solr mbeans to JMX Server: com.sun.jmx.mbeanserver.JmxMBeanServer@4ff293db
INFO  - 2017-02-05 14:30:32.076; [c:gettingstarted s:shard2 r:core_node1 x:gettingstarted_shard2_replica2] org.apache.solr.response.XSLTResponseWriter; xsltCacheLifetimeSeconds=5
INFO  - 2017-02-05 14:30:32.092; [c:gettingstarted s:shard2 r:core_node1 x:gettingstarted_shard2_replica2] org.apache.solr.update.CommitTracker; Hard AutoCommit: if uncommited for 15000ms; 
INFO  - 2017-02-05 14:30:32.092; [c:gettingstarted s:shard2 r:core_node1 x:gettingstarted_shard2_replica2] org.apache.solr.update.CommitTracker; Soft AutoCommit: if uncommited for 3000ms; 
INFO  - 2017-02-05 14:30:32.124; [c:gettingstarted s:shard2 r:core_node1 x:gettingstarted_shard2_replica2] org.apache.solr.search.SolrIndexSearcher; Opening [Searcher@73d8303a[gettingstarted_shard1_replica2] main]
INFO  - 2017-02-05 14:30:32.126; [c:gettingstarted s:shard2 r:core_node1 x:gettingstarted_shard2_replica2] org.apache.solr.rest.ManagedResourceStorage$ZooKeeperStorageIO; Configured ZooKeeperStorageIO with znodeBase: /configs/gettingstarted
INFO  - 2017-02-05 14:30:32.128; [c:gettingstarted s:shard2 r:core_node1 x:gettingstarted_shard2_replica2] org.apache.solr.rest.ManagedResourceStorage; Loaded null at path _rest_managed.json using ZooKeeperStorageIO:path=/configs/gettingstarted
INFO  - 2017-02-05 14:30:32.129; [c:gettingstarted s:shard2 r:core_node1 x:gettingstarted_shard2_replica2] org.apache.solr.schema.ZkIndexSchemaReader; Creating ZooKeeper watch for the managed schema at /configs/gettingstarted/managed-schema
INFO  - 2017-02-05 14:30:32.140; [c:gettingstarted s:shard2 r:core_node1 x:gettingstarted_shard2_replica2] org.apache.solr.schema.ZkIndexSchemaReader; Current schema version 0 is already the latest
INFO  - 2017-02-05 14:30:32.140; [c:gettingstarted s:shard2 r:core_node1 x:gettingstarted_shard2_replica2] org.apache.solr.handler.component.SpellCheckComponent; Initializing spell checkers
INFO  - 2017-02-05 14:30:32.140; [c:gettingstarted s:shard2 r:core_node1 x:gettingstarted_shard2_replica2] org.apache.solr.spelling.DirectSolrSpellChecker; init: {name=default,field=_text_,classname=solr.DirectSolrSpellChecker,distanceMeasure=internal,accuracy=0.5,maxEdits=2,minPrefix=1,maxInspections=5,minQueryLength=4,maxQueryFrequency=0.01}
INFO  - 2017-02-05 14:30:32.145; [c:gettingstarted s:shard2 r:core_node1 x:gettingstarted_shard2_replica2] org.apache.solr.handler.ReplicationHandler; Commits will be reserved for  10000
INFO  - 2017-02-05 14:30:32.153; [c:gettingstarted s:shard2 r:core_node1 x:gettingstarted_shard2_replica2] org.apache.solr.update.UpdateLog; Could not find max version in index or recent updates, using new clock 1558503785394864128
INFO  - 2017-02-05 14:30:32.154; [c:gettingstarted s:shard2 r:core_node1 x:gettingstarted_shard2_replica2] org.apache.solr.core.QuerySenderListener; QuerySenderListener sending requests to Searcher@73d8303a[gettingstarted_shard1_replica2] main{ExitableDirectoryReader(UninvertingDirectoryReader())}
INFO  - 2017-02-05 14:30:32.154; [c:gettingstarted s:shard2 r:core_node1 x:gettingstarted_shard2_replica2] org.apache.solr.core.QuerySenderListener; QuerySenderListener done.
INFO  - 2017-02-05 14:30:32.154; [c:gettingstarted s:shard2 r:core_node1 x:gettingstarted_shard2_replica2] org.apache.solr.handler.component.SpellCheckComponent$SpellCheckerListener; Loading spell index for spellchecker: default
INFO  - 2017-02-05 14:30:32.161; [c:gettingstarted s:shard2 r:core_node1 x:gettingstarted_shard2_replica2] org.apache.solr.core.SolrCore; [gettingstarted_shard1_replica2] Registered new searcher Searcher@73d8303a[gettingstarted_shard1_replica2] main{ExitableDirectoryReader(UninvertingDirectoryReader())}
INFO  - 2017-02-05 14:30:32.239; [c:gettingstarted s:shard2 r:core_node1 x:gettingstarted_shard2_replica2] org.apache.solr.update.DefaultSolrCoreState; New IndexWriter is ready to be used.
INFO  - 2017-02-05 14:30:32.242; [c:gettingstarted s:shard2 r:core_node1 x:gettingstarted_shard2_replica2] org.apache.solr.search.SolrIndexSearcher; Opening [Searcher@7ed8fe59[gettingstarted_shard1_replica2] main]
INFO  - 2017-02-05 14:30:32.243; [c:gettingstarted s:shard2 r:core_node1 x:gettingstarted_shard2_replica2] org.apache.solr.core.QuerySenderListener; QuerySenderListener sending requests to Searcher@7ed8fe59[gettingstarted_shard1_replica2] main{ExitableDirectoryReader(UninvertingDirectoryReader())}
INFO  - 2017-02-05 14:30:32.244; [c:gettingstarted s:shard2 r:core_node1 x:gettingstarted_shard2_replica2] org.apache.solr.core.QuerySenderListener; QuerySenderListener done.
INFO  - 2017-02-05 14:30:32.246; [c:gettingstarted s:shard2 r:core_node1 x:gettingstarted_shard2_replica2] org.apache.solr.core.SolrCore; [gettingstarted_shard1_replica2] Registered new searcher Searcher@7ed8fe59[gettingstarted_shard1_replica2] main{ExitableDirectoryReader(UninvertingDirectoryReader())}
INFO  - 2017-02-05 14:30:32.247; [c:gettingstarted s:shard2 r:core_node1 x:gettingstarted_shard2_replica2] org.apache.solr.core.SolrCore; [gettingstarted_shard1_replica2]  CLOSING SolrCore org.apache.solr.core.SolrCore@1f273e8
INFO  - 2017-02-05 14:30:32.376; [c:gettingstarted s:shard2 r:core_node1 x:gettingstarted_shard2_replica2] org.apache.solr.metrics.SolrMetricManager; Closing metric reporters for: solr.core.gettingstarted.shard1.replica2
INFO  - 2017-02-05 14:30:54.190; [   ] org.apache.solr.servlet.HttpSolrCall; [admin] webapp=null path=/admin/cores params={indexInfo=false&wt=json&_=1486305054036} status=0 QTime=0
INFO  - 2017-02-05 14:30:54.216; [   ] org.apache.solr.servlet.HttpSolrCall; [admin] webapp=null path=/admin/info/system params={wt=json&_=1486305054037} status=0 QTime=25
INFO  - 2017-02-05 14:30:54.246; [   ] org.apache.solr.servlet.HttpSolrCall; [admin] webapp=null path=/admin/info/system params={wt=json&_=1486305054037} status=0 QTime=22
INFO  - 2017-02-05 14:30:54.471; [   ] org.apache.solr.handler.admin.CollectionsHandler; Invoked Collection Action :list with params action=LIST&wt=json&_=1486305054037 and sendToOCPQueue=true
INFO  - 2017-02-05 14:30:54.471; [   ] org.apache.solr.servlet.HttpSolrCall; [admin] webapp=null path=/admin/collections params={action=LIST&wt=json&_=1486305054037} status=0 QTime=0
INFO  - 2017-02-05 14:32:31.803; [   ] org.apache.solr.common.cloud.ZkStateReader$StateWatcher; A cluster state change: [WatchedEvent state:SyncConnected type:NodeDataChanged path:/collections/gettingstarted/state.json] for collection [gettingstarted] has occurred - updating... (live nodes size: [2])
WARN  - 2017-02-05 14:32:31.823; [   ] org.apache.zookeeper.server.NIOServerCnxn; caught end of stream exception
EndOfStreamException: Unable to read additional data from client sessionid 0x15a0eae8c140002, likely client has closed socket
	at org.apache.zookeeper.server.NIOServerCnxn.doIO(NIOServerCnxn.java:228)
	at org.apache.zookeeper.server.NIOServerCnxnFactory.run(NIOServerCnxnFactory.java:208)
	at java.lang.Thread.run(Thread.java:745)
INFO  - 2017-02-05 14:32:31.827; [   ] org.apache.solr.common.cloud.ZkStateReader; Updated live nodes from ZooKeeper... (2) -> (1)
INFO  - 2017-02-05 14:32:31.838; [c:gettingstarted s:shard1 r:core_node2 x:gettingstarted_shard1_replica2] org.apache.solr.cloud.ShardLeaderElectionContext; I may be the new leader - try and sync
INFO  - 2017-02-05 14:32:31.956; [   ] org.apache.solr.common.cloud.ZkStateReader$StateWatcher; A cluster state change: [WatchedEvent state:SyncConnected type:NodeDataChanged path:/collections/gettingstarted/state.json] for collection [gettingstarted] has occurred - updating... (live nodes size: [1])
INFO  - 2017-02-05 14:32:34.339; [c:gettingstarted s:shard1 r:core_node2 x:gettingstarted_shard1_replica2] org.apache.solr.cloud.SyncStrategy; Sync replicas to http://10.27.224.200:8983/solr/gettingstarted_shard1_replica2/
INFO  - 2017-02-05 14:32:34.339; [c:gettingstarted s:shard1 r:core_node2 x:gettingstarted_shard1_replica2] org.apache.solr.cloud.SyncStrategy; Sync Success - now sync replicas to me
INFO  - 2017-02-05 14:32:34.340; [c:gettingstarted s:shard1 r:core_node2 x:gettingstarted_shard1_replica2] org.apache.solr.cloud.SyncStrategy; http://10.27.224.200:8983/solr/gettingstarted_shard1_replica2/ has no replicas
INFO  - 2017-02-05 14:32:34.357; [c:gettingstarted s:shard1 r:core_node2 x:gettingstarted_shard1_replica2] org.apache.solr.cloud.ShardLeaderElectionContext; I am the new leader: http://10.27.224.200:8983/solr/gettingstarted_shard1_replica2/ shard1
INFO  - 2017-02-05 14:32:34.368; [   ] org.apache.solr.common.cloud.ZkStateReader$StateWatcher; A cluster state change: [WatchedEvent state:SyncConnected type:NodeDataChanged path:/collections/gettingstarted/state.json] for collection [gettingstarted] has occurred - updating... (live nodes size: [1])
INFO  - 2017-02-05 14:32:36.952; [   ] org.eclipse.jetty.server.AbstractConnector; Stopped ServerConnector@7bba5817{HTTP/1.1,[http/1.1]}{0.0.0.0:8983}
INFO  - 2017-02-05 14:32:36.953; [   ] org.apache.solr.core.CoreContainer; Shutting down CoreContainer instance=313540687
INFO  - 2017-02-05 14:32:36.963; [c:gettingstarted s:shard2 r:core_node1 x:gettingstarted_shard2_replica2] org.apache.solr.core.SolrCore; [gettingstarted_shard2_replica2]  CLOSING SolrCore org.apache.solr.core.SolrCore@63c49c5d
INFO  - 2017-02-05 14:32:36.963; [c:gettingstarted s:shard1 r:core_node2 x:gettingstarted_shard1_replica2] org.apache.solr.core.SolrCore; [gettingstarted_shard1_replica2]  CLOSING SolrCore org.apache.solr.core.SolrCore@408a8446
INFO  - 2017-02-05 14:32:36.976; [   ] org.apache.solr.common.cloud.ZkStateReader$StateWatcher; A cluster state change: [WatchedEvent state:SyncConnected type:NodeDataChanged path:/collections/gettingstarted/state.json] for collection [gettingstarted] has occurred - updating... (live nodes size: [1])
INFO  - 2017-02-05 14:32:36.987; [c:gettingstarted s:shard1 r:core_node2 x:gettingstarted_shard1_replica2] org.apache.solr.metrics.SolrMetricManager; Closing metric reporters for: solr.core.gettingstarted.shard1.replica2
INFO  - 2017-02-05 14:32:36.988; [c:gettingstarted s:shard2 r:core_node1 x:gettingstarted_shard2_replica2] org.apache.solr.metrics.SolrMetricManager; Closing metric reporters for: solr.core.gettingstarted.shard2.replica2
INFO  - 2017-02-05 14:32:36.990; [   ] org.apache.solr.cloud.Overseer; Overseer (id=97406484779106304-10.27.224.200:8983_solr-n_0000000000) closing
INFO  - 2017-02-05 14:32:36.991; [   ] org.apache.solr.cloud.Overseer$ClusterStateUpdater; Overseer Loop exiting : 10.27.224.200:8983_solr
WARN  - 2017-02-05 14:32:37.000; [   ] org.apache.solr.common.cloud.ZkStateReader$LiveNodeWatcher; ZooKeeper watch triggered, but Solr cannot talk to ZK: [KeeperErrorCode = Session expired for /live_nodes]
INFO  - 2017-02-05 14:32:37.001; [   ] org.apache.solr.metrics.SolrMetricManager; Closing metric reporters for: solr.node
WARN  - 2017-02-05 14:32:37.001; [   ] org.apache.zookeeper.server.ZooKeeperServerMain; Server interrupted
java.lang.InterruptedException
	at java.lang.Object.wait(Native Method)
	at java.lang.Thread.join(Thread.java:1245)
	at java.lang.Thread.join(Thread.java:1319)
	at org.apache.zookeeper.server.NIOServerCnxnFactory.join(NIOServerCnxnFactory.java:302)
	at org.apache.zookeeper.server.ZooKeeperServerMain.runFromConfig(ZooKeeperServerMain.java:114)
	at org.apache.solr.cloud.SolrZkServer$1.run(SolrZkServer.java:119)
INFO  - 2017-02-05 14:32:37.002; [   ] org.apache.solr.cloud.SolrZkServer$1; ZooKeeper Server exited.
INFO  - 2017-02-05 14:32:37.008; [   ] org.eclipse.jetty.server.handler.ContextHandler; Stopped o.e.j.w.WebAppContext@646d64ab{/solr,null,UNAVAILABLE}{C:\Users\user\Desktop\CE6\CZ4034\Project\solr-6.4.0\solr-6.4.0\server/solr-webapp/webapp}
