2017-06-08 08:04:05.862 INFO  (main) [   ] o.e.j.s.Server jetty-9.3.14.v20161028
2017-06-08 08:04:06.590 INFO  (main) [   ] o.a.s.s.SolrDispatchFilter  ___      _       Welcome to Apache Solr? version 6.4.0
2017-06-08 08:04:06.591 INFO  (main) [   ] o.a.s.s.SolrDispatchFilter / __| ___| |_ _   Starting in standalone mode on port 8983
2017-06-08 08:04:06.591 INFO  (main) [   ] o.a.s.s.SolrDispatchFilter \__ \/ _ \ | '_|  Install dir: C:\Users\user\Desktop\Dropbox\BA\CZ4034 Information Retrieval\solr-6.4.0
2017-06-08 08:04:06.622 INFO  (main) [   ] o.a.s.s.SolrDispatchFilter |___/\___/_|_|    Start time: 2017-06-08T08:04:06.592Z
2017-06-08 08:04:06.623 INFO  (main) [   ] o.a.s.s.StartupLoggingUtils Property solr.log.muteconsole given. Muting ConsoleAppender named CONSOLE
2017-06-08 08:04:06.655 INFO  (main) [   ] o.a.s.c.SolrResourceLoader Using system property solr.solr.home: C:\Users\user\Desktop\Dropbox\BA\CZ4034 Information Retrieval\solr-6.4.0\server\solr
2017-06-08 08:04:06.662 INFO  (main) [   ] o.a.s.c.SolrXmlConfig Loading container configuration from C:\Users\user\Desktop\Dropbox\BA\CZ4034 Information Retrieval\solr-6.4.0\server\solr\solr.xml
2017-06-08 08:04:07.051 INFO  (main) [   ] o.a.s.u.UpdateShardHandler Creating UpdateShardHandler HTTP client with params: socketTimeout=600000&connTimeout=60000&retry=true
2017-06-08 08:04:07.431 INFO  (main) [   ] o.a.s.c.CorePropertiesLocator Found 1 core definitions underneath C:\Users\user\Desktop\Dropbox\BA\CZ4034 Information Retrieval\solr-6.4.0\server\solr
2017-06-08 08:04:07.436 INFO  (main) [   ] o.a.s.c.CorePropertiesLocator Cores are: [CZ4034]
2017-06-08 08:04:07.520 INFO  (coreLoadExecutor-6-thread-1) [   x:CZ4034] o.a.s.c.SolrResourceLoader [CZ4034] Added 51 libs to classloader, from paths: [/C:/Users/user/Desktop/Dropbox/BA/CZ4034%20Information%20Retrieval/solr-6.4.0/contrib/clustering/lib, /C:/Users/user/Desktop/Dropbox/BA/CZ4034%20Information%20Retrieval/solr-6.4.0/contrib/extraction/lib, /C:/Users/user/Desktop/Dropbox/BA/CZ4034%20Information%20Retrieval/solr-6.4.0/contrib/langid/lib, /C:/Users/user/Desktop/Dropbox/BA/CZ4034%20Information%20Retrieval/solr-6.4.0/contrib/velocity/lib, /C:/Users/user/Desktop/Dropbox/BA/CZ4034%20Information%20Retrieval/solr-6.4.0/dist]
2017-06-08 08:04:07.614 INFO  (main) [   ] o.e.j.s.Server Started @3048ms
2017-06-08 08:04:07.779 INFO  (coreLoadExecutor-6-thread-1) [   x:CZ4034] o.a.s.c.SolrConfig Using Lucene MatchVersion: 6.4.0
2017-06-08 08:04:07.974 INFO  (coreLoadExecutor-6-thread-1) [   x:CZ4034] o.a.s.s.IndexSchema [CZ4034] Schema name=example-basic
2017-06-08 08:04:08.247 WARN  (coreLoadExecutor-6-thread-1) [   x:CZ4034] o.a.s.c.SolrResourceLoader Solr loaded a deprecated plugin/analysis class [solr.SynonymFilterFactory]. Please consult documentation how to replace it accordingly.
2017-06-08 08:04:08.670 INFO  (coreLoadExecutor-6-thread-1) [   x:CZ4034] o.a.s.s.IndexSchema Loaded schema example-basic/1.6 with uniqueid field id
2017-06-08 08:04:08.751 INFO  (coreLoadExecutor-6-thread-1) [   x:CZ4034] o.a.s.c.CoreContainer Creating SolrCore 'CZ4034' using configuration from instancedir C:\Users\user\Desktop\Dropbox\BA\CZ4034 Information Retrieval\solr-6.4.0\server\solr\CZ4034
2017-06-08 08:04:08.781 INFO  (coreLoadExecutor-6-thread-1) [   x:CZ4034] o.a.s.c.SolrCore [[CZ4034] ] Opening new SolrCore at [C:\Users\user\Desktop\Dropbox\BA\CZ4034 Information Retrieval\solr-6.4.0\server\solr\CZ4034], dataDir=[C:\Users\user\Desktop\Dropbox\BA\CZ4034 Information Retrieval\solr-6.4.0\server\solr\CZ4034\data\]
2017-06-08 08:04:08.783 INFO  (coreLoadExecutor-6-thread-1) [   x:CZ4034] o.a.s.c.JmxMonitoredMap JMX monitoring is enabled. Adding Solr mbeans to JMX Server: com.sun.jmx.mbeanserver.JmxMBeanServer@32910148
2017-06-08 08:04:08.860 INFO  (coreLoadExecutor-6-thread-1) [   x:CZ4034] o.a.s.r.XSLTResponseWriter xsltCacheLifetimeSeconds=5
2017-06-08 08:04:09.297 INFO  (coreLoadExecutor-6-thread-1) [   x:CZ4034] o.a.s.u.UpdateHandler Using UpdateLog implementation: org.apache.solr.update.UpdateLog
2017-06-08 08:04:09.297 INFO  (coreLoadExecutor-6-thread-1) [   x:CZ4034] o.a.s.u.UpdateLog Initializing UpdateLog: dataDir= defaultSyncLevel=FLUSH numRecordsToKeep=100 maxNumLogsToKeep=10 numVersionBuckets=65536
2017-06-08 08:04:09.340 INFO  (coreLoadExecutor-6-thread-1) [   x:CZ4034] o.a.s.u.CommitTracker Hard AutoCommit: if uncommited for 15000ms; 
2017-06-08 08:04:09.340 INFO  (coreLoadExecutor-6-thread-1) [   x:CZ4034] o.a.s.u.CommitTracker Soft AutoCommit: disabled
2017-06-08 08:04:09.584 INFO  (coreLoadExecutor-6-thread-1) [   x:CZ4034] o.a.s.s.SolrIndexSearcher Opening [Searcher@501afe16[CZ4034] main]
2017-06-08 08:04:09.595 INFO  (qtp761960786-20) [   ] o.a.s.s.HttpSolrCall [admin] webapp=null path=/admin/info/system params={wt=json} status=0 QTime=1430
2017-06-08 08:04:09.597 INFO  (coreLoadExecutor-6-thread-1) [   x:CZ4034] o.a.s.r.ManagedResourceStorage File-based storage initialized to use dir: C:\Users\user\Desktop\Dropbox\BA\CZ4034 Information Retrieval\solr-6.4.0\server\solr\CZ4034\conf
2017-06-08 08:04:09.633 INFO  (coreLoadExecutor-6-thread-1) [   x:CZ4034] o.a.s.h.c.SpellCheckComponent Initializing spell checkers
2017-06-08 08:04:09.648 INFO  (coreLoadExecutor-6-thread-1) [   x:CZ4034] o.a.s.s.s.Suggester init: {name=suggest,classname=org.apache.solr.spelling.suggest.Suggester,lookupImpl=org.apache.solr.spelling.suggest.tst.TSTLookup,field=content_raw,threshold=0.01,comparatorClass=freq,buildOnOptimize=true,buildOnCommit=true}
2017-06-08 08:04:09.664 INFO  (coreLoadExecutor-6-thread-1) [   x:CZ4034] o.a.s.h.c.SpellCheckComponent Registering newSearcher listener for spellchecker: suggest
2017-06-08 08:04:09.665 INFO  (coreLoadExecutor-6-thread-1) [   x:CZ4034] o.a.s.h.c.SpellCheckComponent Initializing spell checkers
2017-06-08 08:04:09.674 INFO  (coreLoadExecutor-6-thread-1) [   x:CZ4034] o.a.s.s.DirectSolrSpellChecker init: {name=default,field=content_raw,classname=solr.DirectSolrSpellChecker,distanceMeasure=org.apache.lucene.search.spell.LevensteinDistance,accuracy=0.5,maxEdits=2,minPrefix=1,maxInspections=5,minQueryLength=4,maxQueryFrequency=0.01}
2017-06-08 08:04:09.676 INFO  (coreLoadExecutor-6-thread-1) [   x:CZ4034] o.a.s.h.c.QueryElevationComponent Loading QueryElevation from: C:\Users\user\Desktop\Dropbox\BA\CZ4034 Information Retrieval\solr-6.4.0\server\solr\CZ4034\conf\elevate.xml
2017-06-08 08:04:09.705 INFO  (coreLoadExecutor-6-thread-1) [   x:CZ4034] o.a.s.h.ReplicationHandler Commits will be reserved for  10000
2017-06-08 08:04:09.743 INFO  (searcherExecutor-7-thread-1-processing-x:CZ4034) [   x:CZ4034] o.a.s.c.QuerySenderListener QuerySenderListener sending requests to Searcher@501afe16[CZ4034] main{ExitableDirectoryReader(UninvertingDirectoryReader(Uninverting(_27w(6.4.0):C11000) Uninverting(_27x(6.4.0):C200) Uninverting(_27y(6.4.0):C200) Uninverting(_27z(6.4.0):C200) Uninverting(_280(6.4.0):C200) Uninverting(_281(6.4.0):C200)))}
2017-06-08 08:04:09.743 INFO  (searcherExecutor-7-thread-1-processing-x:CZ4034) [   x:CZ4034] o.a.s.c.QuerySenderListener QuerySenderListener done.
2017-06-08 08:04:09.743 INFO  (searcherExecutor-7-thread-1-processing-x:CZ4034) [   x:CZ4034] o.a.s.h.c.SpellCheckComponent Loading spell index for spellchecker: suggest
2017-06-08 08:04:09.743 INFO  (searcherExecutor-7-thread-1-processing-x:CZ4034) [   x:CZ4034] o.a.s.s.s.Suggester reload()
2017-06-08 08:04:09.743 INFO  (searcherExecutor-7-thread-1-processing-x:CZ4034) [   x:CZ4034] o.a.s.s.s.Suggester build()
2017-06-08 08:04:09.885 INFO  (searcherExecutor-7-thread-1-processing-x:CZ4034) [   x:CZ4034] o.a.s.h.c.SpellCheckComponent Loading spell index for spellchecker: default
2017-06-08 08:04:09.887 INFO  (searcherExecutor-7-thread-1-processing-x:CZ4034) [   x:CZ4034] o.a.s.c.SolrCore [CZ4034] Registered new searcher Searcher@501afe16[CZ4034] main{ExitableDirectoryReader(UninvertingDirectoryReader(Uninverting(_27w(6.4.0):C11000) Uninverting(_27x(6.4.0):C200) Uninverting(_27y(6.4.0):C200) Uninverting(_27z(6.4.0):C200) Uninverting(_280(6.4.0):C200) Uninverting(_281(6.4.0):C200)))}
2017-06-08 08:05:44.113 INFO  (qtp761960786-22) [   ] o.a.s.s.HttpSolrCall [admin] webapp=null path=/admin/cores params={indexInfo=false&wt=json&_=1496909143594} status=0 QTime=1
2017-06-08 08:05:44.145 INFO  (qtp761960786-14) [   ] o.a.s.s.HttpSolrCall [admin] webapp=null path=/admin/info/system params={wt=json&_=1496909143598} status=0 QTime=33
2017-06-08 08:05:44.175 INFO  (qtp761960786-19) [   ] o.a.s.s.HttpSolrCall [admin] webapp=null path=/admin/info/system params={wt=json&_=1496909143598} status=0 QTime=19
2017-06-08 08:05:49.580 INFO  (qtp761960786-17) [   x:CZ4034] o.a.s.c.S.Request [CZ4034]  webapp=/solr path=/select params={q=*:*&fl=*,score&sort=time+desc&rows=100&wt=standard&version=2.2} hits=12000 status=0 QTime=122
2017-06-08 08:05:52.184 INFO  (qtp761960786-13) [   ] o.a.s.s.HttpSolrCall [admin] webapp=null path=/admin/cores params={indexInfo=false&wt=json&_=1496909143594} status=0 QTime=0
2017-06-08 08:05:52.209 INFO  (qtp761960786-16) [   ] o.a.s.s.HttpSolrCall [admin] webapp=null path=/admin/info/system params={wt=json&_=1496909143598} status=0 QTime=20
2017-06-08 08:05:52.212 INFO  (qtp761960786-20) [   x:CZ4034] o.a.s.c.S.Request [CZ4034]  webapp=/solr path=/admin/luke params={numTerms=0&show=index&wt=json&_=1496909152168} status=0 QTime=7
2017-06-08 08:05:52.230 INFO  (qtp761960786-15) [   x:CZ4034] o.a.s.c.S.Request [CZ4034]  webapp=/solr path=/admin/system params={wt=json&_=1496909152168} status=0 QTime=21
2017-06-08 08:05:52.237 INFO  (qtp761960786-14) [   x:CZ4034] o.a.s.c.S.Request [CZ4034]  webapp=/solr path=/admin/ping params={action=status&wt=json&_=1496909143598&ts=1496909143598} status=503 QTime=16
2017-06-08 08:05:52.267 INFO  (qtp761960786-20) [   x:CZ4034] o.a.s.c.S.Request [CZ4034]  webapp=/solr path=/replication params={wt=json&command=details&_=1496909152168} status=0 QTime=51
2017-06-08 08:05:55.435 INFO  (qtp761960786-21) [   ] o.a.s.s.HttpSolrCall [admin] webapp=null path=/admin/cores params={indexInfo=false&wt=json&_=1496909143594} status=0 QTime=0
2017-06-08 08:05:55.449 INFO  (qtp761960786-21) [   x:CZ4034] o.a.s.c.S.Request [CZ4034]  webapp=/solr path=/admin/luke params={show=schema&wt=json&_=1496909152168} status=0 QTime=7
2017-06-08 08:05:55.465 INFO  (qtp761960786-15) [   ] o.a.s.s.HttpSolrCall [admin] webapp=null path=/admin/info/system params={wt=json&_=1496909143598} status=0 QTime=27
2017-06-08 08:05:57.761 INFO  (qtp761960786-15) [   ] o.a.s.s.HttpSolrCall [admin] webapp=null path=/admin/cores params={indexInfo=false&wt=json&_=1496909143594} status=0 QTime=0
2017-06-08 08:05:57.779 INFO  (qtp761960786-21) [   x:CZ4034] o.a.s.c.S.Request [CZ4034]  webapp=/solr path=/admin/luke params={show=schema&wt=json&_=1496909152168} status=0 QTime=13
2017-06-08 08:05:57.820 INFO  (qtp761960786-14) [   ] o.a.s.s.HttpSolrCall [admin] webapp=null path=/admin/info/system params={wt=json&_=1496909143598} status=0 QTime=57
2017-06-08 08:05:57.903 INFO  (qtp761960786-15) [   x:CZ4034] o.a.s.c.S.Request [CZ4034]  webapp=/solr path=/config params={wt=json&_=1496909157731} status=0 QTime=134
2017-06-08 08:05:58.581 INFO  (qtp761960786-14) [   x:CZ4034] o.a.s.c.S.Request [CZ4034]  webapp=/solr path=/admin/luke params={numTerms=0&wt=json&_=1496909152168} status=0 QTime=304
2017-06-08 08:06:00.936 INFO  (qtp761960786-13) [   ] o.a.s.s.HttpSolrCall [admin] webapp=null path=/admin/cores params={indexInfo=false&wt=json&_=1496909143594} status=0 QTime=0
2017-06-08 08:06:00.940 INFO  (qtp761960786-21) [   x:CZ4034] o.a.s.c.S.Request [CZ4034]  webapp=/solr path=/config params={wt=json&_=1496909157731} status=0 QTime=0
2017-06-08 08:06:00.951 INFO  (qtp761960786-17) [   x:CZ4034] o.a.s.c.S.Request [CZ4034]  webapp=/solr path=/admin/luke params={show=schema&wt=json&_=1496909152168} status=0 QTime=5
2017-06-08 08:06:00.957 INFO  (qtp761960786-20) [   ] o.a.s.s.HttpSolrCall [admin] webapp=null path=/admin/info/system params={wt=json&_=1496909143598} status=0 QTime=17
2017-06-08 08:06:01.003 INFO  (qtp761960786-15) [   x:CZ4034] o.a.s.c.S.Request [CZ4034]  webapp=/solr path=/admin/luke params={numTerms=0&wt=json&_=1496909152168} status=0 QTime=5
2017-06-08 08:06:11.442 INFO  (qtp761960786-16) [   x:CZ4034] o.a.s.c.S.Request [CZ4034]  webapp=/solr path=/select params={q=category:Business&fl=*,score&sort=time+desc&rows=100&wt=standard&version=2.2} hits=676 status=0 QTime=105
2017-06-08 08:06:14.062 INFO  (qtp761960786-13) [   x:CZ4034] o.a.s.c.S.Request [CZ4034]  webapp=/solr path=/select params={q=category:Political&fl=*,score&sort=time+desc&rows=100&wt=standard&version=2.2} hits=6982 status=0 QTime=19
2017-06-08 08:06:17.343 INFO  (qtp761960786-14) [   x:CZ4034] o.a.s.c.S.Request [CZ4034]  webapp=/solr path=/select params={q=name:BBCWorld+AND+category:Political&fl=*,score&sort=time+desc&rows=100&wt=standard&version=2.2} hits=1429 status=0 QTime=74
2017-06-08 08:06:20.155 INFO  (qtp761960786-17) [   x:CZ4034] o.a.s.c.S.Request [CZ4034]  webapp=/solr path=/select params={q=name:CNN+AND+category:Political&fl=*,score&sort=time+desc&rows=100&wt=standard&version=2.2} hits=1589 status=0 QTime=18
2017-06-08 13:24:57.382 INFO  (ShutdownMonitor) [   ] o.a.s.c.CoreContainer Shutting down CoreContainer instance=1773283386
2017-06-08 13:24:57.412 INFO  (coreCloseExecutor-12-thread-1) [   x:CZ4034] o.a.s.c.SolrCore [CZ4034]  CLOSING SolrCore org.apache.solr.core.SolrCore@798f0fd1
2017-06-08 13:24:57.542 INFO  (coreCloseExecutor-12-thread-1) [   x:CZ4034] o.a.s.m.SolrMetricManager Closing metric reporters for: solr.core.CZ4034
2017-06-08 13:24:57.548 INFO  (ShutdownMonitor) [   ] o.a.s.m.SolrMetricManager Closing metric reporters for: solr.node
